{"@xmlns": "http://schemas.microsoft.com/win/2004/08/events/event", "System": {"Provider": {"@Name": "Microsoft-Windows-Sysmon", "@Guid": "{5770385F-C22A-43E0-BF4C-06F5698FFBD9}"}, "EventID": "1", "Version": "5", "Level": "4", "Task": "1", "Opcode": "0", "Keywords": "0x8000000000000000", "TimeCreated": {"@SystemTime": "2018-06-12T14:50:15.909391200Z"}, "EventRecordID": "122", "Correlation": null, "Execution": {"@ProcessID": "1668", "@ThreadID": "1080"}, "Channel": "Microsoft-Windows-Sysmon/Operational", "Computer": "cuckoo", "Security": {"@UserID": "S-1-5-18"}}, "EventData": {"Data": [{"@Name": "UtcTime", "#text": "2018-06-12 14:50:15.909"}, {"@Name": "ProcessGuid", "#text": "{13287959-DDA7-5B1F-0000-001067961200}"}, {"@Name": "ProcessId", "#text": "3972"}, {"@Name": "Image", "#text": "C:\\tmpqq7ozk\\bin\\is32bit.exe"}, {"@Name": "FileVersion", "#text": "?"}, {"@Name": "Description", "#text": "?"}, {"@Name": "Product", "#text": "?"}, {"@Name": "Company", "#text": "?"}, {"@Name": "CommandLine", "#text": "bin\\is32bit.exe -p 3932"}, {"@Name": "CurrentDirectory", "#text": "C:\\tmpqq7ozk\\"}, {"@Name": "User", "#text": "cuckoo\\cuckoo"}, {"@Name": "LogonGuid", "#text": "{13287959-C764-5B1A-0000-0020B4030100}"}, {"@Name": "LogonId", "#text": "0x103b4"}, {"@Name": "TerminalSessionId", "#text": "1"}, {"@Name": "IntegrityLevel", "#text": "High"}, {"@Name": "Hashes", "#text": "MD5=0E00F00AA9FC11D3707D1DBD4F8FD83A,SHA256=26C3C859AEB1B841C8BAC26F4589C48683B5D7571A8DF1E58A34A1CFC8F9AE1D"}, {"@Name": "ParentProcessGuid", "#text": "{13287959-C905-5B1A-0000-0010B04D1200}"}, {"@Name": "ParentProcessId", "#text": "4088"}, {"@Name": "ParentImage", "#text": "C:\\Python27\\python.exe"}, {"@Name": "ParentCommandLine", "#text": "C:\\Python27\\python.exe C:/tmpqq7ozk/analyzer.py"}]}}, {"@xmlns": "http://schemas.microsoft.com/win/2004/08/events/event", "System": {"Provider": {"@Name": "Microsoft-Windows-Sysmon", "@Guid": "{5770385F-C22A-43E0-BF4C-06F5698FFBD9}"}, "EventID": "1", "Version": "5", "Level": "4", "Task": "1", "Opcode": "0", "Keywords": "0x8000000000000000", "TimeCreated": {"@SystemTime": "2018-06-12T14:50:15.922764600Z"}, "EventRecordID": "123", "Correlation": null, "Execution": {"@ProcessID": "1668", "@ThreadID": "1080"}, "Channel": "Microsoft-Windows-Sysmon/Operational", "Computer": "cuckoo", "Security": {"@UserID": "S-1-5-18"}}, "EventData": {"Data": [{"@Name": "UtcTime", "#text": "2018-06-12 14:50:15.909"}, {"@Name": "ProcessGuid", "#text": "{13287959-DDA7-5B1F-0000-001047981200}"}, {"@Name": "ProcessId", "#text": "1924"}, {"@Name": "Image", "#text": "C:\\tmpqq7ozk\\bin\\inject-x86.exe"}, {"@Name": "FileVersion", "#text": "?"}, {"@Name": "Description", "#text": "?"}, {"@Name": "Product", "#text": "?"}, {"@Name": "Company", "#text": "?"}, {"@Name": "CommandLine", "#text": "bin\\inject-x86.exe --resume-thread --pid 3932 --tid 2612 --apc --dll C:\\tmpqq7ozk\\bin\\monitor-x86.dll --config c:\\users\\cuckoo\\appdata\\local\\temp\\tmpz1uihk"}, {"@Name": "CurrentDirectory", "#text": "C:\\tmpqq7ozk\\"}, {"@Name": "User", "#text": "cuckoo\\cuckoo"}, {"@Name": "LogonGuid", "#text": "{13287959-C764-5B1A-0000-0020B4030100}"}, {"@Name": "LogonId", "#text": "0x103b4"}, {"@Name": "TerminalSessionId", "#text": "1"}, {"@Name": "IntegrityLevel", "#text": "High"}, {"@Name": "Hashes", "#text": "MD5=00043F65143C385C5C045CEA56BE3FDA,SHA256=049125EE1DD33DCC36AC13B179AC8B32A18E87E07B3E9C494E4F78FA1C205EA3"}, {"@Name": "ParentProcessGuid", "#text": "{13287959-C905-5B1A-0000-0010B04D1200}"}, {"@Name": "ParentProcessId", "#text": "4088"}, {"@Name": "ParentImage", "#text": "C:\\Python27\\python.exe"}, {"@Name": "ParentCommandLine", "#text": "C:\\Python27\\python.exe C:/tmpqq7ozk/analyzer.py"}]}}, {"@xmlns": "http://schemas.microsoft.com/win/2004/08/events/event", "System": {"Provider": {"@Name": "Microsoft-Windows-Sysmon", "@Guid": "{5770385F-C22A-43E0-BF4C-06F5698FFBD9}"}, "EventID": "1", "Version": "5", "Level": "4", "Task": "1", "Opcode": "0", "Keywords": "0x8000000000000000", "TimeCreated": {"@SystemTime": "2018-06-12T14:51:06.266625000Z"}, "EventRecordID": "124", "Correlation": null, "Execution": {"@ProcessID": "1668", "@ThreadID": "1080"}, "Channel": "Microsoft-Windows-Sysmon/Operational", "Computer": "cuckoo", "Security": {"@UserID": "S-1-5-18"}}, "EventData": {"Data": [{"@Name": "UtcTime", "#text": "2018-06-12 14:51:06.219"}, {"@Name": "ProcessGuid", "#text": "{13287959-DDDA-5B1F-0000-0010D6C41200}"}, {"@Name": "ProcessId", "#text": "2688"}, {"@Name": "Image", "#text": "C:\\Windows\\System32\\rundll32.exe"}, {"@Name": "FileVersion", "#text": "6.1.7600.16385 (win7_rtm.090713-1255)"}, {"@Name": "Description", "#text": "Windows host process (Rundll32)"}, {"@Name": "Product", "#text": "Microsoft Windows Operating System"}, {"@Name": "Company", "#text": "Microsoft Corporation"}, {"@Name": "CommandLine", "#text": "C:\\Windows\\system32\\rundll32.exe dfdts.dll,DfdGetDefaultPolicyAndSMART"}, {"@Name": "CurrentDirectory", "#text": "C:\\Windows\\system32\\"}, {"@Name": "User", "#text": "NT AUTHORITY\\SYSTEM"}, {"@Name": "LogonGuid", "#text": "{13287959-C762-5B1A-0000-0020E7030000}"}, {"@Name": "LogonId", "#text": "0x3e7"}, {"@Name": "TerminalSessionId", "#text": "0"}, {"@Name": "IntegrityLevel", "#text": "System"}, {"@Name": "Hashes", "#text": "MD5=51138BEEA3E2C21EC44D0932C71762A8,SHA256=5AD3C37E6F2B9DB3EE8B5AEEDC474645DE90C66E3D95F8620C48102F1EBA4124"}, {"@Name": "ParentProcessGuid", "#text": "{13287959-C762-5B1A-0000-0010A6630000}"}, {"@Name": "ParentProcessId", "#text": "468"}, {"@Name": "ParentImage", "#text": "C:\\Windows\\System32\\services.exe"}, {"@Name": "ParentCommandLine", "#text": "C:\\Windows\\system32\\services.exe"}]}}, {"@xmlns": "http://schemas.microsoft.com/win/2004/08/events/event", "System": {"Provider": {"@Name": "Microsoft-Windows-Sysmon", "@Guid": "{5770385F-C22A-43E0-BF4C-06F5698FFBD9}"}, "EventID": "13", "Version": "2", "Level": "4", "Task": "13", "Opcode": "0", "Keywords": "0x8000000000000000", "TimeCreated": {"@SystemTime": "2018-06-12T14:51:08.204125000Z"}, "EventRecordID": "125", "Correlation": null, "Execution": {"@ProcessID": "1668", "@ThreadID": "1080"}, "Channel": "Microsoft-Windows-Sysmon/Operational", "Computer": "cuckoo", "Security": {"@UserID": "S-1-5-18"}}, "EventData": {"Data": [{"@Name": "EventType", "#text": "SetValue"}, {"@Name": "UtcTime", "#text": "2018-06-12 14:51:08.157"}, {"@Name": "ProcessGuid", "#text": "{13287959-C76C-5B1A-0000-00101A020300}"}, {"@Name": "ProcessId", "#text": "2400"}, {"@Name": "Image", "#text": "C:\\Program Files\\Windows Media Player\\wmpnetwk.exe"}, {"@Name": "TargetObject", "#text": "HKLM\\SOFTWARE\\Microsoft\\Windows Media Player NSS\\3.0\\Servers\\C9B64A61-7F3D-4E6D-B565-C1C11A376BA8\\FriendlyName"}, {"@Name": "Details", "#text": "CUCKOO: cuckoo:"}]}}, {"@xmlns": "http://schemas.microsoft.com/win/2004/08/events/event", "System": {"Provider": {"@Name": "Microsoft-Windows-Sysmon", "@Guid": "{5770385F-C22A-43E0-BF4C-06F5698FFBD9}"}, "EventID": "1", "Version": "5", "Level": "4", "Task": "1", "Opcode": "0", "Keywords": "0x8000000000000000", "TimeCreated": {"@SystemTime": "2018-06-12T14:51:12.938500000Z"}, "EventRecordID": "126", "Correlation": null, "Execution": {"@ProcessID": "1668", "@ThreadID": "1080"}, "Channel": "Microsoft-Windows-Sysmon/Operational", "Computer": "cuckoo", "Security": {"@UserID": "S-1-5-18"}}, "EventData": {"Data": [{"@Name": "UtcTime", "#text": "2018-06-12 14:51:12.844"}, {"@Name": "ProcessGuid", "#text": "{13287959-DDE0-5B1F-0000-00109EFC1200}"}, {"@Name": "ProcessId", "#text": "2724"}, {"@Name": "Image", "#text": "C:\\Windows\\System32\\slui.exe"}, {"@Name": "FileVersion", "#text": "6.1.7600.16385 (win7_rtm.090713-1255)"}, {"@Name": "Description", "#text": "Windows Activation Client"}, {"@Name": "Product", "#text": "Microsoft Windows Operating System"}, {"@Name": "Company", "#text": "Microsoft Corporation"}, {"@Name": "CommandLine", "#text": "C:\\Windows\\System32\\slui.exe -Embedding"}, {"@Name": "CurrentDirectory", "#text": "C:\\Windows\\system32\\"}, {"@Name": "User", "#text": "cuckoo\\cuckoo"}, {"@Name": "LogonGuid", "#text": "{13287959-C764-5B1A-0000-0020B4030100}"}, {"@Name": "LogonId", "#text": "0x103b4"}, {"@Name": "TerminalSessionId", "#text": "1"}, {"@Name": "IntegrityLevel", "#text": "High"}, {"@Name": "Hashes", "#text": "MD5=D861EB4D6719D6738270E6A376B87F18,SHA256=CB6FAAF9FFBC91A4F306A95D4472EE23715C91B06CE59394D6A5C23A4F4B9476"}, {"@Name": "ParentProcessGuid", "#text": "{13287959-C763-5B1A-0000-0010E07B0000}"}, {"@Name": "ParentProcessId", "#text": "600"}, {"@Name": "ParentImage", "#text": "C:\\Windows\\System32\\svchost.exe"}, {"@Name": "ParentCommandLine", "#text": "C:\\Windows\\system32\\svchost.exe -k DcomLaunch"}]}}, {"@xmlns": "http://schemas.microsoft.com/win/2004/08/events/event", "System": {"Provider": {"@Name": "Microsoft-Windows-Sysmon", "@Guid": "{5770385F-C22A-43E0-BF4C-06F5698FFBD9}"}, "EventID": "11", "Version": "2", "Level": "4", "Task": "11", "Opcode": "0", "Keywords": "0x8000000000000000", "TimeCreated": {"@SystemTime": "2018-06-12T14:51:14.141625000Z"}, "EventRecordID": "127", "Correlation": null, "Execution": {"@ProcessID": "1668", "@ThreadID": "1080"}, "Channel": "Microsoft-Windows-Sysmon/Operational", "Computer": "cuckoo", "Security": {"@UserID": "S-1-5-18"}}, "EventData": {"Data": [{"@Name": "UtcTime", "#text": "2018-06-12 14:51:14.141"}, {"@Name": "ProcessGuid", "#text": "{13287959-C763-5B1A-0000-001097D60000}"}, {"@Name": "ProcessId", "#text": "884"}, {"@Name": "Image", "#text": "C:\\Windows\\system32\\svchost.exe"}, {"@Name": "TargetFilename", "#text": "C:\\Windows\\System32\\Tasks\\Microsoft\\Windows Defender\\MP Scheduled Scan"}, {"@Name": "CreationUtcTime", "#text": "2009-07-14 04:42:30.134"}]}}, {"@xmlns": "http://schemas.microsoft.com/win/2004/08/events/event", "System": {"Provider": {"@Name": "Microsoft-Windows-Sysmon", "@Guid": "{5770385F-C22A-43E0-BF4C-06F5698FFBD9}"}, "EventID": "5", "Version": "3", "Level": "4", "Task": "5", "Opcode": "0", "Keywords": "0x8000000000000000", "TimeCreated": {"@SystemTime": "2018-06-12T14:51:56.844750000Z"}, "EventRecordID": "128", "Correlation": null, "Execution": {"@ProcessID": "1668", "@ThreadID": "1080"}, "Channel": "Microsoft-Windows-Sysmon/Operational", "Computer": "cuckoo", "Security": {"@UserID": "S-1-5-18"}}, "EventData": {"Data": [{"@Name": "UtcTime", "#text": "2018-06-12 14:51:56.813"}, {"@Name": "ProcessGuid", "#text": "{13287959-DDA7-5B1F-0000-0010D8951200}"}, {"@Name": "ProcessId", "#text": "3932"}, {"@Name": "Image", "#text": "C:\\Users\\cuckoo\\AppData\\Local\\Temp\\Sysmon.exe"}]}}]}}