{"@xmlns": "http://schemas.microsoft.com/win/2004/08/events/event", "System": {"Provider": {"@Name": "Microsoft-Windows-Sysmon", "@Guid": "{5770385F-C22A-43E0-BF4C-06F5698FFBD9}"}, "EventID": "1", "Version": "5", "Level": "4", "Task": "1", "Opcode": "0", "Keywords": "0x8000000000000000", "TimeCreated": {"@SystemTime": "2018-06-08T18:18:49.233844700Z"}, "EventRecordID": "89", "Correlation": null, "Execution": {"@ProcessID": "1668", "@ThreadID": "1080"}, "Channel": "Microsoft-Windows-Sysmon/Operational", "Computer": "cuckoo", "Security": {"@UserID": "S-1-5-18"}}, "EventData": {"Data": [{"@Name": "UtcTime", "#text": "2018-06-08 18:18:49.186"}, {"@Name": "ProcessGuid", "#text": "{13287959-C889-5B1A-0000-00101BB41000}"}, {"@Name": "ProcessId", "#text": "4080"}, {"@Name": "Image", "#text": "C:\\Python27\\python.exe"}, {"@Name": "FileVersion", "#text": "?"}, {"@Name": "Description", "#text": "?"}, {"@Name": "Product", "#text": "?"}, {"@Name": "Company", "#text": "?"}, {"@Name": "CommandLine", "#text": "python  agent.py"}, {"@Name": "CurrentDirectory", "#text": "C:\\Tools\\"}, {"@Name": "User", "#text": "cuckoo\\cuckoo"}, {"@Name": "LogonGuid", "#text": "{13287959-C764-5B1A-0000-0020B4030100}"}, {"@Name": "LogonId", "#text": "0x103b4"}, {"@Name": "TerminalSessionId", "#text": "1"}, {"@Name": "IntegrityLevel", "#text": "High"}, {"@Name": "Hashes", "#text": "MD5=116D1368A7FC6AB6B09BDE40E921A44E,SHA256=27FD603BFBFEBEB1074AC6335C6E030D086F5BFF685B03F377640150A1C90FC0"}, {"@Name": "ParentProcessGuid", "#text": "{13287959-C7F4-5B1A-0000-0010B4580500}"}, {"@Name": "ParentProcessId", "#text": "2424"}, {"@Name": "ParentImage", "#text": "C:\\Windows\\System32\\cmd.exe"}, {"@Name": "ParentCommandLine", "#text": "\"C:\\Windows\\system32\\cmd.exe\""}]}}, {"@xmlns": "http://schemas.microsoft.com/win/2004/08/events/event", "System": {"Provider": {"@Name": "Microsoft-Windows-Sysmon", "@Guid": "{5770385F-C22A-43E0-BF4C-06F5698FFBD9}"}, "EventID": "1", "Version": "5", "Level": "4", "Task": "1", "Opcode": "0", "Keywords": "0x8000000000000000", "TimeCreated": {"@SystemTime": "2018-06-08T18:19:07.577594700Z"}, "EventRecordID": "90", "Correlation": null, "Execution": {"@ProcessID": "1668", "@ThreadID": "1080"}, "Channel": "Microsoft-Windows-Sysmon/Operational", "Computer": "cuckoo", "Security": {"@UserID": "S-1-5-18"}}, "EventData": {"Data": [{"@Name": "UtcTime", "#text": "2018-06-08 18:19:07.526"}, {"@Name": "ProcessGuid", "#text": "{13287959-C89B-5B1A-0000-0010B4141100}"}, {"@Name": "ProcessId", "#text": "3040"}, {"@Name": "Image", "#text": "C:\\Windows\\System32\\rundll32.exe"}, {"@Name": "FileVersion", "#text": "6.1.7600.16385 (win7_rtm.090713-1255)"}, {"@Name": "Description", "#text": "Windows host process (Rundll32)"}, {"@Name": "Product", "#text": "Microsoft Windows Operating System"}, {"@Name": "Company", "#text": "Microsoft Corporation"}, {"@Name": "CommandLine", "#text": "C:\\Windows\\System32\\rundll32.exe shell32.dll,SHCreateLocalServerRunDll {995C996E-D918-4a8c-A302-45719A6F4EA7} -Embedding"}, {"@Name": "CurrentDirectory", "#text": "C:\\Windows\\system32\\"}, {"@Name": "User", "#text": "cuckoo\\cuckoo"}, {"@Name": "LogonGuid", "#text": "{13287959-C764-5B1A-0000-0020B4030100}"}, {"@Name": "LogonId", "#text": "0x103b4"}, {"@Name": "TerminalSessionId", "#text": "1"}, {"@Name": "IntegrityLevel", "#text": "High"}, {"@Name": "Hashes", "#text": "MD5=51138BEEA3E2C21EC44D0932C71762A8,SHA256=5AD3C37E6F2B9DB3EE8B5AEEDC474645DE90C66E3D95F8620C48102F1EBA4124"}, {"@Name": "ParentProcessGuid", "#text": "{13287959-C763-5B1A-0000-0010E07B0000}"}, {"@Name": "ParentProcessId", "#text": "600"}, {"@Name": "ParentImage", "#text": "C:\\Windows\\System32\\svchost.exe"}, {"@Name": "ParentCommandLine", "#text": "C:\\Windows\\system32\\svchost.exe -k DcomLaunch"}]}}, {"@xmlns": "http://schemas.microsoft.com/win/2004/08/events/event", "System": {"Provider": {"@Name": "Microsoft-Windows-Sysmon", "@Guid": "{5770385F-C22A-43E0-BF4C-06F5698FFBD9}"}, "EventID": "1", "Version": "5", "Level": "4", "Task": "1", "Opcode": "0", "Keywords": "0x8000000000000000", "TimeCreated": {"@SystemTime": "2018-06-08T18:20:24.650175100Z"}, "EventRecordID": "91", "Correlation": null, "Execution": {"@ProcessID": "1668", "@ThreadID": "1080"}, "Channel": "Microsoft-Windows-Sysmon/Operational", "Computer": "cuckoo", "Security": {"@UserID": "S-1-5-18"}}, "EventData": {"Data": [{"@Name": "UtcTime", "#text": "2018-06-08 18:20:24.622"}, {"@Name": "ProcessGuid", "#text": "{13287959-C8E8-5B1A-0000-001032481100}"}, {"@Name": "ProcessId", "#text": "1836"}, {"@Name": "Image", "#text": "C:\\Windows\\System32\\slui.exe"}, {"@Name": "FileVersion", "#text": "6.1.7600.16385 (win7_rtm.090713-1255)"}, {"@Name": "Description", "#text": "Windows Activation Client"}, {"@Name": "Product", "#text": "Microsoft Windows Operating System"}, {"@Name": "Company", "#text": "Microsoft Corporation"}, {"@Name": "CommandLine", "#text": "C:\\Windows\\System32\\slui.exe -Embedding"}, {"@Name": "CurrentDirectory", "#text": "C:\\Windows\\system32\\"}, {"@Name": "User", "#text": "cuckoo\\cuckoo"}, {"@Name": "LogonGuid", "#text": "{13287959-C764-5B1A-0000-0020B4030100}"}, {"@Name": "LogonId", "#text": "0x103b4"}, {"@Name": "TerminalSessionId", "#text": "1"}, {"@Name": "IntegrityLevel", "#text": "High"}, {"@Name": "Hashes", "#text": "MD5=D861EB4D6719D6738270E6A376B87F18,SHA256=CB6FAAF9FFBC91A4F306A95D4472EE23715C91B06CE59394D6A5C23A4F4B9476"}, {"@Name": "ParentProcessGuid", "#text": "{13287959-C763-5B1A-0000-0010E07B0000}"}, {"@Name": "ParentProcessId", "#text": "600"}, {"@Name": "ParentImage", "#text": "C:\\Windows\\System32\\svchost.exe"}, {"@Name": "ParentCommandLine", "#text": "C:\\Windows\\system32\\svchost.exe -k DcomLaunch"}]}}, {"@xmlns": "http://schemas.microsoft.com/win/2004/08/events/event", "System": {"Provider": {"@Name": "Microsoft-Windows-Sysmon", "@Guid": "{5770385F-C22A-43E0-BF4C-06F5698FFBD9}"}, "EventID": "13", "Version": "2", "Level": "4", "Task": "13", "Opcode": "0", "Keywords": "0x8000000000000000", "TimeCreated": {"@SystemTime": "2018-06-08T18:20:53.101931900Z"}, "EventRecordID": "92", "Correlation": null, "Execution": {"@ProcessID": "1668", "@ThreadID": "1080"}, "Channel": "Microsoft-Windows-Sysmon/Operational", "Computer": "cuckoo", "Security": {"@UserID": "S-1-5-18"}}, "EventData": {"Data": [{"@Name": "EventType", "#text": "SetValue"}, {"@Name": "UtcTime", "#text": "2018-06-08 18:20:53.101"}, {"@Name": "ProcessGuid", "#text": "{13287959-C763-5B1A-0000-0010E7F40000}"}, {"@Name": "ProcessId", "#text": "1060"}, {"@Name": "Image", "#text": "C:\\Windows\\system32\\svchost.exe"}, {"@Name": "TargetObject", "#text": "HKLM\\SOFTWARE\\Microsoft\\Windows NT\\CurrentVersion\\NetworkList\\Profiles\\{0EAF8633-7318-401A-9DAE-2C8761202F6D}\\DateLastConnected"}, {"@Name": "Details", "#text": "Binary Data"}]}}, {"@xmlns": "http://schemas.microsoft.com/win/2004/08/events/event", "System": {"Provider": {"@Name": "Microsoft-Windows-Sysmon", "@Guid": "{5770385F-C22A-43E0-BF4C-06F5698FFBD9}"}, "EventID": "13", "Version": "2", "Level": "4", "Task": "13", "Opcode": "0", "Keywords": "0x8000000000000000", "TimeCreated": {"@SystemTime": "2018-06-08T18:20:53.101931900Z"}, "EventRecordID": "93", "Correlation": null, "Execution": {"@ProcessID": "1668", "@ThreadID": "1080"}, "Channel": "Microsoft-Windows-Sysmon/Operational", "Computer": "cuckoo", "Security": {"@UserID": "S-1-5-18"}}, "EventData": {"Data": [{"@Name": "EventType", "#text": "SetValue"}, {"@Name": "UtcTime", "#text": "2018-06-08 18:20:53.101"}, {"@Name": "ProcessGuid", "#text": "{13287959-C763-5B1A-0000-0010E7F40000}"}, {"@Name": "ProcessId", "#text": "1060"}, {"@Name": "Image", "#text": "C:\\Windows\\system32\\svchost.exe"}, {"@Name": "TargetObject", "#text": "HKLM\\SOFTWARE\\Microsoft\\Windows NT\\CurrentVersion\\NetworkList\\Profiles\\{1DB787A3-999E-44BF-97E6-163034CB21E2}\\DateLastConnected"}, {"@Name": "Details", "#text": "Binary Data"}]}}, {"@xmlns": "http://schemas.microsoft.com/win/2004/08/events/event", "System": {"Provider": {"@Name": "Microsoft-Windows-Sysmon", "@Guid": "{5770385F-C22A-43E0-BF4C-06F5698FFBD9}"}, "EventID": "11", "Version": "2", "Level": "4", "Task": "11", "Opcode": "0", "Keywords": "0x8000000000000000", "TimeCreated": {"@SystemTime": "2018-06-08T18:20:53.596747700Z"}, "EventRecordID": "94", "Correlation": null, "Execution": {"@ProcessID": "1668", "@ThreadID": "1080"}, "Channel": "Microsoft-Windows-Sysmon/Operational", "Computer": "cuckoo", "Security": {"@UserID": "S-1-5-18"}}, "EventData": {"Data": [{"@Name": "UtcTime", "#text": "2018-06-08 18:20:53.570"}, {"@Name": "ProcessGuid", "#text": "{13287959-C889-5B1A-0000-00101BB41000}"}, {"@Name": "ProcessId", "#text": "4080"}, {"@Name": "Image", "#text": "C:\\Python27\\python.exe"}, {"@Name": "TargetFilename", "#text": "C:\\tmpqq7ozk\\bin\\execsc.exe"}, {"@Name": "CreationUtcTime", "#text": "2018-06-08 18:20:53.570"}]}}, {"@xmlns": "http://schemas.microsoft.com/win/2004/08/events/event", "System": {"Provider": {"@Name": "Microsoft-Windows-Sysmon", "@Guid": "{5770385F-C22A-43E0-BF4C-06F5698FFBD9}"}, "EventID": "11", "Version": "2", "Level": "4", "Task": "11", "Opcode": "0", "Keywords": "0x8000000000000000", "TimeCreated": {"@SystemTime": "2018-06-08T18:20:53.596747700Z"}, "EventRecordID": "95", "Correlation": null, "Execution": {"@ProcessID": "1668", "@ThreadID": "1080"}, "Channel": "Microsoft-Windows-Sysmon/Operational", "Computer": "cuckoo", "Security": {"@UserID": "S-1-5-18"}}, "EventData": {"Data": [{"@Name": "UtcTime", "#text": "2018-06-08 18:20:53.583"}, {"@Name": "ProcessGuid", "#text": "{13287959-C889-5B1A-0000-00101BB41000}"}, {"@Name": "ProcessId", "#text": "4080"}, {"@Name": "Image", "#text": "C:\\Python27\\python.exe"}, {"@Name": "TargetFilename", "#text": "C:\\tmpqq7ozk\\bin\\Sysmon.exe"}, {"@Name": "CreationUtcTime", "#text": "2018-06-08 18:20:53.583"}]}}, {"@xmlns": "http://schemas.microsoft.com/win/2004/08/events/event", "System": {"Provider": {"@Name": "Microsoft-Windows-Sysmon", "@Guid": "{5770385F-C22A-43E0-BF4C-06F5698FFBD9}"}, "EventID": "11", "Version": "2", "Level": "4", "Task": "11", "Opcode": "0", "Keywords": "0x8000000000000000", "TimeCreated": {"@SystemTime": "2018-06-08T18:20:53.596747700Z"}, "EventRecordID": "96", "Correlation": null, "Execution": {"@ProcessID": "1668", "@ThreadID": "1080"}, "Channel": "Microsoft-Windows-Sysmon/Operational", "Computer": "cuckoo", "Security": {"@UserID": "S-1-5-18"}}, "EventData": {"Data": [{"@Name": "UtcTime", "#text": "2018-06-08 18:20:53.583"}, {"@Name": "ProcessGuid", "#text": "{13287959-C889-5B1A-0000-00101BB41000}"}, {"@Name": "ProcessId", "#text": "4080"}, {"@Name": "Image", "#text": "C:\\Python27\\python.exe"}, {"@Name": "TargetFilename", "#text": "C:\\tmpqq7ozk\\bin\\Procmon.exe"}, {"@Name": "CreationUtcTime", "#text": "2018-06-08 18:20:53.583"}]}}, {"@xmlns": "http://schemas.microsoft.com/win/2004/08/events/event", "System": {"Provider": {"@Name": "Microsoft-Windows-Sysmon", "@Guid": "{5770385F-C22A-43E0-BF4C-06F5698FFBD9}"}, "EventID": "11", "Version": "2", "Level": "4", "Task": "11", "Opcode": "0", "Keywords": "0x8000000000000000", "TimeCreated": {"@SystemTime": "2018-06-08T18:20:53.623494500Z"}, "EventRecordID": "97", "Correlation": null, "Execution": {"@ProcessID": "1668", "@ThreadID": "1080"}, "Channel": "Microsoft-Windows-Sysmon/Operational", "Computer": "cuckoo", "Security": {"@UserID": "S-1-5-18"}}, "EventData": {"Data": [{"@Name": "UtcTime", "#text": "2018-06-08 18:20:53.610"}, {"@Name": "ProcessGuid", "#text": "{13287959-C889-5B1A-0000-00101BB41000}"}, {"@Name": "ProcessId", "#text": "4080"}, {"@Name": "Image", "#text": "C:\\Python27\\python.exe"}, {"@Name": "TargetFilename", "#text": "C:\\tmpqq7ozk\\bin\\inject-x64.exe"}, {"@Name": "CreationUtcTime", "#text": "2018-06-08 18:20:53.610"}]}}, {"@xmlns": "http://schemas.microsoft.com/win/2004/08/events/event", "System": {"Provider": {"@Name": "Microsoft-Windows-Sysmon", "@Guid": "{5770385F-C22A-43E0-BF4C-06F5698FFBD9}"}, "EventID": "11", "Version": "2", "Level": "4", "Task": "11", "Opcode": "0", "Keywords": "0x8000000000000000", "TimeCreated": {"@SystemTime": "2018-06-08T18:20:53.623494500Z"}, "EventRecordID": "98", "Correlation": null, "Execution": {"@ProcessID": "1668", "@ThreadID": "1080"}, "Channel": "Microsoft-Windows-Sysmon/Operational", "Computer": "cuckoo", "Security": {"@UserID": "S-1-5-18"}}, "EventData": {"Data": [{"@Name": "UtcTime", "#text": "2018-06-08 18:20:53.610"}, {"@Name": "ProcessGuid", "#text": "{13287959-C889-5B1A-0000-00101BB41000}"}, {"@Name": "ProcessId", "#text": "4080"}, {"@Name": "Image", "#text": "C:\\Python27\\python.exe"}, {"@Name": "TargetFilename", "#text": "C:\\tmpqq7ozk\\bin\\is32bit.exe"}, {"@Name": "CreationUtcTime", "#text": "2018-06-08 18:20:53.610"}]}}, {"@xmlns": "http://schemas.microsoft.com/win/2004/08/events/event", "System": {"Provider": {"@Name": "Microsoft-Windows-Sysmon", "@Guid": "{5770385F-C22A-43E0-BF4C-06F5698FFBD9}"}, "EventID": "11", "Version": "2", "Level": "4", "Task": "11", "Opcode": "0", "Keywords": "0x8000000000000000", "TimeCreated": {"@SystemTime": "2018-06-08T18:20:53.623494500Z"}, "EventRecordID": "99", "Correlation": null, "Execution": {"@ProcessID": "1668", "@ThreadID": "1080"}, "Channel": "Microsoft-Windows-Sysmon/Operational", "Computer": "cuckoo", "Security": {"@UserID": "S-1-5-18"}}, "EventData": {"Data": [{"@Name": "UtcTime", "#text": "2018-06-08 18:20:53.610"}, {"@Name": "ProcessGuid", "#text": "{13287959-C889-5B1A-0000-00101BB41000}"}, {"@Name": "ProcessId", "#text": "4080"}, {"@Name": "Image", "#text": "C:\\Python27\\python.exe"}, {"@Name": "TargetFilename", "#text": "C:\\tmpqq7ozk\\bin\\inject-x86.exe"}, {"@Name": "CreationUtcTime", "#text": "2018-06-08 18:20:53.610"}]}}, {"@xmlns": "http://schemas.microsoft.com/win/2004/08/events/event", "System": {"Provider": {"@Name": "Microsoft-Windows-Sysmon", "@Guid": "{5770385F-C22A-43E0-BF4C-06F5698FFBD9}"}, "EventID": "11", "Version": "2", "Level": "4", "Task": "11", "Opcode": "0", "Keywords": "0x8000000000000000", "TimeCreated": {"@SystemTime": "2018-06-08T18:20:53.703734900Z"}, "EventRecordID": "100", "Correlation": null, "Execution": {"@ProcessID": "1668", "@ThreadID": "1080"}, "Channel": "Microsoft-Windows-Sysmon/Operational", "Computer": "cuckoo", "Security": {"@UserID": "S-1-5-18"}}, "EventData": {"Data": [{"@Name": "UtcTime", "#text": "2018-06-08 18:20:53.676"}, {"@Name": "ProcessGuid", "#text": "{13287959-C889-5B1A-0000-00101BB41000}"}, {"@Name": "ProcessId", "#text": "4080"}, {"@Name": "Image", "#text": "C:\\Python27\\python.exe"}, {"@Name": "TargetFilename", "#text": "C:\\Users\\cuckoo\\AppData\\Local\\Temp\\Sysmon.exe"}, {"@Name": "CreationUtcTime", "#text": "2018-06-08 18:20:53.676"}]}}, {"@xmlns": "http://schemas.microsoft.com/win/2004/08/events/event", "System": {"Provider": {"@Name": "Microsoft-Windows-Sysmon", "@Guid": "{5770385F-C22A-43E0-BF4C-06F5698FFBD9}"}, "EventID": "1", "Version": "5", "Level": "4", "Task": "1", "Opcode": "0", "Keywords": "0x8000000000000000", "TimeCreated": {"@SystemTime": "2018-06-08T18:20:53.743855100Z"}, "EventRecordID": "101", "Correlation": null, "Execution": {"@ProcessID": "1668", "@ThreadID": "1080"}, "Channel": "Microsoft-Windows-Sysmon/Operational", "Computer": "cuckoo", "Security": {"@UserID": "S-1-5-18"}}, "EventData": {"Data": [{"@Name": "UtcTime", "#text": "2018-06-08 18:20:53.690"}, {"@Name": "ProcessGuid", "#text": "{13287959-C905-5B1A-0000-0010B04D1200}"}, {"@Name": "ProcessId", "#text": "4088"}, {"@Name": "Image", "#text": "C:\\Python27\\python.exe"}, {"@Name": "FileVersion", "#text": "?"}, {"@Name": "Description", "#text": "?"}, {"@Name": "Product", "#text": "?"}, {"@Name": "Company", "#text": "?"}, {"@Name": "CommandLine", "#text": "C:\\Python27\\python.exe C:/tmpqq7ozk/analyzer.py"}, {"@Name": "CurrentDirectory", "#text": "C:\\tmpqq7ozk\\"}, {"@Name": "User", "#text": "cuckoo\\cuckoo"}, {"@Name": "LogonGuid", "#text": "{13287959-C764-5B1A-0000-0020B4030100}"}, {"@Name": "LogonId", "#text": "0x103b4"}, {"@Name": "TerminalSessionId", "#text": "1"}, {"@Name": "IntegrityLevel", "#text": "High"}, {"@Name": "Hashes", "#text": "MD5=116D1368A7FC6AB6B09BDE40E921A44E,SHA256=27FD603BFBFEBEB1074AC6335C6E030D086F5BFF685B03F377640150A1C90FC0"}, {"@Name": "ParentProcessGuid", "#text": "{13287959-C889-5B1A-0000-00101BB41000}"}, {"@Name": "ParentProcessId", "#text": "4080"}, {"@Name": "ParentImage", "#text": "C:\\Python27\\python.exe"}, {"@Name": "ParentCommandLine", "#text": "python  agent.py"}]}}, {"@xmlns": "http://schemas.microsoft.com/win/2004/08/events/event", "System": {"Provider": {"@Name": "Microsoft-Windows-Sysmon", "@Guid": "{5770385F-C22A-43E0-BF4C-06F5698FFBD9}"}, "EventID": "1", "Version": "5", "Level": "4", "Task": "1", "Opcode": "0", "Keywords": "0x8000000000000000", "TimeCreated": {"@SystemTime": "2018-06-12T14:50:15.013373400Z"}, "EventRecordID": "102", "Correlation": null, "Execution": {"@ProcessID": "1668", "@ThreadID": "1080"}, "Channel": "Microsoft-Windows-Sysmon/Operational", "Computer": "cuckoo", "Security": {"@UserID": "S-1-5-18"}}, "EventData": {"Data": [{"@Name": "UtcTime", "#text": "2018-06-12 14:50:15.000"}, {"@Name": "ProcessGuid", "#text": "{13287959-DDA7-5B1F-0000-0010475E1200}"}, {"@Name": "ProcessId", "#text": "3696"}, {"@Name": "Image", "#text": "C:\\Windows\\System32\\taskhost.exe"}, {"@Name": "FileVersion", "#text": "6.1.7600.16385 (win7_rtm.090713-1255)"}, {"@Name": "Description", "#text": "Host Process for Windows Tasks"}, {"@Name": "Product", "#text": "Microsoft Windows Operating System"}, {"@Name": "Company", "#text": "Microsoft Corporation"}, {"@Name": "CommandLine", "#text": "taskhost.exe SYSTEM"}, {"@Name": "CurrentDirectory", "#text": "C:\\Windows\\system32\\"}, {"@Name": "User", "#text": "NT AUTHORITY\\SYSTEM"}, {"@Name": "LogonGuid", "#text": "{13287959-C762-5B1A-0000-0020E7030000}"}, {"@Name": "LogonId", "#text": "0x3e7"}, {"@Name": "TerminalSessionId", "#text": "0"}, {"@Name": "IntegrityLevel", "#text": "System"}, {"@Name": "Hashes", "#text": "MD5=7FA8BA5A780E4757964AC9D4238302B9,SHA256=65E3D8CE737896647065103FBB4D58E6A34171D0A48662A832CFDAC3CF469701"}, {"@Name": "ParentProcessGuid", "#text": "{13287959-C762-5B1A-0000-0010A6630000}"}, {"@Name": "ParentProcessId", "#text": "468"}, {"@Name": "ParentImage", "#text": "C:\\Windows\\System32\\services.exe"}, {"@Name": "ParentCommandLine", "#text": "C:\\Windows\\system32\\services.exe"}]}}, {"@xmlns": "http://schemas.microsoft.com/win/2004/08/events/event", "System": {"Provider": {"@Name": "Microsoft-Windows-Sysmon", "@Guid": "{5770385F-C22A-43E0-BF4C-06F5698FFBD9}"}, "EventID": "1", "Version": "5", "Level": "4", "Task": "1", "Opcode": "0", "Keywords": "0x8000000000000000", "TimeCreated": {"@SystemTime": "2018-06-12T14:50:15.040120200Z"}, "EventRecordID": "103", "Correlation": null, "Execution": {"@ProcessID": "1668", "@ThreadID": "1080"}, "Channel": "Microsoft-Windows-Sysmon/Operational", "Computer": "cuckoo", "Security": {"@UserID": "S-1-5-18"}}, "EventData": {"Data": [{"@Name": "UtcTime", "#text": "2018-06-12 14:50:15.000"}, {"@Name": "ProcessGuid", "#text": "{13287959-DDA7-5B1F-0000-0010345E1200}"}, {"@Name": "ProcessId", "#text": "1364"}, {"@Name": "Image", "#text": "C:\\Windows\\System32\\wsqmcons.exe"}, {"@Name": "FileVersion", "#text": "6.1.7600.16385 (win7_rtm.090713-1255)"}, {"@Name": "Description", "#text": "Windows SQM Consolidator"}, {"@Name": "Product", "#text": "Microsoft Windows Operating System"}, {"@Name": "Company", "#text": "Microsoft Corporation"}, {"@Name": "CommandLine", "#text": "C:\\Windows\\System32\\wsqmcons.exe"}, {"@Name": "CurrentDirectory", "#text": "C:\\Windows\\system32\\"}, {"@Name": "User", "#text": "NT AUTHORITY\\SYSTEM"}, {"@Name": "LogonGuid", "#text": "{13287959-C762-5B1A-0000-0020E7030000}"}, {"@Name": "LogonId", "#text": "0x3e7"}, {"@Name": "TerminalSessionId", "#text": "0"}, {"@Name": "IntegrityLevel", "#text": "System"}, {"@Name": "Hashes", "#text": "MD5=22DE9DFF5565B00F230EAC0C635DAEB7,SHA256=45F48A7B9E6BA40D5E943B05912E000F6264B5707C0E70AE8140C84F745B7D1C"}, {"@Name": "ParentProcessGuid", "#text": "{13287959-C762-5B1A-0000-0010A6630000}"}, {"@Name": "ParentProcessId", "#text": "468"}, {"@Name": "ParentImage", "#text": "C:\\Windows\\System32\\services.exe"}, {"@Name": "ParentCommandLine", "#text": "C:\\Windows\\system32\\services.exe"}]}}, {"@xmlns": "http://schemas.microsoft.com/win/2004/08/events/event", "System": {"Provider": {"@Name": "Microsoft-Windows-Sysmon", "@Guid": "{5770385F-C22A-43E0-BF4C-06F5698FFBD9}"}, "EventID": "1", "Version": "5", "Level": "4", "Task": "1", "Opcode": "0", "Keywords": "0x8000000000000000", "TimeCreated": {"@SystemTime": "2018-06-12T14:50:15.066867000Z"}, "EventRecordID": "104", "Correlation": null, "Execution": {"@ProcessID": "1668", "@ThreadID": "1080"}, "Channel": "Microsoft-Windows-Sysmon/Operational", "Computer": "cuckoo", "Security": {"@UserID": "S-1-5-18"}}, "EventData": {"Data": [{"@Name": "UtcTime", "#text": "2018-06-12 14:50:15.013"}, {"@Name": "ProcessGuid", "#text": "{13287959-DDA7-5B1F-0000-001031601200}"}, {"@Name": "ProcessId", "#text": "2044"}, {"@Name": "Image", "#text": "C:\\Windows\\System32\\sc.exe"}, {"@Name": "FileVersion", "#text": "6.1.7600.16385 (win7_rtm.090713-1255)"}, {"@Name": "Description", "#text": "A tool to aid in developing services for WindowsNT"}, {"@Name": "Product", "#text": "Microsoft Windows Operating System"}, {"@Name": "Company", "#text": "Microsoft Corporation"}, {"@Name": "CommandLine", "#text": "C:\\Windows\\system32\\sc.exe start w32time task_started"}, {"@Name": "CurrentDirectory", "#text": "C:\\Windows\\system32\\"}, {"@Name": "User", "#text": "NT AUTHORITY\\LOCAL SERVICE"}, {"@Name": "LogonGuid", "#text": "{13287959-C763-5B1A-0000-0020E5030000}"}, {"@Name": "LogonId", "#text": "0x3e5"}, {"@Name": "TerminalSessionId", "#text": "0"}, {"@Name": "IntegrityLevel", "#text": "System"}, {"@Name": "Hashes", "#text": "MD5=D2F7A0ADC2EE0F65AB1F19D2E00C16B8,SHA256=1C2EC0BB83D2AD3F53B0706C46A2604F81F2FC2AFDCF43BE5914CC8F509DD48C"}, {"@Name": "ParentProcessGuid", "#text": "{13287959-C762-5B1A-0000-0010A6630000}"}, {"@Name": "ParentProcessId", "#text": "468"}, {"@Name": "ParentImage", "#text": "C:\\Windows\\System32\\services.exe"}, {"@Name": "ParentCommandLine", "#text": "C:\\Windows\\system32\\services.exe"}]}}, {"@xmlns": "http://schemas.microsoft.com/win/2004/08/events/event", "System": {"Provider": {"@Name": "Microsoft-Windows-Sysmon", "@Guid": "{5770385F-C22A-43E0-BF4C-06F5698FFBD9}"}, "EventID": "1", "Version": "5", "Level": "4", "Task": "1", "Opcode": "0", "Keywords": "0x8000000000000000", "TimeCreated": {"@SystemTime": "2018-06-12T14:50:15.080240400Z"}, "EventRecordID": "105", "Correlation": null, "Execution": {"@ProcessID": "1668", "@ThreadID": "1080"}, "Channel": "Microsoft-Windows-Sysmon/Operational", "Computer": "cuckoo", "Security": {"@UserID": "S-1-5-18"}}, "EventData": {"Data": [{"@Name": "UtcTime", "#text": "2018-06-12 14:50:15.013"}, {"@Name": "ProcessGuid", "#text": "{13287959-DDA7-5B1F-0000-001021601200}"}, {"@Name": "ProcessId", "#text": "3652"}, {"@Name": "Image", "#text": "C:\\Windows\\System32\\sdclt.exe"}, {"@Name": "FileVersion", "#text": "6.1.7600.16385 (win7_rtm.090713-1255)"}, {"@Name": "Description", "#text": "Microsoft Windows Backup"}, {"@Name": "Product", "#text": "Microsoft Windows Operating System"}, {"@Name": "Company", "#text": "Microsoft Corporation"}, {"@Name": "CommandLine", "#text": "C:\\Windows\\System32\\sdclt.exe /CONFIGNOTIFICATION"}, {"@Name": "CurrentDirectory", "#text": "C:\\Windows\\system32\\"}, {"@Name": "User", "#text": "NT AUTHORITY\\LOCAL SERVICE"}, {"@Name": "LogonGuid", "#text": "{13287959-C763-5B1A-0000-0020E5030000}"}, {"@Name": "LogonId", "#text": "0x3e5"}, {"@Name": "TerminalSessionId", "#text": "0"}, {"@Name": "IntegrityLevel", "#text": "System"}, {"@Name": "Hashes", "#text": "MD5=5EFDBEAECD69E250E5BA4A2950203CD4,SHA256=F66CEDB142FB711B9A9E57EFF498DF0BBCA16419EE089AB35529FAE4E6A19E7E"}, {"@Name": "ParentProcessGuid", "#text": "{13287959-C762-5B1A-0000-0010A6630000}"}, {"@Name": "ParentProcessId", "#text": "468"}, {"@Name": "ParentImage", "#text": "C:\\Windows\\System32\\services.exe"}, {"@Name": "ParentCommandLine", "#text": "C:\\Windows\\system32\\services.exe"}]}}, {"@xmlns": "http://schemas.microsoft.com/win/2004/08/events/event", "System": {"Provider": {"@Name": "Microsoft-Windows-Sysmon", "@Guid": "{5770385F-C22A-43E0-BF4C-06F5698FFBD9}"}, "EventID": "1", "Version": "5", "Level": "4", "Task": "1", "Opcode": "0", "Keywords": "0x8000000000000000", "TimeCreated": {"@SystemTime": "2018-06-12T14:50:15.374455200Z"}, "EventRecordID": "106", "Correlation": null, "Execution": {"@ProcessID": "1668", "@ThreadID": "1080"}, "Channel": "Microsoft-Windows-Sysmon/Operational", "Computer": "cuckoo", "Security": {"@UserID": "S-1-5-18"}}, "EventData": {"Data": [{"@Name": "UtcTime", "#text": "2018-06-12 14:50:15.361"}, {"@Name": "ProcessGuid", "#text": "{13287959-DDA7-5B1F-0000-001007711200}"}, {"@Name": "ProcessId", "#text": "3340"}, {"@Name": "Image", "#text": "C:\\tmpqq7ozk\\bin\\is32bit.exe"}, {"@Name": "FileVersion", "#text": "?"}, {"@Name": "Description", "#text": "?"}, {"@Name": "Product", "#text": "?"}, {"@Name": "Company", "#text": "?"}, {"@Name": "CommandLine", "#text": "bin\\is32bit.exe -n lsass.exe"}, {"@Name": "CurrentDirectory", "#text": "C:\\tmpqq7ozk\\"}, {"@Name": "User", "#text": "cuckoo\\cuckoo"}, {"@Name": "LogonGuid", "#text": "{13287959-C764-5B1A-0000-0020B4030100}"}, {"@Name": "LogonId", "#text": "0x103b4"}, {"@Name": "TerminalSessionId", "#text": "1"}, {"@Name": "IntegrityLevel", "#text": "High"}, {"@Name": "Hashes", "#text": "MD5=0E00F00AA9FC11D3707D1DBD4F8FD83A,SHA256=26C3C859AEB1B841C8BAC26F4589C48683B5D7571A8DF1E58A34A1CFC8F9AE1D"}, {"@Name": "ParentProcessGuid", "#text": "{13287959-C905-5B1A-0000-0010B04D1200}"}, {"@Name": "ParentProcessId", "#text": "4088"}, {"@Name": "ParentImage", "#text": "C:\\Python27\\python.exe"}, {"@Name": "ParentCommandLine", "#text": "C:\\Python27\\python.exe C:/tmpqq7ozk/analyzer.py"}]}}, {"@xmlns": "http://schemas.microsoft.com/win/2004/08/events/event", "System": {"Provider": {"@Name": "Microsoft-Windows-Sysmon", "@Guid": "{5770385F-C22A-43E0-BF4C-06F5698FFBD9}"}, "EventID": "1", "Version": "5", "Level": "4", "Task": "1", "Opcode": "0", "Keywords": "0x8000000000000000", "TimeCreated": {"@SystemTime": "2018-06-12T14:50:15.414575400Z"}, "EventRecordID": "107", "Correlation": null, "Execution": {"@ProcessID": "1668", "@ThreadID": "1080"}, "Channel": "Microsoft-Windows-Sysmon/Operational", "Computer": "cuckoo", "Security": {"@UserID": "S-1-5-18"}}, "EventData": {"Data": [{"@Name": "UtcTime", "#text": "2018-06-12 14:50:15.401"}, {"@Name": "ProcessGuid", "#text": "{13287959-DDA7-5B1F-0000-001050771200}"}, {"@Name": "ProcessId", "#text": "3824"}, {"@Name": "Image", "#text": "C:\\tmpqq7ozk\\bin\\inject-x86.exe"}, {"@Name": "FileVersion", "#text": "?"}, {"@Name": "Description", "#text": "?"}, {"@Name": "Product", "#text": "?"}, {"@Name": "Company", "#text": "?"}, {"@Name": "CommandLine", "#text": "bin\\inject-x86.exe --dll C:\\tmpqq7ozk\\bin\\monitor-x86.dll --config c:\\users\\cuckoo\\appdata\\local\\temp\\tmporip6h --process-name lsass.exe --crt"}, {"@Name": "CurrentDirectory", "#text": "C:\\tmpqq7ozk\\"}, {"@Name": "User", "#text": "cuckoo\\cuckoo"}, {"@Name": "LogonGuid", "#text": "{13287959-C764-5B1A-0000-0020B4030100}"}, {"@Name": "LogonId", "#text": "0x103b4"}, {"@Name": "TerminalSessionId", "#text": "1"}, {"@Name": "IntegrityLevel", "#text": "High"}, {"@Name": "Hashes", "#text": "MD5=00043F65143C385C5C045CEA56BE3FDA,SHA256=049125EE1DD33DCC36AC13B179AC8B32A18E87E07B3E9C494E4F78FA1C205EA3"}, {"@Name": "ParentProcessGuid", "#text": "{13287959-C905-5B1A-0000-0010B04D1200}"}, {"@Name": "ParentProcessId", "#text": "4088"}, {"@Name": "ParentImage", "#text": "C:\\Python27\\python.exe"}, {"@Name": "ParentCommandLine", "#text": "C:\\Python27\\python.exe C:/tmpqq7ozk/analyzer.py"}]}}, {"@xmlns": "http://schemas.microsoft.com/win/2004/08/events/event", "System": {"Provider": {"@Name": "Microsoft-Windows-Sysmon", "@Guid": "{5770385F-C22A-43E0-BF4C-06F5698FFBD9}"}, "EventID": "8", "Version": "2", "Level": "4", "Task": "8", "Opcode": "0", "Keywords": "0x8000000000000000", "TimeCreated": {"@SystemTime": "2018-06-12T14:50:15.427948800Z"}, "EventRecordID": "108", "Correlation": null, "Execution": {"@ProcessID": "1668", "@ThreadID": "1080"}, "Channel": "Microsoft-Windows-Sysmon/Operational", "Computer": "cuckoo", "Security": {"@UserID": "S-1-5-18"}}, "EventData": {"Data": [{"@Name": "UtcTime", "#text": "2018-06-12 14:50:15.427"}, {"@Name": "SourceProcessGuid", "#text": "{13287959-DDA7-5B1F-0000-001050771200}"}, {"@Name": "SourceProcessId", "#text": "3824"}, {"@Name": "SourceImage", "#text": "C:\\tmpqq7ozk\\bin\\inject-x86.exe"}, {"@Name": "TargetProcessGuid", "#text": "{13287959-C762-5B1A-0000-0010F3640000}"}, {"@Name": "TargetProcessId", "#text": "484"}, {"@Name": "TargetImage", "#text": "C:\\Windows\\System32\\lsass.exe"}, {"@Name": "NewThreadId", "#text": "3852"}, {"@Name": "StartAddress", "#text": "0x000B0000"}, {"@Name": "StartModule"}, {"@Name": "StartFunction"}]}}, {"@xmlns": "http://schemas.microsoft.com/win/2004/08/events/event", "System": {"Provider": {"@Name": "Microsoft-Windows-Sysmon", "@Guid": "{5770385F-C22A-43E0-BF4C-06F5698FFBD9}"}, "EventID": "8", "Version": "2", "Level": "4", "Task": "8", "Opcode": "0", "Keywords": "0x8000000000000000", "TimeCreated": {"@SystemTime": "2018-06-12T14:50:15.427948800Z"}, "EventRecordID": "109", "Correlation": null, "Execution": {"@ProcessID": "1668", "@ThreadID": "1080"}, "Channel": "Microsoft-Windows-Sysmon/Operational", "Computer": "cuckoo", "Security": {"@UserID": "S-1-5-18"}}, "EventData": {"Data": [{"@Name": "UtcTime", "#text": "2018-06-12 14:50:15.427"}, {"@Name": "SourceProcessGuid", "#text": "{13287959-DDA7-5B1F-0000-001050771200}"}, {"@Name": "SourceProcessId", "#text": "3824"}, {"@Name": "SourceImage", "#text": "C:\\tmpqq7ozk\\bin\\inject-x86.exe"}, {"@Name": "TargetProcessGuid", "#text": "{13287959-C762-5B1A-0000-0010F3640000}"}, {"@Name": "TargetProcessId", "#text": "484"}, {"@Name": "TargetImage", "#text": "C:\\Windows\\System32\\lsass.exe"}, {"@Name": "NewThreadId", "#text": "3708"}, {"@Name": "StartAddress", "#text": "0x000B0000"}, {"@Name": "StartModule"}, {"@Name": "StartFunction"}]}}, {"@xmlns": "http://schemas.microsoft.com/win/2004/08/events/event", "System": {"Provider": {"@Name": "Microsoft-Windows-Sysmon", "@Guid": "{5770385F-C22A-43E0-BF4C-06F5698FFBD9}"}, "EventID": "1", "Version": "5", "Level": "4", "Task": "1", "Opcode": "0", "Keywords": "0x8000000000000000", "TimeCreated": {"@SystemTime": "2018-06-12T14:50:15.441322200Z"}, "EventRecordID": "110", "Correlation": null, "Execution": {"@ProcessID": "1668", "@ThreadID": "1080"}, "Channel": "Microsoft-Windows-Sysmon/Operational", "Computer": "cuckoo", "Security": {"@UserID": "S-1-5-18"}}, "EventData": {"Data": [{"@Name": "UtcTime", "#text": "2018-06-12 14:50:15.441"}, {"@Name": "ProcessGuid", "#text": "{13287959-DDA7-5B1F-0000-0010ED7A1200}"}, {"@Name": "ProcessId", "#text": "3116"}, {"@Name": "Image", "#text": "C:\\Windows\\System32\\schtasks.exe"}, {"@Name": "FileVersion", "#text": "6.1.7600.16385 (win7_rtm.090713-1255)"}, {"@Name": "Description", "#text": "Manages scheduled tasks"}, {"@Name": "Product", "#text": "Microsoft Windows Operating System"}, {"@Name": "Company", "#text": "Microsoft Corporation"}, {"@Name": "CommandLine", "#text": "C:\\Windows\\system32\\schtasks.exe /delete /f /TN \"Microsoft\\Windows\\Customer Experience Improvement Program\\Uploader\""}, {"@Name": "CurrentDirectory", "#text": "C:\\Windows\\system32\\"}, {"@Name": "User", "#text": "NT AUTHORITY\\SYSTEM"}, {"@Name": "LogonGuid", "#text": "{13287959-C762-5B1A-0000-0020E7030000}"}, {"@Name": "LogonId", "#text": "0x3e7"}, {"@Name": "TerminalSessionId", "#text": "0"}, {"@Name": "IntegrityLevel", "#text": "System"}, {"@Name": "Hashes", "#text": "MD5=2003E9B15E1C502B146DAD2E383AC1E3,SHA256=15018D0093BEFABBA8B927743191030D1F8C17BB97FDB48C2FC3EAB20E2D4B3D"}, {"@Name": "ParentProcessGuid", "#text": "{13287959-DDA7-5B1F-0000-0010345E1200}"}, {"@Name": "ParentProcessId", "#text": "1364"}, {"@Name": "ParentImage", "#text": "C:\\Windows\\System32\\wsqmcons.exe"}, {"@Name": "ParentCommandLine", "#text": "C:\\Windows\\System32\\wsqmcons.exe"}]}}, {"@xmlns": "http://schemas.microsoft.com/win/2004/08/events/event", "System": {"Provider": {"@Name": "Microsoft-Windows-Sysmon", "@Guid": "{5770385F-C22A-43E0-BF4C-06F5698FFBD9}"}, "EventID": "1", "Version": "5", "Level": "4", "Task": "1", "Opcode": "0", "Keywords": "0x8000000000000000", "TimeCreated": {"@SystemTime": "2018-06-12T14:50:15.521562600Z"}, "EventRecordID": "111", "Correlation": null, "Execution": {"@ProcessID": "1668", "@ThreadID": "1080"}, "Channel": "Microsoft-Windows-Sysmon/Operational", "Computer": "cuckoo", "Security": {"@UserID": "S-1-5-18"}}, "EventData": {"Data": [{"@Name": "UtcTime", "#text": "2018-06-12 14:50:15.521"}, {"@Name": "ProcessGuid", "#text": "{13287959-DDA7-5B1F-0000-0010B0811200}"}, {"@Name": "ProcessId", "#text": "2948"}, {"@Name": "Image", "#text": "C:\\Windows\\System32\\taskhost.exe"}, {"@Name": "FileVersion", "#text": "6.1.7600.16385 (win7_rtm.090713-1255)"}, {"@Name": "Description", "#text": "Host Process for Windows Tasks"}, {"@Name": "Product", "#text": "Microsoft Windows Operating System"}, {"@Name": "Company", "#text": "Microsoft Corporation"}, {"@Name": "CommandLine", "#text": "taskhost.exe SYSTEM"}, {"@Name": "CurrentDirectory", "#text": "C:\\Windows\\system32\\"}, {"@Name": "User", "#text": "NT AUTHORITY\\LOCAL SERVICE"}, {"@Name": "LogonGuid", "#text": "{13287959-C763-5B1A-0000-0020E5030000}"}, {"@Name": "LogonId", "#text": "0x3e5"}, {"@Name": "TerminalSessionId", "#text": "0"}, {"@Name": "IntegrityLevel", "#text": "System"}, {"@Name": "Hashes", "#text": "MD5=7FA8BA5A780E4757964AC9D4238302B9,SHA256=65E3D8CE737896647065103FBB4D58E6A34171D0A48662A832CFDAC3CF469701"}, {"@Name": "ParentProcessGuid", "#text": "{13287959-C762-5B1A-0000-0010A6630000}"}, {"@Name": "ParentProcessId", "#text": "468"}, {"@Name": "ParentImage", "#text": "C:\\Windows\\System32\\services.exe"}, {"@Name": "ParentCommandLine", "#text": "C:\\Windows\\system32\\services.exe"}]}}, {"@xmlns": "http://schemas.microsoft.com/win/2004/08/events/event", "System": {"Provider": {"@Name": "Microsoft-Windows-Sysmon", "@Guid": "{5770385F-C22A-43E0-BF4C-06F5698FFBD9}"}, "EventID": "11", "Version": "2", "Level": "4", "Task": "11", "Opcode": "0", "Keywords": "0x8000000000000000", "TimeCreated": {"@SystemTime": "2018-06-12T14:50:15.534936000Z"}, "EventRecordID": "112", "Correlation": null, "Execution": {"@ProcessID": "1668", "@ThreadID": "1080"}, "Channel": "Microsoft-Windows-Sysmon/Operational", "Computer": "cuckoo", "Security": {"@UserID": "S-1-5-18"}}, "EventData": {"Data": [{"@Name": "UtcTime", "#text": "2018-06-12 14:50:15.534"}, {"@Name": "ProcessGuid", "#text": "{13287959-C905-5B1A-0000-0010B04D1200}"}, {"@Name": "ProcessId", "#text": "4088"}, {"@Name": "Image", "#text": "C:\\Python27\\python.exe"}, {"@Name": "TargetFilename", "#text": "C:\\Users\\cuckoo\\Documents\\RkFLiTiSJb.ppt"}, {"@Name": "CreationUtcTime", "#text": "2018-06-12 14:50:15.534"}]}}, {"@xmlns": "http://schemas.microsoft.com/win/2004/08/events/event", "System": {"Provider": {"@Name": "Microsoft-Windows-Sysmon", "@Guid": "{5770385F-C22A-43E0-BF4C-06F5698FFBD9}"}, "EventID": "12", "Version": "2", "Level": "4", "Task": "12", "Opcode": "0", "Keywords": "0x8000000000000000", "TimeCreated": {"@SystemTime": "2018-06-12T14:50:15.548309400Z"}, "EventRecordID": "113", "Correlation": null, "Execution": {"@ProcessID": "1668", "@ThreadID": "1080"}, "Channel": "Microsoft-Windows-Sysmon/Operational", "Computer": "cuckoo", "Security": {"@UserID": "S-1-5-18"}}, "EventData": {"Data": [{"@Name": "EventType", "#text": "CreateKey"}, {"@Name": "UtcTime", "#text": "2018-06-12 14:50:15.534"}, {"@Name": "ProcessGuid", "#text": "{13287959-C764-5B1A-0000-0010E8200100}"}, {"@Name": "ProcessId", "#text": "1384"}, {"@Name": "Image", "#text": "C:\\Windows\\Explorer.EXE"}, {"@Name": "TargetObject", "#text": "HKU\\S-1-5-21-1295059519-2062926601-2140688579-1001\\Software\\Microsoft\\Windows\\CurrentVersion\\Explorer\\FileExts\\."}]}}, {"@xmlns": "http://schemas.microsoft.com/win/2004/08/events/event", "System": {"Provider": {"@Name": "Microsoft-Windows-Sysmon", "@Guid": "{5770385F-C22A-43E0-BF4C-06F5698FFBD9}"}, "EventID": "11", "Version": "2", "Level": "4", "Task": "11", "Opcode": "0", "Keywords": "0x8000000000000000", "TimeCreated": {"@SystemTime": "2018-06-12T14:50:15.548309400Z"}, "EventRecordID": "114", "Correlation": null, "Execution": {"@ProcessID": "1668", "@ThreadID": "1080"}, "Channel": "Microsoft-Windows-Sysmon/Operational", "Computer": "cuckoo", "Security": {"@UserID": "S-1-5-18"}}, "EventData": {"Data": [{"@Name": "UtcTime", "#text": "2018-06-12 14:50:15.548"}, {"@Name": "ProcessGuid", "#text": "{13287959-C905-5B1A-0000-0010B04D1200}"}, {"@Name": "ProcessId", "#text": "4088"}, {"@Name": "Image", "#text": "C:\\Python27\\python.exe"}, {"@Name": "TargetFilename", "#text": "C:\\Users\\cuckoo\\Documents\\MnspJLAMUOJSVl.ppt"}, {"@Name": "CreationUtcTime", "#text": "2018-06-12 14:50:15.548"}]}}, {"@xmlns": "http://schemas.microsoft.com/win/2004/08/events/event", "System": {"Provider": {"@Name": "Microsoft-Windows-Sysmon", "@Guid": "{5770385F-C22A-43E0-BF4C-06F5698FFBD9}"}, "EventID": "11", "Version": "2", "Level": "4", "Task": "11", "Opcode": "0", "Keywords": "0x8000000000000000", "TimeCreated": {"@SystemTime": "2018-06-12T14:50:15.548309400Z"}, "EventRecordID": "115", "Correlation": null, "Execution": {"@ProcessID": "1668", "@ThreadID": "1080"}, "Channel": "Microsoft-Windows-Sysmon/Operational", "Computer": "cuckoo", "Security": {"@UserID": "S-1-5-18"}}, "EventData": {"Data": [{"@Name": "UtcTime", "#text": "2018-06-12 14:50:15.548"}, {"@Name": "ProcessGuid", "#text": "{13287959-C905-5B1A-0000-0010B04D1200}"}, {"@Name": "ProcessId", "#text": "4088"}, {"@Name": "Image", "#text": "C:\\Python27\\python.exe"}, {"@Name": "TargetFilename", "#text": "C:\\Users\\cuckoo\\Documents\\ptTJXJrOntrklvf.docm"}, {"@Name": "CreationUtcTime", "#text": "2018-06-12 14:50:15.548"}]}}, {"@xmlns": "http://schemas.microsoft.com/win/2004/08/events/event", "System": {"Provider": {"@Name": "Microsoft-Windows-Sysmon", "@Guid": "{5770385F-C22A-43E0-BF4C-06F5698FFBD9}"}, "EventID": "1", "Version": "5", "Level": "4", "Task": "1", "Opcode": "0", "Keywords": "0x8000000000000000", "TimeCreated": {"@SystemTime": "2018-06-12T14:50:15.615176400Z"}, "EventRecordID": "116", "Correlation": null, "Execution": {"@ProcessID": "1668", "@ThreadID": "1080"}, "Channel": "Microsoft-Windows-Sysmon/Operational", "Computer": "cuckoo", "Security": {"@UserID": "S-1-5-18"}}, "EventData": {"Data": [{"@Name": "UtcTime", "#text": "2018-06-12 14:50:15.615"}, {"@Name": "ProcessGuid", "#text": "{13287959-DDA7-5B1F-0000-00102F891200}"}, {"@Name": "ProcessId", "#text": "4024"}, {"@Name": "Image", "#text": "C:\\Windows\\System32\\taskhost.exe"}, {"@Name": "FileVersion", "#text": "6.1.7600.16385 (win7_rtm.090713-1255)"}, {"@Name": "Description", "#text": "Host Process for Windows Tasks"}, {"@Name": "Product", "#text": "Microsoft Windows Operating System"}, {"@Name": "Company", "#text": "Microsoft Corporation"}, {"@Name": "CommandLine", "#text": "taskhost.exe $(Arg0)"}, {"@Name": "CurrentDirectory", "#text": "C:\\Windows\\system32\\"}, {"@Name": "User", "#text": "NT AUTHORITY\\LOCAL SERVICE"}, {"@Name": "LogonGuid", "#text": "{13287959-C763-5B1A-0000-0020E5030000}"}, {"@Name": "LogonId", "#text": "0x3e5"}, {"@Name": "TerminalSessionId", "#text": "0"}, {"@Name": "IntegrityLevel", "#text": "System"}, {"@Name": "Hashes", "#text": "MD5=7FA8BA5A780E4757964AC9D4238302B9,SHA256=65E3D8CE737896647065103FBB4D58E6A34171D0A48662A832CFDAC3CF469701"}, {"@Name": "ParentProcessGuid", "#text": "{13287959-C762-5B1A-0000-0010A6630000}"}, {"@Name": "ParentProcessId", "#text": "468"}, {"@Name": "ParentImage", "#text": "C:\\Windows\\System32\\services.exe"}, {"@Name": "ParentCommandLine", "#text": "C:\\Windows\\system32\\services.exe"}]}}, {"@xmlns": "http://schemas.microsoft.com/win/2004/08/events/event", "System": {"Provider": {"@Name": "Microsoft-Windows-Sysmon", "@Guid": "{5770385F-C22A-43E0-BF4C-06F5698FFBD9}"}, "EventID": "11", "Version": "2", "Level": "4", "Task": "11", "Opcode": "0", "Keywords": "0x8000000000000000", "TimeCreated": {"@SystemTime": "2018-06-12T14:50:15.802404000Z"}, "EventRecordID": "117", "Correlation": null, "Execution": {"@ProcessID": "1668", "@ThreadID": "1080"}, "Channel": "Microsoft-Windows-Sysmon/Operational", "Computer": "cuckoo", "Security": {"@UserID": "S-1-5-18"}}, "EventData": {"Data": [{"@Name": "UtcTime", "#text": "2018-06-12 14:50:15.775"}, {"@Name": "ProcessGuid", "#text": "{13287959-C905-5B1A-0000-0010B04D1200}"}, {"@Name": "ProcessId", "#text": "4088"}, {"@Name": "Image", "#text": "C:\\Python27\\python.exe"}, {"@Name": "TargetFilename", "#text": "C:\\Users\\cuckoo\\Documents\\edTIoHUswWhndXeG.docm"}, {"@Name": "CreationUtcTime", "#text": "2018-06-12 14:50:15.775"}]}}, {"@xmlns": "http://schemas.microsoft.com/win/2004/08/events/event", "System": {"Provider": {"@Name": "Microsoft-Windows-Sysmon", "@Guid": "{5770385F-C22A-43E0-BF4C-06F5698FFBD9}"}, "EventID": "1", "Version": "5", "Level": "4", "Task": "1", "Opcode": "0", "Keywords": "0x8000000000000000", "TimeCreated": {"@SystemTime": "2018-06-12T14:50:15.869271000Z"}, "EventRecordID": "118", "Correlation": null, "Execution": {"@ProcessID": "1668", "@ThreadID": "1080"}, "Channel": "Microsoft-Windows-Sysmon/Operational", "Computer": "cuckoo", "Security": {"@UserID": "S-1-5-18"}}, "EventData": {"Data": [{"@Name": "UtcTime", "#text": "2018-06-12 14:50:15.815"}, {"@Name": "ProcessGuid", "#text": "{13287959-DDA7-5B1F-0000-00108F921200}"}, {"@Name": "ProcessId", "#text": "3996"}, {"@Name": "Image", "#text": "C:\\tmpqq7ozk\\bin\\Sysmon.exe"}, {"@Name": "FileVersion", "#text": "7.03"}, {"@Name": "Description", "#text": "System activity monitor"}, {"@Name": "Product", "#text": "Sysinternals Sysmon"}, {"@Name": "Company", "#text": "Sysinternals - www.sysinternals.com"}, {"@Name": "CommandLine", "#text": "C:\\tmpqq7ozk\\bin\\Sysmon.exe -accepteula -i C:\\tmpqq7ozk\\bin\\sysmonconfig-export.xml"}, {"@Name": "CurrentDirectory", "#text": "C:\\tmpqq7ozk\\"}, {"@Name": "User", "#text": "cuckoo\\cuckoo"}, {"@Name": "LogonGuid", "#text": "{13287959-C764-5B1A-0000-0020B4030100}"}, {"@Name": "LogonId", "#text": "0x103b4"}, {"@Name": "TerminalSessionId", "#text": "1"}, {"@Name": "IntegrityLevel", "#text": "High"}, {"@Name": "Hashes", "#text": "MD5=28A7E71FA953C64B96C099BE0AAD9AC9,SHA256=F89085ED3079ADF8364F5B7E08C705389469F94699942B0A684BBDD590FDBB69"}, {"@Name": "ParentProcessGuid", "#text": "{13287959-C905-5B1A-0000-0010B04D1200}"}, {"@Name": "ParentProcessId", "#text": "4088"}, {"@Name": "ParentImage", "#text": "C:\\Python27\\python.exe"}, {"@Name": "ParentCommandLine", "#text": "C:\\Python27\\python.exe C:/tmpqq7ozk/analyzer.py"}]}}, {"@xmlns": "http://schemas.microsoft.com/win/2004/08/events/event", "System": {"Provider": {"@Name": "Microsoft-Windows-Sysmon", "@Guid": "{5770385F-C22A-43E0-BF4C-06F5698FFBD9}"}, "EventID": "1", "Version": "5", "Level": "4", "Task": "1", "Opcode": "0", "Keywords": "0x8000000000000000", "TimeCreated": {"@SystemTime": "2018-06-12T14:50:15.869271000Z"}, "EventRecordID": "119", "Correlation": null, "Execution": {"@ProcessID": "1668", "@ThreadID": "1080"}, "Channel": "Microsoft-Windows-Sysmon/Operational", "Computer": "cuckoo", "Security": {"@UserID": "S-1-5-18"}}, "EventData": {"Data": [{"@Name": "UtcTime", "#text": "2018-06-12 14:50:15.842"}, {"@Name": "ProcessGuid", "#text": "{13287959-DDA7-5B1F-0000-0010D2921200}"}, {"@Name": "ProcessId", "#text": "3980"}, {"@Name": "Image", "#text": "C:\\tmpqq7ozk\\bin\\is32bit.exe"}, {"@Name": "FileVersion", "#text": "?"}, {"@Name": "Description", "#text": "?"}, {"@Name": "Product", "#text": "?"}, {"@Name": "Company", "#text": "?"}, {"@Name": "CommandLine", "#text": "bin\\is32bit.exe -f C:\\Users\\cuckoo\\AppData\\Local\\Temp\\Sysmon.exe"}, {"@Name": "CurrentDirectory", "#text": "C:\\tmpqq7ozk\\"}, {"@Name": "User", "#text": "cuckoo\\cuckoo"}, {"@Name": "LogonGuid", "#text": "{13287959-C764-5B1A-0000-0020B4030100}"}, {"@Name": "LogonId", "#text": "0x103b4"}, {"@Name": "TerminalSessionId", "#text": "1"}, {"@Name": "IntegrityLevel", "#text": "High"}, {"@Name": "Hashes", "#text": "MD5=0E00F00AA9FC11D3707D1DBD4F8FD83A,SHA256=26C3C859AEB1B841C8BAC26F4589C48683B5D7571A8DF1E58A34A1CFC8F9AE1D"}, {"@Name": "ParentProcessGuid", "#text": "{13287959-C905-5B1A-0000-0010B04D1200}"}, {"@Name": "ParentProcessId", "#text": "4088"}, {"@Name": "ParentImage", "#text": "C:\\Python27\\python.exe"}, {"@Name": "ParentCommandLine", "#text": "C:\\Python27\\python.exe C:/tmpqq7ozk/analyzer.py"}]}}, {"@xmlns": "http://schemas.microsoft.com/win/2004/08/events/event", "System": {"Provider": {"@Name": "Microsoft-Windows-Sysmon", "@Guid": "{5770385F-C22A-43E0-BF4C-06F5698FFBD9}"}, "EventID": "1", "Version": "5", "Level": "4", "Task": "1", "Opcode": "0", "Keywords": "0x8000000000000000", "TimeCreated": {"@SystemTime": "2018-06-12T14:50:15.882644400Z"}, "EventRecordID": "120", "Correlation": null, "Execution": {"@ProcessID": "1668", "@ThreadID": "1080"}, "Channel": "Microsoft-Windows-Sysmon/Operational", "Computer": "cuckoo", "Security": {"@UserID": "S-1-5-18"}}, "EventData": {"Data": [{"@Name": "UtcTime", "#text": "2018-06-12 14:50:15.869"}, {"@Name": "ProcessGuid", "#text": "{13287959-DDA7-5B1F-0000-0010F2941200}"}, {"@Name": "ProcessId", "#text": "4040"}, {"@Name": "Image", "#text": "C:\\tmpqq7ozk\\bin\\inject-x86.exe"}, {"@Name": "FileVersion", "#text": "?"}, {"@Name": "Description", "#text": "?"}, {"@Name": "Product", "#text": "?"}, {"@Name": "Company", "#text": "?"}, {"@Name": "CommandLine", "#text": "bin\\inject-x86.exe --app C:\\Users\\cuckoo\\AppData\\Local\\Temp\\Sysmon.exe --only-start --curdir C:\\Users\\cuckoo\\AppData\\Local\\Temp"}, {"@Name": "CurrentDirectory", "#text": "C:\\tmpqq7ozk\\"}, {"@Name": "User", "#text": "cuckoo\\cuckoo"}, {"@Name": "LogonGuid", "#text": "{13287959-C764-5B1A-0000-0020B4030100}"}, {"@Name": "LogonId", "#text": "0x103b4"}, {"@Name": "TerminalSessionId", "#text": "1"}, {"@Name": "IntegrityLevel", "#text": "High"}, {"@Name": "Hashes", "#text": "MD5=00043F65143C385C5C045CEA56BE3FDA,SHA256=049125EE1DD33DCC36AC13B179AC8B32A18E87E07B3E9C494E4F78FA1C205EA3"}, {"@Name": "ParentProcessGuid", "#text": "{13287959-C905-5B1A-0000-0010B04D1200}"}, {"@Name": "ParentProcessId", "#text": "4088"}, {"@Name": "ParentImage", "#text": "C:\\Python27\\python.exe"}, {"@Name": "ParentCommandLine", "#text": "C:\\Python27\\python.exe C:/tmpqq7ozk/analyzer.py"}]}}, {"@xmlns": "http://schemas.microsoft.com/win/2004/08/events/event", "System": {"Provider": {"@Name": "Microsoft-Windows-Sysmon", "@Guid": "{5770385F-C22A-43E0-BF4C-06F5698FFBD9}"}, "EventID": "1", "Version": "5", "Level": "4", "Task": "1", "Opcode": "0", "Keywords": "0x8000000000000000", "TimeCreated": {"@SystemTime": "2018-06-12T14:50:15.909391200Z"}, "EventRecordID": "121", "Correlation": null, "Execution": {"@ProcessID": "1668", "@ThreadID": "1080"}, "Channel": "Microsoft-Windows-Sysmon/Operational", "Computer": "cuckoo", "Security": {"@UserID": "S-1-5-18"}}, "EventData": {"Data": [{"@Name": "UtcTime", "#text": "2018-06-12 14:50:15.882"}, {"@Name": "ProcessGuid", "#text": "{13287959-DDA7-5B1F-0000-0010D8951200}"}, {"@Name": "ProcessId", "#text": "3932"}, {"@Name": "Image", "#text": "C:\\Users\\cuckoo\\AppData\\Local\\Temp\\Sysmon.exe"}, {"@Name": "FileVersion", "#text": "7.03"}, {"@Name": "Description", "#text": "System activity monitor"}, {"@Name": "Product", "#text": "Sysinternals Sysmon"}, {"@Name": "Company", "#text": "Sysinternals - www.sysinternals.com"}, {"@Name": "CommandLine", "#text": "\"C:\\Users\\cuckoo\\AppData\\Local\\Temp\\Sysmon.exe\""}, {"@Name": "CurrentDirectory", "#text": "C:\\Users\\cuckoo\\AppData\\Local\\Temp\\"}, {"@Name": "User", "#text": "cuckoo\\cuckoo"}, {"@Name": "LogonGuid", "#text": "{13287959-C764-5B1A-0000-0020B4030100}"}, {"@Name": "LogonId", "#text": "0x103b4"}, {"@Name": "TerminalSessionId", "#text": "1"}, {"@Name": "IntegrityLevel", "#text": "High"}, {"@Name": "Hashes", "#text": "MD5=28A7E71FA953C64B96C099BE0AAD9AC9,SHA256=F89085ED3079ADF8364F5B7E08C705389469F94699942B0A684BBDD590FDBB69"}, {"@Name": "ParentProcessGuid", "#text": "{13287959-DDA7-5B1F-0000-0010F2941200}"}, {"@Name": "ParentProcessId", "#text": "4040"}, {"@Name": "ParentImage", "#text": "C:\\tmpqq7ozk\\bin\\inject-x86.exe"}, {"@Name": "ParentCommandLine", "#text": "bin\\inject-x86.exe --app C:\\Users\\cuckoo\\AppData\\Local\\Temp\\Sysmon.exe --only-start --curdir C:\\Users\\cuckoo\\AppData\\Local\\Temp"}]}}, 