{"@xmlns": "http://schemas.microsoft.com/win/2004/08/events/event", "System": {"Provider": {"@Name": "Microsoft-Windows-Sysmon", "@Guid": "{5770385F-C22A-43E0-BF4C-06F5698FFBD9}"}, "EventID": "1", "Version": "5", "Level": "4", "Task": "1", "Opcode": "0", "Keywords": "0x8000000000000000", "TimeCreated": {"@SystemTime": "2018-06-07T16:16:08.941462800Z"}, "EventRecordID": "29", "Correlation": null, "Execution": {"@ProcessID": "1684", "@ThreadID": "792"}, "Channel": "Microsoft-Windows-Sysmon/Operational", "Computer": "cuckoo", "Security": {"@UserID": "S-1-5-18"}}, "EventData": {"Data": [{"@Name": "UtcTime", "#text": "2018-06-07 16:16:04.546"}, {"@Name": "ProcessGuid", "#text": "{13287959-5A44-5B19-0000-0010D77C0100}"}, {"@Name": "ProcessId", "#text": "1772"}, {"@Name": "Image", "#text": "C:\\Windows\\System32\\VBoxTray.exe"}, {"@Name": "FileVersion", "#text": "5.1.34.121010"}, {"@Name": "Description", "#text": "VirtualBox Guest Additions Tray Application"}, {"@Name": "Product", "#text": "Oracle VM VirtualBox Guest Additions"}, {"@Name": "Company", "#text": "Oracle Corporation"}, {"@Name": "CommandLine", "#text": "\"C:\\Windows\\System32\\VBoxTray.exe\""}, {"@Name": "CurrentDirectory", "#text": "C:\\Windows\\system32\\"}, {"@Name": "User", "#text": "cuckoo\\cuckoo"}, {"@Name": "LogonGuid", "#text": "{13287959-5A43-5B19-0000-0020F0FF0000}"}, {"@Name": "LogonId", "#text": "0xfff0"}, {"@Name": "TerminalSessionId", "#text": "1"}, {"@Name": "IntegrityLevel", "#text": "High"}, {"@Name": "Hashes", "#text": "MD5=6FFCE6774A42240D2A2F4CE670B49E72,SHA256=9A5DD6A951DBB28AA8DEB1DC664984D2E599E8AF795B2EE7FDB02C9A7EDF9919"}, {"@Name": "ParentProcessGuid", "#text": "{13287959-5A43-5B19-0000-0010661E0100}"}, {"@Name": "ParentProcessId", "#text": "1360"}, {"@Name": "ParentImage", "#text": "C:\\Windows\\explorer.exe"}, {"@Name": "ParentCommandLine", "#text": "C:\\Windows\\Explorer.EXE"}]}}, {"@xmlns": "http://schemas.microsoft.com/win/2004/08/events/event", "System": {"Provider": {"@Name": "Microsoft-Windows-Sysmon", "@Guid": "{5770385F-C22A-43E0-BF4C-06F5698FFBD9}"}, "EventID": "1", "Version": "5", "Level": "4", "Task": "1", "Opcode": "0", "Keywords": "0x8000000000000000", "TimeCreated": {"@SystemTime": "2018-06-07T16:16:08.945759600Z"}, "EventRecordID": "30", "Correlation": null, "Execution": {"@ProcessID": "1684", "@ThreadID": "792"}, "Channel": "Microsoft-Windows-Sysmon/Operational", "Computer": "cuckoo", "Security": {"@UserID": "S-1-5-18"}}, "EventData": {"Data": [{"@Name": "UtcTime", "#text": "2018-06-07 16:16:04.684"}, {"@Name": "ProcessGuid", "#text": "{13287959-5A44-5B19-0000-00105D8E0100}"}, {"@Name": "ProcessId", "#text": "1784"}, {"@Name": "Image", "#text": "C:\\Python27\\python.exe"}, {"@Name": "FileVersion", "#text": "?"}, {"@Name": "Description", "#text": "?"}, {"@Name": "Product", "#text": "?"}, {"@Name": "Company", "#text": "?"}, {"@Name": "CommandLine", "#text": "\"C:\\Python27\\python.exe\" \"C:\\Users\\cuckoo\\AppData\\Roaming\\Microsoft\\Windows\\Start Menu\\Programs\\Startup\\agent.py\""}, {"@Name": "CurrentDirectory", "#text": "C:\\Windows\\system32\\"}, {"@Name": "User", "#text": "cuckoo\\cuckoo"}, {"@Name": "LogonGuid", "#text": "{13287959-5A43-5B19-0000-0020F0FF0000}"}, {"@Name": "LogonId", "#text": "0xfff0"}, {"@Name": "TerminalSessionId", "#text": "1"}, {"@Name": "IntegrityLevel", "#text": "High"}, {"@Name": "Hashes", "#text": "MD5=116D1368A7FC6AB6B09BDE40E921A44E,SHA256=27FD603BFBFEBEB1074AC6335C6E030D086F5BFF685B03F377640150A1C90FC0"}, {"@Name": "ParentProcessGuid", "#text": "{13287959-5A43-5B19-0000-0010661E0100}"}, {"@Name": "ParentProcessId", "#text": "1360"}, {"@Name": "ParentImage", "#text": "C:\\Windows\\explorer.exe"}, {"@Name": "ParentCommandLine", "#text": "C:\\Windows\\Explorer.EXE"}]}}, {"@xmlns": "http://schemas.microsoft.com/win/2004/08/events/event", "System": {"Provider": {"@Name": "Microsoft-Windows-Sysmon", "@Guid": "{5770385F-C22A-43E0-BF4C-06F5698FFBD9}"}, "EventID": "1", "Version": "5", "Level": "4", "Task": "1", "Opcode": "0", "Keywords": "0x8000000000000000", "TimeCreated": {"@SystemTime": "2018-06-07T16:16:08.948982200Z"}, "EventRecordID": "31", "Correlation": null, "Execution": {"@ProcessID": "1684", "@ThreadID": "792"}, "Channel": "Microsoft-Windows-Sysmon/Operational", "Computer": "cuckoo", "Security": {"@UserID": "S-1-5-18"}}, "EventData": {"Data": [{"@Name": "UtcTime", "#text": "2018-06-07 16:16:04.323"}, {"@Name": "ProcessGuid", "#text": "{13287959-5A44-5B19-0000-0010B6520100}"}, {"@Name": "ProcessId", "#text": "1684"}, {"@Name": "Image", "#text": "C:\\Windows\\Sysmon.exe"}, {"@Name": "FileVersion", "#text": "7.03"}, {"@Name": "Description", "#text": "System activity monitor"}, {"@Name": "Product", "#text": "Sysinternals Sysmon"}, {"@Name": "Company", "#text": "Sysinternals - www.sysinternals.com"}, {"@Name": "CommandLine", "#text": "C:\\Windows\\Sysmon.exe"}, {"@Name": "CurrentDirectory", "#text": "C:\\Windows\\system32\\"}, {"@Name": "User", "#text": "NT AUTHORITY\\SYSTEM"}, {"@Name": "LogonGuid", "#text": "{13287959-5A42-5B19-0000-0020E7030000}"}, {"@Name": "LogonId", "#text": "0x3e7"}, {"@Name": "TerminalSessionId", "#text": "0"}, {"@Name": "IntegrityLevel", "#text": "System"}, {"@Name": "Hashes", "#text": "MD5=28A7E71FA953C64B96C099BE0AAD9AC9,SHA256=F89085ED3079ADF8364F5B7E08C705389469F94699942B0A684BBDD590FDBB69"}, {"@Name": "ParentProcessGuid", "#text": "{13287959-5A42-5B19-0000-00104E630000}"}, {"@Name": "ParentProcessId", "#text": "468"}, {"@Name": "ParentImage", "#text": "C:\\Windows\\System32\\services.exe"}, {"@Name": "ParentCommandLine", "#text": "C:\\Windows\\system32\\services.exe"}]}}, {"@xmlns": "http://schemas.microsoft.com/win/2004/08/events/event", "System": {"Provider": {"@Name": "Microsoft-Windows-Sysmon", "@Guid": "{5770385F-C22A-43E0-BF4C-06F5698FFBD9}"}, "EventID": "1", "Version": "5", "Level": "4", "Task": "1", "Opcode": "0", "Keywords": "0x8000000000000000", "TimeCreated": {"@SystemTime": "2018-06-07T16:16:09.033844000Z"}, "EventRecordID": "32", "Correlation": null, "Execution": {"@ProcessID": "1684", "@ThreadID": "792"}, "Channel": "Microsoft-Windows-Sysmon/Operational", "Computer": "cuckoo", "Security": {"@UserID": "S-1-5-18"}}, "EventData": {"Data": [{"@Name": "UtcTime", "#text": "2018-06-07 16:16:06.233"}, {"@Name": "ProcessGuid", "#text": "{13287959-5A46-5B19-0000-0010FFE70100}"}, {"@Name": "ProcessId", "#text": "372"}, {"@Name": "Image", "#text": "C:\\Windows\\System32\\wbem\\unsecapp.exe"}, {"@Name": "FileVersion", "#text": "6.1.7600.16385 (win7_rtm.090713-1255)"}, {"@Name": "Description", "#text": "Sink to receive asynchronous callbacks for WMI client application"}, {"@Name": "Product", "#text": "Microsoft Windows Operating System"}, {"@Name": "Company", "#text": "Microsoft Corporation"}, {"@Name": "CommandLine", "#text": "C:\\Windows\\system32\\wbem\\unsecapp.exe -Embedding"}, {"@Name": "CurrentDirectory", "#text": "C:\\Windows\\system32\\"}, {"@Name": "User", "#text": "NT AUTHORITY\\SYSTEM"}, {"@Name": "LogonGuid", "#text": "{13287959-5A42-5B19-0000-0020E7030000}"}, {"@Name": "LogonId", "#text": "0x3e7"}, {"@Name": "TerminalSessionId", "#text": "0"}, {"@Name": "IntegrityLevel", "#text": "System"}, {"@Name": "Hashes", "#text": "MD5=B042D6B383FEC85D73D09DB92F807713,SHA256=861E3DD5FBD6CCCCD0E3EA6187D13F3E4BC42FAA171043238B46717FD24165A6"}, {"@Name": "ParentProcessGuid", "#text": "{13287959-5A42-5B19-0000-00108A7B0000}"}, {"@Name": "ParentProcessId", "#text": "600"}, {"@Name": "ParentImage", "#text": "C:\\Windows\\System32\\svchost.exe"}, {"@Name": "ParentCommandLine", "#text": "C:\\Windows\\system32\\svchost.exe -k DcomLaunch"}]}}, {"@xmlns": "http://schemas.microsoft.com/win/2004/08/events/event", "System": {"Provider": {"@Name": "Microsoft-Windows-Sysmon", "@Guid": "{5770385F-C22A-43E0-BF4C-06F5698FFBD9}"}, "EventID": "1", "Version": "5", "Level": "4", "Task": "1", "Opcode": "0", "Keywords": "0x8000000000000000", "TimeCreated": {"@SystemTime": "2018-06-07T16:16:09.469969200Z"}, "EventRecordID": "33", "Correlation": null, "Execution": {"@ProcessID": "1684", "@ThreadID": "792"}, "Channel": "Microsoft-Windows-Sysmon/Operational", "Computer": "cuckoo", "Security": {"@UserID": "S-1-5-18"}}, "EventData": {"Data": [{"@Name": "UtcTime", "#text": "2018-06-07 16:16:08.550"}, {"@Name": "ProcessGuid", "#text": "{13287959-5A48-5B19-0000-0010A5640200}"}, {"@Name": "ProcessId", "#text": "2124"}, {"@Name": "Image", "#text": "C:\\Windows\\explorer.exe"}, {"@Name": "FileVersion", "#text": "6.1.7600.16385 (win7_rtm.090713-1255)"}, {"@Name": "Description", "#text": "Windows Explorer"}, {"@Name": "Product", "#text": "Microsoft Windows Operating System"}, {"@Name": "Company", "#text": "Microsoft Corporation"}, {"@Name": "CommandLine", "#text": "\"C:\\Windows\\explorer.exe\""}, {"@Name": "CurrentDirectory", "#text": "C:\\Windows\\system32\\"}, {"@Name": "User", "#text": "cuckoo\\cuckoo"}, {"@Name": "LogonGuid", "#text": "{13287959-5A43-5B19-0000-0020F0FF0000}"}, {"@Name": "LogonId", "#text": "0xfff0"}, {"@Name": "TerminalSessionId", "#text": "1"}, {"@Name": "IntegrityLevel", "#text": "High"}, {"@Name": "Hashes", "#text": "MD5=40D777B7A95E00593EB1568C68514493,SHA256=0A8CE026714E03E72C619307BD598ADD5F9B639CFD91437CB8D9C847BF9F6894"}, {"@Name": "ParentProcessGuid", "#text": "{13287959-5A43-5B19-0000-0010661E0100}"}, {"@Name": "ParentProcessId", "#text": "1360"}, {"@Name": "ParentImage", "#text": "C:\\Windows\\explorer.exe"}, {"@Name": "ParentCommandLine", "#text": "C:\\Windows\\Explorer.EXE"}]}}, {"@xmlns": "http://schemas.microsoft.com/win/2004/08/events/event", "System": {"Provider": {"@Name": "Microsoft-Windows-Sysmon", "@Guid": "{5770385F-C22A-43E0-BF4C-06F5698FFBD9}"}, "EventID": "13", "Version": "2", "Level": "4", "Task": "13", "Opcode": "0", "Keywords": "0x8000000000000000", "TimeCreated": {"@SystemTime": "2018-06-07T16:16:09.491453200Z"}, "EventRecordID": "34", "Correlation": null, "Execution": {"@ProcessID": "1684", "@ThreadID": "792"}, "Channel": "Microsoft-Windows-Sysmon/Operational", "Computer": "cuckoo", "Security": {"@UserID": "S-1-5-18"}}, "EventData": {"Data": [{"@Name": "EventType", "#text": "SetValue"}, {"@Name": "UtcTime", "#text": "2018-06-07 16:16:08.971"}, {"@Name": "ProcessGuid", "#text": "{13287959-5A43-5B19-0000-0010EFF40000}"}, {"@Name": "ProcessId", "#text": "1060"}, {"@Name": "Image", "#text": "C:\\Windows\\system32\\svchost.exe"}, {"@Name": "TargetObject", "#text": "HKLM\\SOFTWARE\\Microsoft\\Windows NT\\CurrentVersion\\NetworkList\\Profiles\\{0EAF8633-7318-401A-9DAE-2C8761202F6D}\\DateLastConnected"}, {"@Name": "Details", "#text": "Binary Data"}]}}, {"@xmlns": "http://schemas.microsoft.com/win/2004/08/events/event", "System": {"Provider": {"@Name": "Microsoft-Windows-Sysmon", "@Guid": "{5770385F-C22A-43E0-BF4C-06F5698FFBD9}"}, "EventID": "13", "Version": "2", "Level": "4", "Task": "13", "Opcode": "0", "Keywords": "0x8000000000000000", "TimeCreated": {"@SystemTime": "2018-06-07T16:16:09.492527400Z"}, "EventRecordID": "35", "Correlation": null, "Execution": {"@ProcessID": "1684", "@ThreadID": "792"}, "Channel": "Microsoft-Windows-Sysmon/Operational", "Computer": "cuckoo", "Security": {"@UserID": "S-1-5-18"}}, "EventData": {"Data": [{"@Name": "EventType", "#text": "SetValue"}, {"@Name": "UtcTime", "#text": "2018-06-07 16:16:08.972"}, {"@Name": "ProcessGuid", "#text": "{13287959-5A43-5B19-0000-0010EFF40000}"}, {"@Name": "ProcessId", "#text": "1060"}, {"@Name": "Image", "#text": "C:\\Windows\\system32\\svchost.exe"}, {"@Name": "TargetObject", "#text": "HKLM\\SOFTWARE\\Microsoft\\Windows NT\\CurrentVersion\\NetworkList\\Profiles\\{1DB787A3-999E-44BF-97E6-163034CB21E2}\\DateLastConnected"}, {"@Name": "Details", "#text": "Binary Data"}]}}, {"@xmlns": "http://schemas.microsoft.com/win/2004/08/events/event", "System": {"Provider": {"@Name": "Microsoft-Windows-Sysmon", "@Guid": "{5770385F-C22A-43E0-BF4C-06F5698FFBD9}"}, "EventID": "1", "Version": "5", "Level": "4", "Task": "1", "Opcode": "0", "Keywords": "0x8000000000000000", "TimeCreated": {"@SystemTime": "2018-06-07T16:16:11.485200300Z"}, "EventRecordID": "36", "Correlation": null, "Execution": {"@ProcessID": "1684", "@ThreadID": "792"}, "Channel": "Microsoft-Windows-Sysmon/Operational", "Computer": "cuckoo", "Security": {"@UserID": "S-1-5-18"}}, "EventData": {"Data": [{"@Name": "UtcTime", "#text": "2018-06-07 16:16:11.450"}, {"@Name": "ProcessGuid", "#text": "{13287959-5A4B-5B19-0000-0010D7E60200}"}, {"@Name": "ProcessId", "#text": "2508"}, {"@Name": "Image", "#text": "C:\\Program Files\\Windows Media Player\\wmpnetwk.exe"}, {"@Name": "FileVersion", "#text": "12.0.7600.16385 (win7_rtm.090713-1255)"}, {"@Name": "Description", "#text": "Windows Media Player Network Sharing Service"}, {"@Name": "Product", "#text": "Microsoft Windows Operating System"}, {"@Name": "Company", "#text": "Microsoft Corporation"}, {"@Name": "CommandLine", "#text": "\"C:\\Program Files\\Windows Media Player\\wmpnetwk.exe\""}, {"@Name": "CurrentDirectory", "#text": "C:\\Windows\\system32\\"}, {"@Name": "User", "#text": "NT AUTHORITY\\NETWORK SERVICE"}, {"@Name": "LogonGuid", "#text": "{13287959-5A43-5B19-0000-0020E4030000}"}, {"@Name": "LogonId", "#text": "0x3e4"}, {"@Name": "TerminalSessionId", "#text": "0"}, {"@Name": "IntegrityLevel", "#text": "System"}, {"@Name": "Hashes", "#text": "MD5=3B40D3A61AA8C21B88AE57C58AB3122E,SHA256=6C67DCB007C3CDF2EB0BBF5FD89C32CD7800C20F7166872F8C387BE262C5CD21"}, {"@Name": "ParentProcessGuid", "#text": "{13287959-5A42-5B19-0000-00104E630000}"}, {"@Name": "ParentProcessId", "#text": "468"}, {"@Name": "ParentImage", "#text": "C:\\Windows\\System32\\services.exe"}, {"@Name": "ParentCommandLine", "#text": "C:\\Windows\\system32\\services.exe"}]}}, {"@xmlns": "http://schemas.microsoft.com/win/2004/08/events/event", "System": {"Provider": {"@Name": "Microsoft-Windows-Sysmon", "@Guid": "{5770385F-C22A-43E0-BF4C-06F5698FFBD9}"}, "EventID": "1", "Version": "5", "Level": "4", "Task": "1", "Opcode": "0", "Keywords": "0x8000000000000000", "TimeCreated": {"@SystemTime": "2018-06-07T16:16:12.411176500Z"}, "EventRecordID": "37", "Correlation": null, "Execution": {"@ProcessID": "1684", "@ThreadID": "792"}, "Channel": "Microsoft-Windows-Sysmon/Operational", "Computer": "cuckoo", "Security": {"@UserID": "S-1-5-18"}}, "EventData": {"Data": [{"@Name": "UtcTime", "#text": "2018-06-07 16:16:12.411"}, {"@Name": "ProcessGuid", "#text": "{13287959-5A4C-5B19-0000-0010A4120300}"}, {"@Name": "ProcessId", "#text": "2792"}, {"@Name": "Image", "#text": "C:\\Windows\\System32\\svchost.exe"}, {"@Name": "FileVersion", "#text": "6.1.7600.16385 (win7_rtm.090713-1255)"}, {"@Name": "Description", "#text": "Host Process for Windows Services"}, {"@Name": "Product", "#text": "Microsoft Windows Operating System"}, {"@Name": "Company", "#text": "Microsoft Corporation"}, {"@Name": "CommandLine", "#text": "C:\\Windows\\System32\\svchost.exe -k LocalServicePeerNet"}, {"@Name": "CurrentDirectory", "#text": "C:\\Windows\\system32\\"}, {"@Name": "User", "#text": "NT AUTHORITY\\LOCAL SERVICE"}, {"@Name": "LogonGuid", "#text": "{13287959-5A43-5B19-0000-0020E5030000}"}, {"@Name": "LogonId", "#text": "0x3e5"}, {"@Name": "TerminalSessionId", "#text": "0"}, {"@Name": "IntegrityLevel", "#text": "System"}, {"@Name": "Hashes", "#text": "MD5=54A47F6B5E09A77E61649109C6A08866,SHA256=121118A0F5E0E8C933EFD28C9901E54E42792619A8A3A6D11E1F0025A7324BC2"}, {"@Name": "ParentProcessGuid", "#text": "{13287959-5A42-5B19-0000-00104E630000}"}, {"@Name": "ParentProcessId", "#text": "468"}, {"@Name": "ParentImage", "#text": "C:\\Windows\\System32\\services.exe"}, {"@Name": "ParentCommandLine", "#text": "C:\\Windows\\system32\\services.exe"}]}}, {"@xmlns": "http://schemas.microsoft.com/win/2004/08/events/event", "System": {"Provider": {"@Name": "Microsoft-Windows-Sysmon", "@Guid": "{5770385F-C22A-43E0-BF4C-06F5698FFBD9}"}, "EventID": "13", "Version": "2", "Level": "4", "Task": "13", "Opcode": "0", "Keywords": "0x8000000000000000", "TimeCreated": {"@SystemTime": "2018-06-07T16:16:15.995839700Z"}, "EventRecordID": "38", "Correlation": null, "Execution": {"@ProcessID": "1684", "@ThreadID": "792"}, "Channel": "Microsoft-Windows-Sysmon/Operational", "Computer": "cuckoo", "Security": {"@UserID": "S-1-5-18"}}, "EventData": {"Data": [{"@Name": "EventType", "#text": "SetValue"}, {"@Name": "UtcTime", "#text": "2018-06-07 16:16:15.976"}, {"@Name": "ProcessGuid", "#text": "{13287959-5A4B-5B19-0000-0010D7E60200}"}, {"@Name": "ProcessId", "#text": "2508"}, {"@Name": "Image", "#text": "C:\\Program Files\\Windows Media Player\\wmpnetwk.exe"}, {"@Name": "TargetObject", "#text": "HKLM\\SOFTWARE\\Microsoft\\Windows Media Player NSS\\3.0\\Servers\\C9B64A61-7F3D-4E6D-B565-C1C11A376BA8\\FriendlyName"}, {"@Name": "Details", "#text": "CUCKOO: cuckoo:"}]}}, {"@xmlns": "http://schemas.microsoft.com/win/2004/08/events/event", "System": {"Provider": {"@Name": "Microsoft-Windows-Sysmon", "@Guid": "{5770385F-C22A-43E0-BF4C-06F5698FFBD9}"}, "EventID": "1", "Version": "5", "Level": "4", "Task": "1", "Opcode": "0", "Keywords": "0x8000000000000000", "TimeCreated": {"@SystemTime": "2018-06-07T16:16:16.260526500Z"}, "EventRecordID": "39", "Correlation": null, "Execution": {"@ProcessID": "1684", "@ThreadID": "792"}, "Channel": "Microsoft-Windows-Sysmon/Operational", "Computer": "cuckoo", "Security": {"@UserID": "S-1-5-18"}}, "EventData": {"Data": [{"@Name": "UtcTime", "#text": "2018-06-07 16:16:16.260"}, {"@Name": "ProcessGuid", "#text": "{13287959-5A50-5B19-0000-00106B860300}"}, {"@Name": "ProcessId", "#text": "3184"}, {"@Name": "Image", "#text": "C:\\Windows\\System32\\taskhost.exe"}, {"@Name": "FileVersion", "#text": "6.1.7600.16385 (win7_rtm.090713-1255)"}, {"@Name": "Description", "#text": "Host Process for Windows Tasks"}, {"@Name": "Product", "#text": "Microsoft Windows Operating System"}, {"@Name": "Company", "#text": "Microsoft Corporation"}, {"@Name": "CommandLine", "#text": "taskhost.exe SYSTEM"}, {"@Name": "CurrentDirectory", "#text": "C:\\Windows\\system32\\"}, {"@Name": "User", "#text": "NT AUTHORITY\\SYSTEM"}, {"@Name": "LogonGuid", "#text": "{13287959-5A42-5B19-0000-0020E7030000}"}, {"@Name": "LogonId", "#text": "0x3e7"}, {"@Name": "TerminalSessionId", "#text": "0"}, {"@Name": "IntegrityLevel", "#text": "System"}, {"@Name": "Hashes", "#text": "MD5=7FA8BA5A780E4757964AC9D4238302B9,SHA256=65E3D8CE737896647065103FBB4D58E6A34171D0A48662A832CFDAC3CF469701"}, {"@Name": "ParentProcessGuid", "#text": "{13287959-5A42-5B19-0000-00104E630000}"}, {"@Name": "ParentProcessId", "#text": "468"}, {"@Name": "ParentImage", "#text": "C:\\Windows\\System32\\services.exe"}, {"@Name": "ParentCommandLine", "#text": "C:\\Windows\\system32\\services.exe"}]}}, {"@xmlns": "http://schemas.microsoft.com/win/2004/08/events/event", "System": {"Provider": {"@Name": "Microsoft-Windows-Sysmon", "@Guid": "{5770385F-C22A-43E0-BF4C-06F5698FFBD9}"}, "EventID": "1", "Version": "5", "Level": "4", "Task": "1", "Opcode": "0", "Keywords": "0x8000000000000000", "TimeCreated": {"@SystemTime": "2018-06-07T16:16:20.249734700Z"}, "EventRecordID": "40", "Correlation": null, "Execution": {"@ProcessID": "1684", "@ThreadID": "792"}, "Channel": "Microsoft-Windows-Sysmon/Operational", "Computer": "cuckoo", "Security": {"@UserID": "S-1-5-18"}}, "EventData": {"Data": [{"@Name": "UtcTime", "#text": "2018-06-07 16:16:20.230"}, {"@Name": "ProcessGuid", "#text": "{13287959-5A54-5B19-0000-001003E50300}"}, {"@Name": "ProcessId", "#text": "3368"}, {"@Name": "Image", "#text": "C:\\Windows\\System32\\cmd.exe"}, {"@Name": "FileVersion", "#text": "6.1.7601.17514 (win7sp1_rtm.101119-1850)"}, {"@Name": "Description", "#text": "Windows Command Processor"}, {"@Name": "Product", "#text": "Microsoft Windows Operating System"}, {"@Name": "Company", "#text": "Microsoft Corporation"}, {"@Name": "CommandLine", "#text": "\"C:\\Windows\\system32\\cmd.exe\""}, {"@Name": "CurrentDirectory", "#text": "C:\\Users\\cuckoo\\"}, {"@Name": "User", "#text": "cuckoo\\cuckoo"}, {"@Name": "LogonGuid", "#text": "{13287959-5A43-5B19-0000-0020F0FF0000}"}, {"@Name": "LogonId", "#text": "0xfff0"}, {"@Name": "TerminalSessionId", "#text": "1"}, {"@Name": "IntegrityLevel", "#text": "High"}, {"@Name": "Hashes", "#text": "MD5=AD7B9C14083B52BC532FBA5948342B98,SHA256=17F746D82695FA9B35493B41859D39D786D32B23A9D2E00F4011DEC7A02402AE"}, {"@Name": "ParentProcessGuid", "#text": "{13287959-5A43-5B19-0000-0010661E0100}"}, {"@Name": "ParentProcessId", "#text": "1360"}, {"@Name": "ParentImage", "#text": "C:\\Windows\\explorer.exe"}, {"@Name": "ParentCommandLine", "#text": "C:\\Windows\\Explorer.EXE"}]}}, {"@xmlns": "http://schemas.microsoft.com/win/2004/08/events/event", "System": {"Provider": {"@Name": "Microsoft-Windows-Sysmon", "@Guid": "{5770385F-C22A-43E0-BF4C-06F5698FFBD9}"}, "EventID": "6", "Version": "3", "Level": "4", "Task": "6", "Opcode": "0", "Keywords": "0x8000000000000000", "TimeCreated": {"@SystemTime": "2018-06-07T16:16:27.029499100Z"}, "EventRecordID": "41", "Correlation": null, "Execution": {"@ProcessID": "1684", "@ThreadID": "952"}, "Channel": "Microsoft-Windows-Sysmon/Operational", "Computer": "cuckoo", "Security": {"@UserID": "S-1-5-18"}}, "EventData": {"Data": [{"@Name": "UtcTime", "#text": "2018-06-07 16:16:01.203"}, {"@Name": "ImageLoaded", "#text": "C:\\Windows\\System32\\drivers\\VBoxSF.sys"}, {"@Name": "Hashes", "#text": "MD5=F16B0FFA82725987F27F59B3C56B605B,SHA256=6132D77F8B819691B7E3CC37A4233D06D30A39B4F3DF58FAA98EAF2C66E30B00"}, {"@Name": "Signed", "#text": "true"}, {"@Name": "Signature", "#text": "Oracle Corporation"}, {"@Name": "SignatureStatus", "#text": "Valid"}]}}, {"@xmlns": "http://schemas.microsoft.com/win/2004/08/events/event", "System": {"Provider": {"@Name": "Microsoft-Windows-Sysmon", "@Guid": "{5770385F-C22A-43E0-BF4C-06F5698FFBD9}"}, "EventID": "6", "Version": "3", "Level": "4", "Task": "6", "Opcode": "0", "Keywords": "0x8000000000000000", "TimeCreated": {"@SystemTime": "2018-06-07T16:16:27.267717500Z"}, "EventRecordID": "42", "Correlation": null, "Execution": {"@ProcessID": "1684", "@ThreadID": "952"}, "Channel": "Microsoft-Windows-Sysmon/Operational", "Computer": "cuckoo", "Security": {"@UserID": "S-1-5-18"}}, "EventData": {"Data": [{"@Name": "UtcTime", "#text": "2018-06-07 16:16:01.406"}, {"@Name": "ImageLoaded", "#text": "C:\\Windows\\System32\\drivers\\VBoxMouse.sys"}, {"@Name": "Hashes", "#text": "MD5=36FA9DCF40B5D66A8726D32EB4BBF700,SHA256=D30812F89709EAEFED9F1C18F00FB1613EAD346004F3F893BD89F3F82873AD80"}, {"@Name": "Signed", "#text": "true"}, {"@Name": "Signature", "#text": "Oracle Corporation"}, {"@Name": "SignatureStatus", "#text": "Valid"}]}}, {"@xmlns": "http://schemas.microsoft.com/win/2004/08/events/event", "System": {"Provider": {"@Name": "Microsoft-Windows-Sysmon", "@Guid": "{5770385F-C22A-43E0-BF4C-06F5698FFBD9}"}, "EventID": "6", "Version": "3", "Level": "4", "Task": "6", "Opcode": "0", "Keywords": "0x8000000000000000", "TimeCreated": {"@SystemTime": "2018-06-07T16:16:27.267717500Z"}, "EventRecordID": "43", "Correlation": null, "Execution": {"@ProcessID": "1684", "@ThreadID": "952"}, "Channel": "Microsoft-Windows-Sysmon/Operational", "Computer": "cuckoo", "Security": {"@UserID": "S-1-5-18"}}, "EventData": {"Data": [{"@Name": "UtcTime", "#text": "2018-06-07 16:16:01.421"}, {"@Name": "ImageLoaded", "#text": "C:\\Windows\\System32\\drivers\\VBoxVideo.sys"}, {"@Name": "Hashes", "#text": "MD5=CBBB95AFF3937D484E440EF77B9820B9,SHA256=40C6FFF1E755A63B789830626B87540DF8198B600A3F5D87A5D52CB19E0FAF15"}, {"@Name": "Signed", "#text": "true"}, {"@Name": "Signature", "#text": "Oracle Corporation"}, {"@Name": "SignatureStatus", "#text": "Valid"}]}}, {"@xmlns": "http://schemas.microsoft.com/win/2004/08/events/event", "System": {"Provider": {"@Name": "Microsoft-Windows-Sysmon", "@Guid": "{5770385F-C22A-43E0-BF4C-06F5698FFBD9}"}, "EventID": "6", "Version": "3", "Level": "4", "Task": "6", "Opcode": "0", "Keywords": "0x8000000000000000", "TimeCreated": {"@SystemTime": "2018-06-07T16:16:27.914310300Z"}, "EventRecordID": "44", "Correlation": null, "Execution": {"@ProcessID": "1684", "@ThreadID": "952"}, "Channel": "Microsoft-Windows-Sysmon/Operational", "Computer": "cuckoo", "Security": {"@UserID": "S-1-5-18"}}, "EventData": {"Data": [{"@Name": "UtcTime", "#text": "2018-06-07 16:16:02.375"}, {"@Name": "ImageLoaded", "#text": "C:\\Windows\\System32\\VBoxDisp.dll"}, {"@Name": "Hashes", "#text": "MD5=80B3D9FC8E6430FE65EA1714871704D3,SHA256=411B97591C39A8914EC1229010B3552662BACEA3AC1F53FE01A71E1413FE35CE"}, {"@Name": "Signed", "#text": "true"}, {"@Name": "Signature", "#text": "Oracle Corporation"}, {"@Name": "SignatureStatus", "#text": "Valid"}]}}, {"@xmlns": "http://schemas.microsoft.com/win/2004/08/events/event", "System": {"Provider": {"@Name": "Microsoft-Windows-Sysmon", "@Guid": "{5770385F-C22A-43E0-BF4C-06F5698FFBD9}"}, "EventID": "6", "Version": "3", "Level": "4", "Task": "6", "Opcode": "0", "Keywords": "0x8000000000000000", "TimeCreated": {"@SystemTime": "2018-06-07T16:16:27.914310300Z"}, "EventRecordID": "45", "Correlation": null, "Execution": {"@ProcessID": "1684", "@ThreadID": "952"}, "Channel": "Microsoft-Windows-Sysmon/Operational", "Computer": "cuckoo", "Security": {"@UserID": "S-1-5-18"}}, "EventData": {"Data": [{"@Name": "UtcTime", "#text": "2018-06-07 16:16:02.359"}, {"@Name": "ImageLoaded", "#text": "C:\\Windows\\System32\\VBoxDisp.dll"}, {"@Name": "Hashes", "#text": "MD5=80B3D9FC8E6430FE65EA1714871704D3,SHA256=411B97591C39A8914EC1229010B3552662BACEA3AC1F53FE01A71E1413FE35CE"}, {"@Name": "Signed", "#text": "true"}, {"@Name": "Signature", "#text": "Oracle Corporation"}, {"@Name": "SignatureStatus", "#text": "Valid"}]}}, {"@xmlns": "http://schemas.microsoft.com/win/2004/08/events/event", "System": {"Provider": {"@Name": "Microsoft-Windows-Sysmon", "@Guid": "{5770385F-C22A-43E0-BF4C-06F5698FFBD9}"}, "EventID": "4", "Version": "3", "Level": "4", "Task": "4", "Opcode": "0", "Keywords": "0x8000000000000000", "TimeCreated": {"@SystemTime": "2018-06-08T18:13:59.075493100Z"}, "EventRecordID": "46", "Correlation": null, "Execution": {"@ProcessID": "1668", "@ThreadID": "1080"}, "Channel": "Microsoft-Windows-Sysmon/Operational", "Computer": "cuckoo", "Security": {"@UserID": "S-1-5-18"}}, "EventData": {"Data": [{"@Name": "UtcTime", "#text": "2018-06-08 18:13:59.075"}, {"@Name": "State", "#text": "Started"}, {"@Name": "Version", "#text": "7.03"}, {"@Name": "SchemaVersion", "#text": "4.00"}]}}, {"@xmlns": "http://schemas.microsoft.com/win/2004/08/events/event", "System": {"Provider": {"@Name": "Microsoft-Windows-Sysmon", "@Guid": "{5770385F-C22A-43E0-BF4C-06F5698FFBD9}"}, "EventID": "1", "Version": "5", "Level": "4", "Task": "1", "Opcode": "0", "Keywords": "0x8000000000000000", "TimeCreated": {"@SystemTime": "2018-06-08T18:13:59.954189300Z"}, "EventRecordID": "47", "Correlation": null, "Execution": {"@ProcessID": "1668", "@ThreadID": "1080"}, "Channel": "Microsoft-Windows-Sysmon/Operational", "Computer": "cuckoo", "Security": {"@UserID": "S-1-5-18"}}, "EventData": {"Data": [{"@Name": "UtcTime", "#text": "2018-06-08 18:13:53.937"}, {"@Name": "ProcessGuid", "#text": "{13287959-C761-5B1A-0000-001080410000}"}, {"@Name": "ProcessId", "#text": "312"}, {"@Name": "Image", "#text": "C:\\Windows\\System32\\smss.exe"}, {"@Name": "FileVersion", "#text": "6.1.7600.16385 (win7_rtm.090713-1255)"}, {"@Name": "Description", "#text": "Windows Session Manager"}, {"@Name": "Product", "#text": "Microsoft Windows Operating System"}, {"@Name": "Company", "#text": "Microsoft Corporation"}, {"@Name": "CommandLine", "#text": "\\SystemRoot\\System32\\smss.exe 00000000 0000003c"}, {"@Name": "CurrentDirectory", "#text": "C:\\Windows\\"}, {"@Name": "User", "#text": "NT AUTHORITY\\SYSTEM"}, {"@Name": "LogonGuid", "#text": "{13287959-C762-5B1A-0000-0020E7030000}"}, {"@Name": "LogonId", "#text": "0x3e7"}, {"@Name": "TerminalSessionId", "#text": "0"}, {"@Name": "IntegrityLevel", "#text": "System"}, {"@Name": "Hashes", "#text": "MD5=16742790895960690237A5143CEDEC8B,SHA256=88F7B3DB5D931389A737891E16D7069135959DA03E9EC0FFFE609561837FA74F"}, {"@Name": "ParentProcessGuid", "#text": "{13287959-C761-5B1A-0000-00109B2D0000}"}, {"@Name": "ParentProcessId", "#text": "252"}, {"@Name": "ParentImage", "#text": "C:\\Windows\\System32\\smss.exe"}, {"@Name": "ParentCommandLine", "#text": "\\SystemRoot\\System32\\smss.exe"}]}}, {"@xmlns": "http://schemas.microsoft.com/win/2004/08/events/event", "System": {"Provider": {"@Name": "Microsoft-Windows-Sysmon", "@Guid": "{5770385F-C22A-43E0-BF4C-06F5698FFBD9}"}, "EventID": "1", "Version": "5", "Level": "4", "Task": "1", "Opcode": "0", "Keywords": "0x8000000000000000", "TimeCreated": {"@SystemTime": "2018-06-08T18:14:00.816771900Z"}, "EventRecordID": "48", "Correlation": null, "Execution": {"@ProcessID": "1668", "@ThreadID": "1080"}, "Channel": "Microsoft-Windows-Sysmon/Operational", "Computer": "cuckoo", "Security": {"@UserID": "S-1-5-18"}}, "EventData": {"Data": [{"@Name": "UtcTime", "#text": "2018-06-08 18:13:54.390"}, {"@Name": "ProcessGuid", "#text": "{13287959-C762-5B1A-0000-0010C4550000}"}, {"@Name": "ProcessId", "#text": "328"}, {"@Name": "Image", "#text": "C:\\Windows\\System32\\csrss.exe"}, {"@Name": "FileVersion", "#text": "6.1.7600.16385 (win7_rtm.090713-1255)"}, {"@Name": "Description", "#text": "Client Server Runtime Process"}, {"@Name": "Product", "#text": "Microsoft Windows Operating System"}, {"@Name": "Company", "#text": "Microsoft Corporation"}, {"@Name": "CommandLine", "#text": "%%SystemRoot%%\\system32\\csrss.exe ObjectDirectory=\\Windows SharedSection=1024,12288,512 Windows=On SubSystemType=Windows ServerDll=basesrv,1 ServerDll=winsrv:UserServerDllInitialization,3 ServerDll=winsrv:ConServerDllInitialization,2 ServerDll=sxssrv,4 ProfileControl=Off MaxRequestThreads=16"}, {"@Name": "CurrentDirectory", "#text": "C:\\Windows\\system32"}, {"@Name": "User", "#text": "NT AUTHORITY\\SYSTEM"}, {"@Name": "LogonGuid", "#text": "{13287959-C762-5B1A-0000-0020E7030000}"}, {"@Name": "LogonId", "#text": "0x3e7"}, {"@Name": "TerminalSessionId", "#text": "0"}, {"@Name": "IntegrityLevel", "#text": "System"}, {"@Name": "Hashes", "#text": "MD5=342271F6142E7C70805B8A81E1BA5F5C,SHA256=F9112B88FEC5EF10A7AEDF88DCEE61956D1FCDE7CB42197216E8265578713786"}, {"@Name": "ParentProcessGuid", "#text": "{13287959-C761-5B1A-0000-001080410000}"}, {"@Name": "ParentProcessId", "#text": "312"}, {"@Name": "ParentImage", "#text": "C:\\Windows\\System32\\smss.exe"}, {"@Name": "ParentCommandLine", "#text": "\\SystemRoot\\System32\\smss.exe 00000000 0000003c"}]}}, {"@xmlns": "http://schemas.microsoft.com/win/2004/08/events/event", "System": {"Provider": {"@Name": "Microsoft-Windows-Sysmon", "@Guid": "{5770385F-C22A-43E0-BF4C-06F5698FFBD9}"}, "EventID": "1", "Version": "5", "Level": "4", "Task": "1", "Opcode": "0", "Keywords": "0x8000000000000000", "TimeCreated": {"@SystemTime": "2018-06-08T18:14:00.910227300Z"}, "EventRecordID": "49", "Correlation": null, "Execution": {"@ProcessID": "1668", "@ThreadID": "1080"}, "Channel": "Microsoft-Windows-Sysmon/Operational", "Computer": "cuckoo", "Security": {"@UserID": "S-1-5-18"}}, "EventData": {"Data": [{"@Name": "UtcTime", "#text": "2018-06-08 18:13:54.500"}, {"@Name": "ProcessGuid", "#text": "{13287959-C762-5B1A-0000-0010545A0000}"}, {"@Name": "ProcessId", "#text": "368"}, {"@Name": "Image", "#text": "C:\\Windows\\System32\\smss.exe"}, {"@Name": "FileVersion", "#text": "6.1.7600.16385 (win7_rtm.090713-1255)"}, {"@Name": "Description", "#text": "Windows Session Manager"}, {"@Name": "Product", "#text": "Microsoft Windows Operating System"}, {"@Name": "Company", "#text": "Microsoft Corporation"}, {"@Name": "CommandLine", "#text": "\\SystemRoot\\System32\\smss.exe 00000001 0000003c"}, {"@Name": "CurrentDirectory", "#text": "C:\\Windows\\"}, {"@Name": "User", "#text": "NT AUTHORITY\\SYSTEM"}, {"@Name": "LogonGuid", "#text": "{13287959-C762-5B1A-0000-0020E7030000}"}, {"@Name": "LogonId", "#text": "0x3e7"}, {"@Name": "TerminalSessionId", "#text": "1"}, {"@Name": "IntegrityLevel", "#text": "System"}, {"@Name": "Hashes", "#text": "MD5=16742790895960690237A5143CEDEC8B,SHA256=88F7B3DB5D931389A737891E16D7069135959DA03E9EC0FFFE609561837FA74F"}, {"@Name": "ParentProcessGuid", "#text": "{13287959-C761-5B1A-0000-00109B2D0000}"}, {"@Name": "ParentProcessId", "#text": "252"}, {"@Name": "ParentImage", "#text": "C:\\Windows\\System32\\smss.exe"}, {"@Name": "ParentCommandLine", "#text": "\\SystemRoot\\System32\\smss.exe"}]}}, {"@xmlns": "http://schemas.microsoft.com/win/2004/08/events/event", "System": {"Provider": {"@Name": "Microsoft-Windows-Sysmon", "@Guid": "{5770385F-C22A-43E0-BF4C-06F5698FFBD9}"}, "EventID": "1", "Version": "5", "Level": "4", "Task": "1", "Opcode": "0", "Keywords": "0x8000000000000000", "TimeCreated": {"@SystemTime": "2018-06-08T18:14:01.011202100Z"}, "EventRecordID": "50", "Correlation": null, "Execution": {"@ProcessID": "1668", "@ThreadID": "1080"}, "Channel": "Microsoft-Windows-Sysmon/Operational", "Computer": "cuckoo", "Security": {"@UserID": "S-1-5-18"}}, "EventData": {"Data": [{"@Name": "UtcTime", "#text": "2018-06-08 18:13:54.500"}, {"@Name": "ProcessGuid", "#text": "{13287959-C762-5B1A-0000-00109C5A0000}"}, {"@Name": "ProcessId", "#text": "376"}, {"@Name": "Image", "#text": "C:\\Windows\\System32\\csrss.exe"}, {"@Name": "FileVersion", "#text": "6.1.7600.16385 (win7_rtm.090713-1255)"}, {"@Name": "Description", "#text": "Client Server Runtime Process"}, {"@Name": "Product", "#text": "Microsoft Windows Operating System"}, {"@Name": "Company", "#text": "Microsoft Corporation"}, {"@Name": "CommandLine", "#text": "%%SystemRoot%%\\system32\\csrss.exe ObjectDirectory=\\Windows SharedSection=1024,12288,512 Windows=On SubSystemType=Windows ServerDll=basesrv,1 ServerDll=winsrv:UserServerDllInitialization,3 ServerDll=winsrv:ConServerDllInitialization,2 ServerDll=sxssrv,4 ProfileControl=Off MaxRequestThreads=16"}, {"@Name": "CurrentDirectory", "#text": "C:\\Windows\\system32"}, {"@Name": "User", "#text": "NT AUTHORITY\\SYSTEM"}, {"@Name": "LogonGuid", "#text": "{13287959-C762-5B1A-0000-0020E7030000}"}, {"@Name": "LogonId", "#text": "0x3e7"}, {"@Name": "TerminalSessionId", "#text": "1"}, {"@Name": "IntegrityLevel", "#text": "System"}, {"@Name": "Hashes", "#text": "MD5=342271F6142E7C70805B8A81E1BA5F5C,SHA256=F9112B88FEC5EF10A7AEDF88DCEE61956D1FCDE7CB42197216E8265578713786"}, {"@Name": "ParentProcessGuid", "#text": "{13287959-C762-5B1A-0000-0010545A0000}"}, {"@Name": "ParentProcessId", "#text": "368"}, {"@Name": "ParentImage", "#text": "C:\\Windows\\System32\\smss.exe"}, {"@Name": "ParentCommandLine", "#text": "\\SystemRoot\\System32\\smss.exe 00000001 0000003c"}]}}, {"@xmlns": "http://schemas.microsoft.com/win/2004/08/events/event", "System": {"Provider": {"@Name": "Microsoft-Windows-Sysmon", "@Guid": "{5770385F-C22A-43E0-BF4C-06F5698FFBD9}"}, "EventID": "1", "Version": "5", "Level": "4", "Task": "1", "Opcode": "0", "Keywords": "0x8000000000000000", "TimeCreated": {"@SystemTime": "2018-06-08T18:14:01.015498900Z"}, "EventRecordID": "51", "Correlation": null, "Execution": {"@ProcessID": "1668", "@ThreadID": "1080"}, "Channel": "Microsoft-Windows-Sysmon/Operational", "Computer": "cuckoo", "Security": {"@UserID": "S-1-5-18"}}, "EventData": {"Data": [{"@Name": "UtcTime", "#text": "2018-06-08 18:13:54.500"}, {"@Name": "ProcessGuid", "#text": "{13287959-C762-5B1A-0000-00108A5A0000}"}, {"@Name": "ProcessId", "#text": "384"}, {"@Name": "Image", "#text": "C:\\Windows\\System32\\wininit.exe"}, {"@Name": "FileVersion", "#text": "6.1.7600.16385 (win7_rtm.090713-1255)"}, {"@Name": "Description", "#text": "Windows Start-Up Application"}, {"@Name": "Product", "#text": "Microsoft Windows Operating System"}, {"@Name": "Company", "#text": "Microsoft Corporation"}, {"@Name": "CommandLine", "#text": "wininit.exe"}, {"@Name": "CurrentDirectory", "#text": "C:\\Windows\\system32"}, {"@Name": "User", "#text": "NT AUTHORITY\\SYSTEM"}, {"@Name": "LogonGuid", "#text": "{13287959-C762-5B1A-0000-0020E7030000}"}, {"@Name": "LogonId", "#text": "0x3e7"}, {"@Name": "TerminalSessionId", "#text": "0"}, {"@Name": "IntegrityLevel", "#text": "System"}, {"@Name": "Hashes", "#text": "MD5=B5C5DCAD3899512020D135600129D665,SHA256=F6B4D18FA0D3C4958711AC0D476C21A6FDF2897F989A0AD290B43F463DD8B5B0"}, {"@Name": "ParentProcessGuid", "#text": "{13287959-C761-5B1A-0000-001080410000}"}, {"@Name": "ParentProcessId", "#text": "312"}, {"@Name": "ParentImage", "#text": "C:\\Windows\\System32\\smss.exe"}, {"@Name": "ParentCommandLine", "#text": "\\SystemRoot\\System32\\smss.exe 00000000 0000003c"}]}}, {"@xmlns": "http://schemas.microsoft.com/win/2004/08/events/event", "System": {"Provider": {"@Name": "Microsoft-Windows-Sysmon", "@Guid": "{5770385F-C22A-43E0-BF4C-06F5698FFBD9}"}, "EventID": "1", "Version": "5", "Level": "4", "Task": "1", "Opcode": "0", "Keywords": "0x8000000000000000", "TimeCreated": {"@SystemTime": "2018-06-08T18:14:01.027315100Z"}, "EventRecordID": "52", "Correlation": null, "Execution": {"@ProcessID": "1668", "@ThreadID": "1080"}, "Channel": "Microsoft-Windows-Sysmon/Operational", "Computer": "cuckoo", "Security": {"@UserID": "S-1-5-18"}}, "EventData": {"Data": [{"@Name": "UtcTime", "#text": "2018-06-08 18:13:54.531"}, {"@Name": "ProcessGuid", "#text": "{13287959-C762-5B1A-0000-0010855C0000}"}, {"@Name": "ProcessId", "#text": "412"}, {"@Name": "Image", "#text": "C:\\Windows\\System32\\winlogon.exe"}, {"@Name": "FileVersion", "#text": "6.1.7601.17514 (win7sp1_rtm.101119-1850)"}, {"@Name": "Description", "#text": "Windows Logon Application"}, {"@Name": "Product", "#text": "Microsoft Windows Operating System"}, {"@Name": "Company", "#text": "Microsoft Corporation"}, {"@Name": "CommandLine", "#text": "winlogon.exe"}, {"@Name": "CurrentDirectory", "#text": "C:\\Windows\\system32"}, {"@Name": "User", "#text": "NT AUTHORITY\\SYSTEM"}, {"@Name": "LogonGuid", "#text": "{13287959-C762-5B1A-0000-0020E7030000}"}, {"@Name": "LogonId", "#text": "0x3e7"}, {"@Name": "TerminalSessionId", "#text": "1"}, {"@Name": "IntegrityLevel", "#text": "System"}, {"@Name": "Hashes", "#text": "MD5=6D13E1406F50C66E2A95D97F22C47560,SHA256=BE40E84A824CB201F9C54DB4F860F3937630FDA3423940D44FCF4AC5DFF44271"}, {"@Name": "ParentProcessGuid", "#text": "{13287959-C762-5B1A-0000-0010545A0000}"}, {"@Name": "ParentProcessId", "#text": "368"}, {"@Name": "ParentImage", "#text": "C:\\Windows\\System32\\smss.exe"}, {"@Name": "ParentCommandLine", "#text": "\\SystemRoot\\System32\\smss.exe 00000001 0000003c"}]}}, {"@xmlns": "http://schemas.microsoft.com/win/2004/08/events/event", "System": {"Provider": {"@Name": "Microsoft-Windows-Sysmon", "@Guid": "{5770385F-C22A-43E0-BF4C-06F5698FFBD9}"}, "EventID": "1", "Version": "5", "Level": "4", "Task": "1", "Opcode": "0", "Keywords": "0x8000000000000000", "TimeCreated": {"@SystemTime": "2018-06-08T18:14:01.032686100Z"}, "EventRecordID": "53", "Correlation": null, "Execution": {"@ProcessID": "1668", "@ThreadID": "1080"}, "Channel": "Microsoft-Windows-Sysmon/Operational", "Computer": "cuckoo", "Security": {"@UserID": "S-1-5-18"}}, "EventData": {"Data": [{"@Name": "UtcTime", "#text": "2018-06-08 18:13:54.703"}, {"@Name": "ProcessGuid", "#text": "{13287959-C762-5B1A-0000-0010A6630000}"}, {"@Name": "ProcessId", "#text": "468"}, {"@Name": "Image", "#text": "C:\\Windows\\System32\\services.exe"}, {"@Name": "FileVersion", "#text": "6.1.7600.16385 (win7_rtm.090713-1255)"}, {"@Name": "Description", "#text": "Services and Controller app"}, {"@Name": "Product", "#text": "Microsoft Windows Operating System"}, {"@Name": "Company", "#text": "Microsoft Corporation"}, {"@Name": "CommandLine", "#text": "C:\\Windows\\system32\\services.exe"}, {"@Name": "CurrentDirectory", "#text": "C:\\Windows\\system32\\"}, {"@Name": "User", "#text": "NT AUTHORITY\\SYSTEM"}, {"@Name": "LogonGuid", "#text": "{13287959-C762-5B1A-0000-0020E7030000}"}, {"@Name": "LogonId", "#text": "0x3e7"}, {"@Name": "TerminalSessionId", "#text": "0"}, {"@Name": "IntegrityLevel", "#text": "System"}, {"@Name": "Hashes", "#text": "MD5=5F1B6A9C35D3D5CA72D6D6FDEF9747D6,SHA256=D7BC4ED605B32274B45328FD9914FB0E7B90D869A38F0E6F94FB1BF4E9E2B407"}, {"@Name": "ParentProcessGuid", "#text": "{13287959-C762-5B1A-0000-00108A5A0000}"}, {"@Name": "ParentProcessId", "#text": "384"}, {"@Name": "ParentImage", "#text": "C:\\Windows\\System32\\wininit.exe"}, {"@Name": "ParentCommandLine", "#text": "wininit.exe"}]}}, {"@xmlns": "http://schemas.microsoft.com/win/2004/08/events/event", "System": {"Provider": {"@Name": "Microsoft-Windows-Sysmon", "@Guid": "{5770385F-C22A-43E0-BF4C-06F5698FFBD9}"}, "EventID": "1", "Version": "5", "Level": "4", "Task": "1", "Opcode": "0", "Keywords": "0x8000000000000000", "TimeCreated": {"@SystemTime": "2018-06-08T18:14:01.032686100Z"}, "EventRecordID": "54", "Correlation": null, "Execution": {"@ProcessID": "1668", "@ThreadID": "1080"}, "Channel": "Microsoft-Windows-Sysmon/Operational", "Computer": "cuckoo", "Security": {"@UserID": "S-1-5-18"}}, "EventData": {"Data": [{"@Name": "UtcTime", "#text": "2018-06-08 18:13:54.765"}, {"@Name": "ProcessGuid", "#text": "{13287959-C762-5B1A-0000-0010F3640000}"}, {"@Name": "ProcessId", "#text": "484"}, {"@Name": "Image", "#text": "C:\\Windows\\System32\\lsass.exe"}, {"@Name": "FileVersion", "#text": "6.1.7600.16385 (win7_rtm.090713-1255)"}, {"@Name": "Description", "#text": "Local Security Authority Process"}, {"@Name": "Product", "#text": "Microsoft Windows Operating System"}, {"@Name": "Company", "#text": "Microsoft Corporation"}, {"@Name": "CommandLine", "#text": "C:\\Windows\\system32\\lsass.exe"}, {"@Name": "CurrentDirectory", "#text": "C:\\Windows\\system32\\"}, {"@Name": "User", "#text": "NT AUTHORITY\\SYSTEM"}, {"@Name": "LogonGuid", "#text": "{13287959-C762-5B1A-0000-0020E7030000}"}, {"@Name": "LogonId", "#text": "0x3e7"}, {"@Name": "TerminalSessionId", "#text": "0"}, {"@Name": "IntegrityLevel", "#text": "System"}, {"@Name": "Hashes", "#text": "MD5=F42309C4191C506B71DB5D1126D26318,SHA256=29B0A8889857CEBFA6CBD795D5EECDDFFA04E794BD3C73FC488725B2A160F326"}, {"@Name": "ParentProcessGuid", "#text": "{13287959-C762-5B1A-0000-00108A5A0000}"}, {"@Name": "ParentProcessId", "#text": "384"}, {"@Name": "ParentImage", "#text": "C:\\Windows\\System32\\wininit.exe"}, {"@Name": "ParentCommandLine", "#text": "wininit.exe"}]}}, {"@xmlns": "http://schemas.microsoft.com/win/2004/08/events/event", "System": {"Provider": {"@Name": "Microsoft-Windows-Sysmon", "@Guid": "{5770385F-C22A-43E0-BF4C-06F5698FFBD9}"}, "EventID": "1", "Version": "5", "Level": "4", "Task": "1", "Opcode": "0", "Keywords": "0x8000000000000000", "TimeCreated": {"@SystemTime": "2018-06-08T18:14:01.033760300Z"}, "EventRecordID": "55", "Correlation": null, "Execution": {"@ProcessID": "1668", "@ThreadID": "1080"}, "Channel": "Microsoft-Windows-Sysmon/Operational", "Computer": "cuckoo", "Security": {"@UserID": "S-1-5-18"}}, "EventData": {"Data": [{"@Name": "UtcTime", "#text": "2018-06-08 18:13:54.781"}, {"@Name": "ProcessGuid", "#text": "{13287959-C762-5B1A-0000-00101F650000}"}, {"@Name": "ProcessId", "#text": "492"}, {"@Name": "Image", "#text": "C:\\Windows\\System32\\lsm.exe"}, {"@Name": "FileVersion", "#text": "6.1.7600.16385 (win7_rtm.090713-1255)"}, {"@Name": "Description", "#text": "Local Session Manager Service"}, {"@Name": "Product", "#text": "Microsoft Windows Operating System"}, {"@Name": "Company", "#text": "Microsoft Corporation"}, {"@Name": "CommandLine", "#text": "C:\\Windows\\system32\\lsm.exe"}, {"@Name": "CurrentDirectory", "#text": "C:\\Windows\\system32\\"}, {"@Name": "User", "#text": "NT AUTHORITY\\SYSTEM"}, {"@Name": "LogonGuid", "#text": "{13287959-C762-5B1A-0000-0020E7030000}"}, {"@Name": "LogonId", "#text": "0x3e7"}, {"@Name": "TerminalSessionId", "#text": "0"}, {"@Name": "IntegrityLevel", "#text": "System"}, {"@Name": "Hashes", "#text": "MD5=8AEA9A37C1A3565A204D37C5E72AB791,SHA256=939903F93FF37525A6C4B5CBA29CDEEE6D6055C42D605E80AE787F2A76F9870E"}, {"@Name": "ParentProcessGuid", "#text": "{13287959-C762-5B1A-0000-00108A5A0000}"}, {"@Name": "ParentProcessId", "#text": "384"}, {"@Name": "ParentImage", "#text": "C:\\Windows\\System32\\wininit.exe"}, {"@Name": "ParentCommandLine", "#text": "wininit.exe"}]}}, {"@xmlns": "http://schemas.microsoft.com/win/2004/08/events/event", "System": {"Provider": {"@Name": "Microsoft-Windows-Sysmon", "@Guid": "{5770385F-C22A-43E0-BF4C-06F5698FFBD9}"}, "EventID": "12", "Version": "2", "Level": "4", "Task": "12", "Opcode": "0", "Keywords": "0x8000000000000000", "TimeCreated": {"@SystemTime": "2018-06-08T18:14:01.143328700Z"}, "EventRecordID": "56", "Correlation": null, "Execution": {"@ProcessID": "1668", "@ThreadID": "1080"}, "Channel": "Microsoft-Windows-Sysmon/Operational", "Computer": "cuckoo", "Security": {"@UserID": "S-1-5-18"}}, "EventData": {"Data": [{"@Name": "EventType", "#text": "CreateKey"}, {"@Name": "UtcTime", "#text": "2018-06-08 18:13:54.937"}, {"@Name": "ProcessGuid", "#text": "{13287959-C762-5B1A-0000-0010F3640000}"}, {"@Name": "ProcessId", "#text": "484"}, {"@Name": "Image", "#text": "C:\\Windows\\system32\\lsass.exe"}, {"@Name": "TargetObject", "#text": "HKLM\\System\\CurrentControlSet\\Control\\Lsa\\SspiCache\\credssp.dll"}]}}, {"@xmlns": "http://schemas.microsoft.com/win/2004/08/events/event", "System": {"Provider": {"@Name": "Microsoft-Windows-Sysmon", "@Guid": "{5770385F-C22A-43E0-BF4C-06F5698FFBD9}"}, "EventID": "13", "Version": "2", "Level": "4", "Task": "13", "Opcode": "0", "Keywords": "0x8000000000000000", "TimeCreated": {"@SystemTime": "2018-06-08T18:14:01.145477100Z"}, "EventRecordID": "57", "Correlation": null, "Execution": {"@ProcessID": "1668", "@ThreadID": "1080"}, "Channel": "Microsoft-Windows-Sysmon/Operational", "Computer": "cuckoo", "Security": {"@UserID": "S-1-5-18"}}, "EventData": {"Data": [{"@Name": "EventType", "#text": "SetValue"}, {"@Name": "UtcTime", "#text": "2018-06-08 18:13:54.937"}, {"@Name": "ProcessGuid", "#text": "{13287959-C762-5B1A-0000-0010F3640000}"}, {"@Name": "ProcessId", "#text": "484"}, {"@Name": "Image", "#text": "C:\\Windows\\system32\\lsass.exe"}, {"@Name": "TargetObject", "#text": "HKLM\\System\\CurrentControlSet\\Control\\Lsa\\ProductType"}, {"@Name": "Details", "#text": "DWORD (0x00000004)"}]}}, {"@xmlns": "http://schemas.microsoft.com/win/2004/08/events/event", "System": {"Provider": {"@Name": "Microsoft-Windows-Sysmon", "@Guid": "{5770385F-C22A-43E0-BF4C-06F5698FFBD9}"}, "EventID": "1", "Version": "5", "Level": "4", "Task": "1", "Opcode": "0", "Keywords": "0x8000000000000000", "TimeCreated": {"@SystemTime": "2018-06-08T18:14:01.327019100Z"}, "EventRecordID": "58", "Correlation": null, "Execution": {"@ProcessID": "1668", "@ThreadID": "1080"}, "Channel": "Microsoft-Windows-Sysmon/Operational", "Computer": "cuckoo", "Security": {"@UserID": "S-1-5-18"}}, "EventData": {"Data": [{"@Name": "UtcTime", "#text": "2018-06-08 18:13:55.078"}, {"@Name": "ProcessGuid", "#text": "{13287959-C763-5B1A-0000-0010E07B0000}"}, {"@Name": "ProcessId", "#text": "600"}, {"@Name": "Image", "#text": "C:\\Windows\\System32\\svchost.exe"}, {"@Name": "FileVersion", "#text": "6.1.7600.16385 (win7_rtm.090713-1255)"}, {"@Name": "Description", "#text": "Host Process for Windows Services"}, {"@Name": "Product", "#text": "Microsoft Windows Operating System"}, {"@Name": "Company", "#text": "Microsoft Corporation"}, {"@Name": "CommandLine", "#text": "C:\\Windows\\system32\\svchost.exe -k DcomLaunch"}, {"@Name": "CurrentDirectory", "#text": "C:\\Windows\\system32\\"}, {"@Name": "User", "#text": "NT AUTHORITY\\SYSTEM"}, {"@Name": "LogonGuid", "#text": "{13287959-C762-5B1A-0000-0020E7030000}"}, {"@Name": "LogonId", "#text": "0x3e7"}, {"@Name": "TerminalSessionId", "#text": "0"}, {"@Name": "IntegrityLevel", "#text": "System"}, {"@Name": "Hashes", "#text": "MD5=54A47F6B5E09A77E61649109C6A08866,SHA256=121118A0F5E0E8C933EFD28C9901E54E42792619A8A3A6D11E1F0025A7324BC2"}, {"@Name": "ParentProcessGuid", "#text": "{13287959-C762-5B1A-0000-0010A6630000}"}, {"@Name": "ParentProcessId", "#text": "468"}, {"@Name": "ParentImage", "#text": "C:\\Windows\\System32\\services.exe"}, {"@Name": "ParentCommandLine", "#text": "C:\\Windows\\system32\\services.exe"}]}}, 