{"sysmonview": {"Event": [{"@xmlns": "http://schemas.microsoft.com/win/2004/08/events/event", "System": {"Provider": {"@Name": "Microsoft-Windows-Sysmon", "@Guid": "{5770385F-C22A-43E0-BF4C-06F5698FFBD9}"}, "EventID": "16", "Version": "3", "Level": "4", "Task": "16", "Opcode": "0", "Keywords": "0x8000000000000000", "TimeCreated": {"@SystemTime": "2018-06-07T16:10:39.912839700Z"}, "EventRecordID": "1", "Correlation": null, "Execution": {"@ProcessID": "1840", "@ThreadID": "1984"}, "Channel": "Microsoft-Windows-Sysmon/Operational", "Computer": "cuckoo", "Security": {"@UserID": "S-1-5-21-1295059519-2062926601-2140688579-1001"}}, "EventData": {"Data": [{"@Name": "UtcTime", "#text": "2018-06-07 16:10:39.912"}, {"@Name": "Configuration", "#text": "C:\\Tools\\Sysmon\\sysmonconfig-export.xml"}, {"@Name": "ConfigurationFileHash", "#text": "SHA1=50A72B3E27E522FFB332CC32181508C0DDE6A874"}]}}, {"@xmlns": "http://schemas.microsoft.com/win/2004/08/events/event", "System": {"Provider": {"@Name": "Microsoft-Windows-Sysmon", "@Guid": "{5770385F-C22A-43E0-BF4C-06F5698FFBD9}"}, "EventID": "4", "Version": "3", "Level": "4", "Task": "4", "Opcode": "0", "Keywords": "0x8000000000000000", "TimeCreated": {"@SystemTime": "2018-06-07T16:10:39.997917200Z"}, "EventRecordID": "2", "Correlation": null, "Execution": {"@ProcessID": "2004", "@ThreadID": "2588"}, "Channel": "Microsoft-Windows-Sysmon/Operational", "Computer": "cuckoo", "Security": {"@UserID": "S-1-5-18"}}, "EventData": {"Data": [{"@Name": "UtcTime", "#text": "2018-06-07 16:10:39.997"}, {"@Name": "State", "#text": "Started"}, {"@Name": "Version", "#text": "7.03"}, {"@Name": "SchemaVersion", "#text": "4.00"}]}}, {"@xmlns": "http://schemas.microsoft.com/win/2004/08/events/event", "System": {"Provider": {"@Name": "Microsoft-Windows-Sysmon", "@Guid": "{5770385F-C22A-43E0-BF4C-06F5698FFBD9}"}, "EventID": "1", "Version": "5", "Level": "4", "Task": "1", "Opcode": "0", "Keywords": "0x8000000000000000", "TimeCreated": {"@SystemTime": "2018-06-07T16:10:40.048963700Z"}, "EventRecordID": "3", "Correlation": null, "Execution": {"@ProcessID": "2004", "@ThreadID": "2588"}, "Channel": "Microsoft-Windows-Sysmon/Operational", "Computer": "cuckoo", "Security": {"@UserID": "S-1-5-18"}}, "EventData": {"Data": [{"@Name": "UtcTime", "#text": "2018-06-07 16:10:39.929"}, {"@Name": "ProcessGuid", "#text": "{13287959-58FF-5B19-0000-00107EB50600}"}, {"@Name": "ProcessId", "#text": "2004"}, {"@Name": "Image", "#text": "C:\\Windows\\Sysmon.exe"}, {"@Name": "FileVersion", "#text": "7.03"}, {"@Name": "Description", "#text": "System activity monitor"}, {"@Name": "Product", "#text": "Sysinternals Sysmon"}, {"@Name": "Company", "#text": "Sysinternals - www.sysinternals.com"}, {"@Name": "CommandLine", "#text": "C:\\Windows\\Sysmon.exe"}, {"@Name": "CurrentDirectory", "#text": "C:\\Windows\\system32\\"}, {"@Name": "User", "#text": "NT AUTHORITY\\SYSTEM"}, {"@Name": "LogonGuid", "#text": "{13287959-581F-5B19-0000-0020E7030000}"}, {"@Name": "LogonId", "#text": "0x3e7"}, {"@Name": "TerminalSessionId", "#text": "0"}, {"@Name": "IntegrityLevel", "#text": "System"}, {"@Name": "Hashes", "#text": "MD5=28A7E71FA953C64B96C099BE0AAD9AC9,SHA256=F89085ED3079ADF8364F5B7E08C705389469F94699942B0A684BBDD590FDBB69"}, {"@Name": "ParentProcessGuid", "#text": "{13287959-581F-5B19-0000-0010C94D0000}"}, {"@Name": "ParentProcessId", "#text": "468"}, {"@Name": "ParentImage", "#text": "C:\\Windows\\System32\\services.exe"}, {"@Name": "ParentCommandLine", "#text": "C:\\Windows\\system32\\services.exe"}]}}, {"@xmlns": "http://schemas.microsoft.com/win/2004/08/events/event", "System": {"Provider": {"@Name": "Microsoft-Windows-Sysmon", "@Guid": "{5770385F-C22A-43E0-BF4C-06F5698FFBD9}"}, "EventID": "1", "Version": "5", "Level": "4", "Task": "1", "Opcode": "0", "Keywords": "0x8000000000000000", "TimeCreated": {"@SystemTime": "2018-06-07T16:10:40.048963700Z"}, "EventRecordID": "4", "Correlation": null, "Execution": {"@ProcessID": "2004", "@ThreadID": "2588"}, "Channel": "Microsoft-Windows-Sysmon/Operational", "Computer": "cuckoo", "Security": {"@UserID": "S-1-5-18"}}, "EventData": {"Data": [{"@Name": "UtcTime", "#text": "2018-06-07 16:10:39.963"}, {"@Name": "ProcessGuid", "#text": "{13287959-58FF-5B19-0000-0010CBB70600}"}, {"@Name": "ProcessId", "#text": "300"}, {"@Name": "Image", "#text": "C:\\Windows\\System32\\wbem\\unsecapp.exe"}, {"@Name": "FileVersion", "#text": "6.1.7600.16385 (win7_rtm.090713-1255)"}, {"@Name": "Description", "#text": "Sink to receive asynchronous callbacks for WMI client application"}, {"@Name": "Product", "#text": "Microsoft Windows Operating System"}, {"@Name": "Company", "#text": "Microsoft Corporation"}, {"@Name": "CommandLine", "#text": "C:\\Windows\\system32\\wbem\\unsecapp.exe -Embedding"}, {"@Name": "CurrentDirectory", "#text": "C:\\Windows\\system32\\"}, {"@Name": "User", "#text": "NT AUTHORITY\\SYSTEM"}, {"@Name": "LogonGuid", "#text": "{13287959-581F-5B19-0000-0020E7030000}"}, {"@Name": "LogonId", "#text": "0x3e7"}, {"@Name": "TerminalSessionId", "#text": "0"}, {"@Name": "IntegrityLevel", "#text": "System"}, {"@Name": "Hashes", "#text": "MD5=B042D6B383FEC85D73D09DB92F807713,SHA256=861E3DD5FBD6CCCCD0E3EA6187D13F3E4BC42FAA171043238B46717FD24165A6"}, {"@Name": "ParentProcessGuid", "#text": "{13287959-581F-5B19-0000-00102E630000}"}, {"@Name": "ParentProcessId", "#text": "600"}, {"@Name": "ParentImage", "#text": "C:\\Windows\\System32\\svchost.exe"}, {"@Name": "ParentCommandLine", "#text": "C:\\Windows\\system32\\svchost.exe -k DcomLaunch"}]}}, {"@xmlns": "http://schemas.microsoft.com/win/2004/08/events/event", "System": {"Provider": {"@Name": "Microsoft-Windows-Sysmon", "@Guid": "{5770385F-C22A-43E0-BF4C-06F5698FFBD9}"}, "EventID": "1", "Version": "5", "Level": "4", "Task": "1", "Opcode": "0", "Keywords": "0x8000000000000000", "TimeCreated": {"@SystemTime": "2018-06-07T16:11:02.496879800Z"}, "EventRecordID": "5", "Correlation": null, "Execution": {"@ProcessID": "2004", "@ThreadID": "2588"}, "Channel": "Microsoft-Windows-Sysmon/Operational", "Computer": "cuckoo", "Security": {"@UserID": "S-1-5-18"}}, "EventData": {"Data": [{"@Name": "UtcTime", "#text": "2018-06-07 16:11:02.483"}, {"@Name": "ProcessGuid", "#text": "{13287959-5916-5B19-0000-001071200700}"}, {"@Name": "ProcessId", "#text": "4068"}, {"@Name": "Image", "#text": "C:\\Windows\\System32\\rundll32.exe"}, {"@Name": "FileVersion", "#text": "6.1.7600.16385 (win7_rtm.090713-1255)"}, {"@Name": "Description", "#text": "Windows host process (Rundll32)"}, {"@Name": "Product", "#text": "Microsoft Windows Operating System"}, {"@Name": "Company", "#text": "Microsoft Corporation"}, {"@Name": "CommandLine", "#text": "C:\\Windows\\System32\\rundll32.exe shell32.dll,SHCreateLocalServerRunDll {995C996E-D918-4a8c-A302-45719A6F4EA7} -Embedding"}, {"@Name": "CurrentDirectory", "#text": "C:\\Windows\\system32\\"}, {"@Name": "User", "#text": "cuckoo\\cuckoo"}, {"@Name": "LogonGuid", "#text": "{13287959-5820-5B19-0000-002061E50000}"}, {"@Name": "LogonId", "#text": "0xe561"}, {"@Name": "TerminalSessionId", "#text": "1"}, {"@Name": "IntegrityLevel", "#text": "High"}, {"@Name": "Hashes", "#text": "MD5=51138BEEA3E2C21EC44D0932C71762A8,SHA256=5AD3C37E6F2B9DB3EE8B5AEEDC474645DE90C66E3D95F8620C48102F1EBA4124"}, {"@Name": "ParentProcessGuid", "#text": "{13287959-581F-5B19-0000-00102E630000}"}, {"@Name": "ParentProcessId", "#text": "600"}, {"@Name": "ParentImage", "#text": "C:\\Windows\\System32\\svchost.exe"}, {"@Name": "ParentCommandLine", "#text": "C:\\Windows\\system32\\svchost.exe -k DcomLaunch"}]}}, {"@xmlns": "http://schemas.microsoft.com/win/2004/08/events/event", "System": {"Provider": {"@Name": "Microsoft-Windows-Sysmon", "@Guid": "{5770385F-C22A-43E0-BF4C-06F5698FFBD9}"}, "EventID": "1", "Version": "5", "Level": "4", "Task": "1", "Opcode": "0", "Keywords": "0x8000000000000000", "TimeCreated": {"@SystemTime": "2018-06-07T16:11:12.371572700Z"}, "EventRecordID": "6", "Correlation": null, "Execution": {"@ProcessID": "2004", "@ThreadID": "2588"}, "Channel": "Microsoft-Windows-Sysmon/Operational", "Computer": "cuckoo", "Security": {"@UserID": "S-1-5-18"}}, "EventData": {"Data": [{"@Name": "UtcTime", "#text": "2018-06-07 16:11:12.371"}, {"@Name": "ProcessGuid", "#text": "{13287959-5920-5B19-0000-00103F4E0700}"}, {"@Name": "ProcessId", "#text": "2616"}, {"@Name": "Image", "#text": "C:\\Windows\\System32\\LogonUI.exe"}, {"@Name": "FileVersion", "#text": "6.1.7601.17514 (win7sp1_rtm.101119-1850)"}, {"@Name": "Description", "#text": "Windows Logon User Interface Host"}, {"@Name": "Product", "#text": "Microsoft Windows Operating System"}, {"@Name": "Company", "#text": "Microsoft Corporation"}, {"@Name": "CommandLine", "#text": "\"LogonUI.exe\" /flags:0x0"}, {"@Name": "CurrentDirectory", "#text": "C:\\Windows\\system32\\"}, {"@Name": "User", "#text": "NT AUTHORITY\\SYSTEM"}, {"@Name": "LogonGuid", "#text": "{13287959-581F-5B19-0000-0020E7030000}"}, {"@Name": "LogonId", "#text": "0x3e7"}, {"@Name": "TerminalSessionId", "#text": "1"}, {"@Name": "IntegrityLevel", "#text": "System"}, {"@Name": "Hashes", "#text": "MD5=3EF0D8AB08385AAB5802E773511A2E6A,SHA256=1A7EE4BC646767004372EAEA9BC0A2071790E739101F7D25ECD9C95D3F29AFD6"}, {"@Name": "ParentProcessGuid", "#text": "{13287959-581F-5B19-0000-001091450000}"}, {"@Name": "ParentProcessId", "#text": "412"}, {"@Name": "ParentImage", "#text": "C:\\Windows\\System32\\winlogon.exe"}, {"@Name": "ParentCommandLine", "#text": "winlogon.exe"}]}}, {"@xmlns": "http://schemas.microsoft.com/win/2004/08/events/event", "System": {"Provider": {"@Name": "Microsoft-Windows-Sysmon", "@Guid": "{5770385F-C22A-43E0-BF4C-06F5698FFBD9}"}, "EventID": "1", "Version": "5", "Level": "4", "Task": "1", "Opcode": "0", "Keywords": "0x8000000000000000", "TimeCreated": {"@SystemTime": "2018-06-07T16:11:14.488398500Z"}, "EventRecordID": "7", "Correlation": null, "Execution": {"@ProcessID": "2004", "@ThreadID": "2588"}, "Channel": "Microsoft-Windows-Sysmon/Operational", "Computer": "cuckoo", "Security": {"@UserID": "S-1-5-18"}}, "EventData": {"Data": [{"@Name": "UtcTime", "#text": "2018-06-07 16:11:14.458"}, {"@Name": "ProcessGuid", "#text": "{13287959-5922-5B19-0000-0010BA6B0700}"}, {"@Name": "ProcessId", "#text": "3804"}, {"@Name": "Image", "#text": "C:\\Windows\\System32\\LogonUI.exe"}, {"@Name": "FileVersion", "#text": "6.1.7601.17514 (win7sp1_rtm.101119-1850)"}, {"@Name": "Description", "#text": "Windows Logon User Interface Host"}, {"@Name": "Product", "#text": "Microsoft Windows Operating System"}, {"@Name": "Company", "#text": "Microsoft Corporation"}, {"@Name": "CommandLine", "#text": "\"LogonUI.exe\" /flags:0x1"}, {"@Name": "CurrentDirectory", "#text": "C:\\Windows\\system32\\"}, {"@Name": "User", "#text": "NT AUTHORITY\\SYSTEM"}, {"@Name": "LogonGuid", "#text": "{13287959-581F-5B19-0000-0020E7030000}"}, {"@Name": "LogonId", "#text": "0x3e7"}, {"@Name": "TerminalSessionId", "#text": "0"}, {"@Name": "IntegrityLevel", "#text": "System"}, {"@Name": "Hashes", "#text": "MD5=3EF0D8AB08385AAB5802E773511A2E6A,SHA256=1A7EE4BC646767004372EAEA9BC0A2071790E739101F7D25ECD9C95D3F29AFD6"}, {"@Name": "ParentProcessGuid", "#text": "{13287959-581F-5B19-0000-0010C9430000}"}, {"@Name": "ParentProcessId", "#text": "376"}, {"@Name": "ParentImage", "#text": "C:\\Windows\\System32\\wininit.exe"}, {"@Name": "ParentCommandLine", "#text": "wininit.exe"}]}}, {"@xmlns": "http://schemas.microsoft.com/win/2004/08/events/event", "System": {"Provider": {"@Name": "Microsoft-Windows-Sysmon", "@Guid": "{5770385F-C22A-43E0-BF4C-06F5698FFBD9}"}, "EventID": "4", "Version": "3", "Level": "4", "Task": "4", "Opcode": "0", "Keywords": "0x8000000000000000", "TimeCreated": {"@SystemTime": "2018-06-07T16:16:06.298930200Z"}, "EventRecordID": "8", "Correlation": null, "Execution": {"@ProcessID": "1684", "@ThreadID": "792"}, "Channel": "Microsoft-Windows-Sysmon/Operational", "Computer": "cuckoo", "Security": {"@UserID": "S-1-5-18"}}, "EventData": {"Data": [{"@Name": "UtcTime", "#text": "2018-06-07 16:16:06.298"}, {"@Name": "State", "#text": "Started"}, {"@Name": "Version", "#text": "7.03"}, {"@Name": "SchemaVersion", "#text": "4.00"}]}}, {"@xmlns": "http://schemas.microsoft.com/win/2004/08/events/event", "System": {"Provider": {"@Name": "Microsoft-Windows-Sysmon", "@Guid": "{5770385F-C22A-43E0-BF4C-06F5698FFBD9}"}, "EventID": "1", "Version": "5", "Level": "4", "Task": "1", "Opcode": "0", "Keywords": "0x8000000000000000", "TimeCreated": {"@SystemTime": "2018-06-07T16:16:07.159365000Z"}, "EventRecordID": "9", "Correlation": null, "Execution": {"@ProcessID": "1684", "@ThreadID": "792"}, "Channel": "Microsoft-Windows-Sysmon/Operational", "Computer": "cuckoo", "Security": {"@UserID": "S-1-5-18"}}, "EventData": {"Data": [{"@Name": "UtcTime", "#text": "2018-06-07 16:16:01.671"}, {"@Name": "ProcessGuid", "#text": "{13287959-5A41-5B19-0000-00108B400000}"}, {"@Name": "ProcessId", "#text": "312"}, {"@Name": "Image", "#text": "C:\\Windows\\System32\\smss.exe"}, {"@Name": "FileVersion", "#text": "6.1.7600.16385 (win7_rtm.090713-1255)"}, {"@Name": "Description", "#text": "Windows Session Manager"}, {"@Name": "Product", "#text": "Microsoft Windows Operating System"}, {"@Name": "Company", "#text": "Microsoft Corporation"}, {"@Name": "CommandLine", "#text": "\\SystemRoot\\System32\\smss.exe 00000000 0000003c"}, {"@Name": "CurrentDirectory", "#text": "C:\\Windows\\"}, {"@Name": "User", "#text": "NT AUTHORITY\\SYSTEM"}, {"@Name": "LogonGuid", "#text": "{13287959-5A42-5B19-0000-0020E7030000}"}, {"@Name": "LogonId", "#text": "0x3e7"}, {"@Name": "TerminalSessionId", "#text": "0"}, {"@Name": "IntegrityLevel", "#text": "System"}, {"@Name": "Hashes", "#text": "MD5=16742790895960690237A5143CEDEC8B,SHA256=88F7B3DB5D931389A737891E16D7069135959DA03E9EC0FFFE609561837FA74F"}, {"@Name": "ParentProcessGuid", "#text": "{13287959-5A41-5B19-0000-00109A2D0000}"}, {"@Name": "ParentProcessId", "#text": "252"}, {"@Name": "ParentImage", "#text": "C:\\Windows\\System32\\smss.exe"}, {"@Name": "ParentCommandLine", "#text": "\\SystemRoot\\System32\\smss.exe"}]}}, {"@xmlns": "http://schemas.microsoft.com/win/2004/08/events/event", "System": {"Provider": {"@Name": "Microsoft-Windows-Sysmon", "@Guid": "{5770385F-C22A-43E0-BF4C-06F5698FFBD9}"}, "EventID": "1", "Version": "5", "Level": "4", "Task": "1", "Opcode": "0", "Keywords": "0x8000000000000000", "TimeCreated": {"@SystemTime": "2018-06-07T16:16:08.031615400Z"}, "EventRecordID": "10", "Correlation": null, "Execution": {"@ProcessID": "1684", "@ThreadID": "792"}, "Channel": "Microsoft-Windows-Sysmon/Operational", "Computer": "cuckoo", "Security": {"@UserID": "S-1-5-18"}}, "EventData": {"Data": [{"@Name": "UtcTime", "#text": "2018-06-07 16:16:02.234"}, {"@Name": "ProcessGuid", "#text": "{13287959-5A42-5B19-0000-00109E550000}"}, {"@Name": "ProcessId", "#text": "328"}, {"@Name": "Image", "#text": "C:\\Windows\\System32\\csrss.exe"}, {"@Name": "FileVersion", "#text": "6.1.7600.16385 (win7_rtm.090713-1255)"}, {"@Name": "Description", "#text": "Client Server Runtime Process"}, {"@Name": "Product", "#text": "Microsoft Windows Operating System"}, {"@Name": "Company", "#text": "Microsoft Corporation"}, {"@Name": "CommandLine", "#text": "%%SystemRoot%%\\system32\\csrss.exe ObjectDirectory=\\Windows SharedSection=1024,12288,512 Windows=On SubSystemType=Windows ServerDll=basesrv,1 ServerDll=winsrv:UserServerDllInitialization,3 ServerDll=winsrv:ConServerDllInitialization,2 ServerDll=sxssrv,4 ProfileControl=Off MaxRequestThreads=16"}, {"@Name": "CurrentDirectory", "#text": "C:\\Windows\\system32"}, {"@Name": "User", "#text": "NT AUTHORITY\\SYSTEM"}, {"@Name": "LogonGuid", "#text": "{13287959-5A42-5B19-0000-0020E7030000}"}, {"@Name": "LogonId", "#text": "0x3e7"}, {"@Name": "TerminalSessionId", "#text": "0"}, {"@Name": "IntegrityLevel", "#text": "System"}, {"@Name": "Hashes", "#text": "MD5=342271F6142E7C70805B8A81E1BA5F5C,SHA256=F9112B88FEC5EF10A7AEDF88DCEE61956D1FCDE7CB42197216E8265578713786"}, {"@Name": "ParentProcessGuid", "#text": "{13287959-5A41-5B19-0000-00108B400000}"}, {"@Name": "ParentProcessId", "#text": "312"}, {"@Name": "ParentImage", "#text": "C:\\Windows\\System32\\smss.exe"}, {"@Name": "ParentCommandLine", "#text": "\\SystemRoot\\System32\\smss.exe 00000000 0000003c"}]}}, {"@xmlns": "http://schemas.microsoft.com/win/2004/08/events/event", "System": {"Provider": {"@Name": "Microsoft-Windows-Sysmon", "@Guid": "{5770385F-C22A-43E0-BF4C-06F5698FFBD9}"}, "EventID": "1", "Version": "5", "Level": "4", "Task": "1", "Opcode": "0", "Keywords": "0x8000000000000000", "TimeCreated": {"@SystemTime": "2018-06-07T16:16:08.199190600Z"}, "EventRecordID": "11", "Correlation": null, "Execution": {"@ProcessID": "1684", "@ThreadID": "792"}, "Channel": "Microsoft-Windows-Sysmon/Operational", "Computer": "cuckoo", "Security": {"@UserID": "S-1-5-18"}}, "EventData": {"Data": [{"@Name": "UtcTime", "#text": "2018-06-07 16:16:02.343"}, {"@Name": "ProcessGuid", "#text": "{13287959-5A42-5B19-0000-0010FC590000}"}, {"@Name": "ProcessId", "#text": "368"}, {"@Name": "Image", "#text": "C:\\Windows\\System32\\smss.exe"}, {"@Name": "FileVersion", "#text": "6.1.7600.16385 (win7_rtm.090713-1255)"}, {"@Name": "Description", "#text": "Windows Session Manager"}, {"@Name": "Product", "#text": "Microsoft Windows Operating System"}, {"@Name": "Company", "#text": "Microsoft Corporation"}, {"@Name": "CommandLine", "#text": "\\SystemRoot\\System32\\smss.exe 00000001 0000003c"}, {"@Name": "CurrentDirectory", "#text": "C:\\Windows\\"}, {"@Name": "User", "#text": "NT AUTHORITY\\SYSTEM"}, {"@Name": "LogonGuid", "#text": "{13287959-5A42-5B19-0000-0020E7030000}"}, {"@Name": "LogonId", "#text": "0x3e7"}, {"@Name": "TerminalSessionId", "#text": "1"}, {"@Name": "IntegrityLevel", "#text": "System"}, {"@Name": "Hashes", "#text": "MD5=16742790895960690237A5143CEDEC8B,SHA256=88F7B3DB5D931389A737891E16D7069135959DA03E9EC0FFFE609561837FA74F"}, {"@Name": "ParentProcessGuid", "#text": "{13287959-5A41-5B19-0000-00109A2D0000}"}, {"@Name": "ParentProcessId", "#text": "252"}, {"@Name": "ParentImage", "#text": "C:\\Windows\\System32\\smss.exe"}, {"@Name": "ParentCommandLine", "#text": "\\SystemRoot\\System32\\smss.exe"}]}}, {"@xmlns": "http://schemas.microsoft.com/win/2004/08/events/event", "System": {"Provider": {"@Name": "Microsoft-Windows-Sysmon", "@Guid": "{5770385F-C22A-43E0-BF4C-06F5698FFBD9}"}, "EventID": "1", "Version": "5", "Level": "4", "Task": "1", "Opcode": "0", "Keywords": "0x8000000000000000", "TimeCreated": {"@SystemTime": "2018-06-07T16:16:08.199190600Z"}, "EventRecordID": "12", "Correlation": null, "Execution": {"@ProcessID": "1684", "@ThreadID": "792"}, "Channel": "Microsoft-Windows-Sysmon/Operational", "Computer": "cuckoo", "Security": {"@UserID": "S-1-5-18"}}, "EventData": {"Data": [{"@Name": "UtcTime", "#text": "2018-06-07 16:16:02.343"}, {"@Name": "ProcessGuid", "#text": "{13287959-5A42-5B19-0000-00104D5A0000}"}, {"@Name": "ProcessId", "#text": "384"}, {"@Name": "Image", "#text": "C:\\Windows\\System32\\csrss.exe"}, {"@Name": "FileVersion", "#text": "6.1.7600.16385 (win7_rtm.090713-1255)"}, {"@Name": "Description", "#text": "Client Server Runtime Process"}, {"@Name": "Product", "#text": "Microsoft Windows Operating System"}, {"@Name": "Company", "#text": "Microsoft Corporation"}, {"@Name": "CommandLine", "#text": "%%SystemRoot%%\\system32\\csrss.exe ObjectDirectory=\\Windows SharedSection=1024,12288,512 Windows=On SubSystemType=Windows ServerDll=basesrv,1 ServerDll=winsrv:UserServerDllInitialization,3 ServerDll=winsrv:ConServerDllInitialization,2 ServerDll=sxssrv,4 ProfileControl=Off MaxRequestThreads=16"}, {"@Name": "CurrentDirectory", "#text": "C:\\Windows\\system32"}, {"@Name": "User", "#text": "NT AUTHORITY\\SYSTEM"}, {"@Name": "LogonGuid", "#text": "{13287959-5A42-5B19-0000-0020E7030000}"}, {"@Name": "LogonId", "#text": "0x3e7"}, {"@Name": "TerminalSessionId", "#text": "1"}, {"@Name": "IntegrityLevel", "#text": "System"}, {"@Name": "Hashes", "#text": "MD5=342271F6142E7C70805B8A81E1BA5F5C,SHA256=F9112B88FEC5EF10A7AEDF88DCEE61956D1FCDE7CB42197216E8265578713786"}, {"@Name": "ParentProcessGuid", "#text": "{13287959-5A42-5B19-0000-0010FC590000}"}, {"@Name": "ParentProcessId", "#text": "368"}, {"@Name": "ParentImage", "#text": "C:\\Windows\\System32\\smss.exe"}, {"@Name": "ParentCommandLine", "#text": "\\SystemRoot\\System32\\smss.exe 00000001 0000003c"}]}}, {"@xmlns": "http://schemas.microsoft.com/win/2004/08/events/event", "System": {"Provider": {"@Name": "Microsoft-Windows-Sysmon", "@Guid": "{5770385F-C22A-43E0-BF4C-06F5698FFBD9}"}, "EventID": "1", "Version": "5", "Level": "4", "Task": "1", "Opcode": "0", "Keywords": "0x8000000000000000", "TimeCreated": {"@SystemTime": "2018-06-07T16:16:08.200264800Z"}, "EventRecordID": "13", "Correlation": null, "Execution": {"@ProcessID": "1684", "@ThreadID": "792"}, "Channel": "Microsoft-Windows-Sysmon/Operational", "Computer": "cuckoo", "Security": {"@UserID": "S-1-5-18"}}, "EventData": {"Data": [{"@Name": "UtcTime", "#text": "2018-06-07 16:16:02.343"}, {"@Name": "ProcessGuid", "#text": "{13287959-5A42-5B19-0000-0010275A0000}"}, {"@Name": "ProcessId", "#text": "376"}, {"@Name": "Image", "#text": "C:\\Windows\\System32\\wininit.exe"}, {"@Name": "FileVersion", "#text": "6.1.7600.16385 (win7_rtm.090713-1255)"}, {"@Name": "Description", "#text": "Windows Start-Up Application"}, {"@Name": "Product", "#text": "Microsoft Windows Operating System"}, {"@Name": "Company", "#text": "Microsoft Corporation"}, {"@Name": "CommandLine", "#text": "wininit.exe"}, {"@Name": "CurrentDirectory", "#text": "C:\\Windows\\system32"}, {"@Name": "User", "#text": "NT AUTHORITY\\SYSTEM"}, {"@Name": "LogonGuid", "#text": "{13287959-5A42-5B19-0000-0020E7030000}"}, {"@Name": "LogonId", "#text": "0x3e7"}, {"@Name": "TerminalSessionId", "#text": "0"}, {"@Name": "IntegrityLevel", "#text": "System"}, {"@Name": "Hashes", "#text": "MD5=B5C5DCAD3899512020D135600129D665,SHA256=F6B4D18FA0D3C4958711AC0D476C21A6FDF2897F989A0AD290B43F463DD8B5B0"}, {"@Name": "ParentProcessGuid", "#text": "{13287959-5A41-5B19-0000-00108B400000}"}, {"@Name": "ParentProcessId", "#text": "312"}, {"@Name": "ParentImage", "#text": "C:\\Windows\\System32\\smss.exe"}, {"@Name": "ParentCommandLine", "#text": "\\SystemRoot\\System32\\smss.exe 00000000 0000003c"}]}}, {"@xmlns": "http://schemas.microsoft.com/win/2004/08/events/event", "System": {"Provider": {"@Name": "Microsoft-Windows-Sysmon", "@Guid": "{5770385F-C22A-43E0-BF4C-06F5698FFBD9}"}, "EventID": "1", "Version": "5", "Level": "4", "Task": "1", "Opcode": "0", "Keywords": "0x8000000000000000", "TimeCreated": {"@SystemTime": "2018-06-07T16:16:08.216377800Z"}, "EventRecordID": "14", "Correlation": null, "Execution": {"@ProcessID": "1684", "@ThreadID": "792"}, "Channel": "Microsoft-Windows-Sysmon/Operational", "Computer": "cuckoo", "Security": {"@UserID": "S-1-5-18"}}, "EventData": {"Data": [{"@Name": "UtcTime", "#text": "2018-06-07 16:16:02.375"}, {"@Name": "ProcessGuid", "#text": "{13287959-5A42-5B19-0000-0010335C0000}"}, {"@Name": "ProcessId", "#text": "412"}, {"@Name": "Image", "#text": "C:\\Windows\\System32\\winlogon.exe"}, {"@Name": "FileVersion", "#text": "6.1.7601.17514 (win7sp1_rtm.101119-1850)"}, {"@Name": "Description", "#text": "Windows Logon Application"}, {"@Name": "Product", "#text": "Microsoft Windows Operating System"}, {"@Name": "Company", "#text": "Microsoft Corporation"}, {"@Name": "CommandLine", "#text": "winlogon.exe"}, {"@Name": "CurrentDirectory", "#text": "C:\\Windows\\system32"}, {"@Name": "User", "#text": "NT AUTHORITY\\SYSTEM"}, {"@Name": "LogonGuid", "#text": "{13287959-5A42-5B19-0000-0020E7030000}"}, {"@Name": "LogonId", "#text": "0x3e7"}, {"@Name": "TerminalSessionId", "#text": "1"}, {"@Name": "IntegrityLevel", "#text": "System"}, {"@Name": "Hashes", "#text": "MD5=6D13E1406F50C66E2A95D97F22C47560,SHA256=BE40E84A824CB201F9C54DB4F860F3937630FDA3423940D44FCF4AC5DFF44271"}, {"@Name": "ParentProcessGuid", "#text": "{13287959-5A42-5B19-0000-0010FC590000}"}, {"@Name": "ParentProcessId", "#text": "368"}, {"@Name": "ParentImage", "#text": "C:\\Windows\\System32\\smss.exe"}, {"@Name": "ParentCommandLine", "#text": "\\SystemRoot\\System32\\smss.exe 00000001 0000003c"}]}}, {"@xmlns": "http://schemas.microsoft.com/win/2004/08/events/event", "System": {"Provider": {"@Name": "Microsoft-Windows-Sysmon", "@Guid": "{5770385F-C22A-43E0-BF4C-06F5698FFBD9}"}, "EventID": "1", "Version": "5", "Level": "4", "Task": "1", "Opcode": "0", "Keywords": "0x8000000000000000", "TimeCreated": {"@SystemTime": "2018-06-07T16:16:08.238936000Z"}, "EventRecordID": "15", "Correlation": null, "Execution": {"@ProcessID": "1684", "@ThreadID": "792"}, "Channel": "Microsoft-Windows-Sysmon/Operational", "Computer": "cuckoo", "Security": {"@UserID": "S-1-5-18"}}, "EventData": {"Data": [{"@Name": "UtcTime", "#text": "2018-06-07 16:16:02.515"}, {"@Name": "ProcessGuid", "#text": "{13287959-5A42-5B19-0000-00104E630000}"}, {"@Name": "ProcessId", "#text": "468"}, {"@Name": "Image", "#text": "C:\\Windows\\System32\\services.exe"}, {"@Name": "FileVersion", "#text": "6.1.7600.16385 (win7_rtm.090713-1255)"}, {"@Name": "Description", "#text": "Services and Controller app"}, {"@Name": "Product", "#text": "Microsoft Windows Operating System"}, {"@Name": "Company", "#text": "Microsoft Corporation"}, {"@Name": "CommandLine", "#text": "C:\\Windows\\system32\\services.exe"}, {"@Name": "CurrentDirectory", "#text": "C:\\Windows\\system32\\"}, {"@Name": "User", "#text": "NT AUTHORITY\\SYSTEM"}, {"@Name": "LogonGuid", "#text": "{13287959-5A42-5B19-0000-0020E7030000}"}, {"@Name": "LogonId", "#text": "0x3e7"}, {"@Name": "TerminalSessionId", "#text": "0"}, {"@Name": "IntegrityLevel", "#text": "System"}, {"@Name": "Hashes", "#text": "MD5=5F1B6A9C35D3D5CA72D6D6FDEF9747D6,SHA256=D7BC4ED605B32274B45328FD9914FB0E7B90D869A38F0E6F94FB1BF4E9E2B407"}, {"@Name": "ParentProcessGuid", "#text": "{13287959-5A42-5B19-0000-0010275A0000}"}, {"@Name": "ParentProcessId", "#text": "376"}, {"@Name": "ParentImage", "#text": "C:\\Windows\\System32\\wininit.exe"}, {"@Name": "ParentCommandLine", "#text": "wininit.exe"}]}}, {"@xmlns": "http://schemas.microsoft.com/win/2004/08/events/event", "System": {"Provider": {"@Name": "Microsoft-Windows-Sysmon", "@Guid": "{5770385F-C22A-43E0-BF4C-06F5698FFBD9}"}, "EventID": "1", "Version": "5", "Level": "4", "Task": "1", "Opcode": "0", "Keywords": "0x8000000000000000", "TimeCreated": {"@SystemTime": "2018-06-07T16:16:08.238936000Z"}, "EventRecordID": "16", "Correlation": null, "Execution": {"@ProcessID": "1684", "@ThreadID": "792"}, "Channel": "Microsoft-Windows-Sysmon/Operational", "Computer": "cuckoo", "Security": {"@UserID": "S-1-5-18"}}, "EventData": {"Data": [{"@Name": "UtcTime", "#text": "2018-06-07 16:16:02.578"}, {"@Name": "ProcessGuid", "#text": "{13287959-5A42-5B19-0000-001099640000}"}, {"@Name": "ProcessId", "#text": "484"}, {"@Name": "Image", "#text": "C:\\Windows\\System32\\lsass.exe"}, {"@Name": "FileVersion", "#text": "6.1.7600.16385 (win7_rtm.090713-1255)"}, {"@Name": "Description", "#text": "Local Security Authority Process"}, {"@Name": "Product", "#text": "Microsoft Windows Operating System"}, {"@Name": "Company", "#text": "Microsoft Corporation"}, {"@Name": "CommandLine", "#text": "C:\\Windows\\system32\\lsass.exe"}, {"@Name": "CurrentDirectory", "#text": "C:\\Windows\\system32\\"}, {"@Name": "User", "#text": "NT AUTHORITY\\SYSTEM"}, {"@Name": "LogonGuid", "#text": "{13287959-5A42-5B19-0000-0020E7030000}"}, {"@Name": "LogonId", "#text": "0x3e7"}, {"@Name": "TerminalSessionId", "#text": "0"}, {"@Name": "IntegrityLevel", "#text": "System"}, {"@Name": "Hashes", "#text": "MD5=F42309C4191C506B71DB5D1126D26318,SHA256=29B0A8889857CEBFA6CBD795D5EECDDFFA04E794BD3C73FC488725B2A160F326"}, {"@Name": "ParentProcessGuid", "#text": "{13287959-5A42-5B19-0000-0010275A0000}"}, {"@Name": "ParentProcessId", "#text": "376"}, {"@Name": "ParentImage", "#text": "C:\\Windows\\System32\\wininit.exe"}, {"@Name": "ParentCommandLine", "#text": "wininit.exe"}]}}, {"@xmlns": "http://schemas.microsoft.com/win/2004/08/events/event", "System": {"Provider": {"@Name": "Microsoft-Windows-Sysmon", "@Guid": "{5770385F-C22A-43E0-BF4C-06F5698FFBD9}"}, "EventID": "1", "Version": "5", "Level": "4", "Task": "1", "Opcode": "0", "Keywords": "0x8000000000000000", "TimeCreated": {"@SystemTime": "2018-06-07T16:16:08.240010200Z"}, "EventRecordID": "17", "Correlation": null, "Execution": {"@ProcessID": "1684", "@ThreadID": "792"}, "Channel": "Microsoft-Windows-Sysmon/Operational", "Computer": "cuckoo", "Security": {"@UserID": "S-1-5-18"}}, "EventData": {"Data": [{"@Name": "UtcTime", "#text": "2018-06-07 16:16:02.578"}, {"@Name": "ProcessGuid", "#text": "{13287959-5A42-5B19-0000-0010C5640000}"}, {"@Name": "ProcessId", "#text": "492"}, {"@Name": "Image", "#text": "C:\\Windows\\System32\\lsm.exe"}, {"@Name": "FileVersion", "#text": "6.1.7600.16385 (win7_rtm.090713-1255)"}, {"@Name": "Description", "#text": "Local Session Manager Service"}, {"@Name": "Product", "#text": "Microsoft Windows Operating System"}, {"@Name": "Company", "#text": "Microsoft Corporation"}, {"@Name": "CommandLine", "#text": "C:\\Windows\\system32\\lsm.exe"}, {"@Name": "CurrentDirectory", "#text": "C:\\Windows\\system32\\"}, {"@Name": "User", "#text": "NT AUTHORITY\\SYSTEM"}, {"@Name": "LogonGuid", "#text": "{13287959-5A42-5B19-0000-0020E7030000}"}, {"@Name": "LogonId", "#text": "0x3e7"}, {"@Name": "TerminalSessionId", "#text": "0"}, {"@Name": "IntegrityLevel", "#text": "System"}, {"@Name": "Hashes", "#text": "MD5=8AEA9A37C1A3565A204D37C5E72AB791,SHA256=939903F93FF37525A6C4B5CBA29CDEEE6D6055C42D605E80AE787F2A76F9870E"}, {"@Name": "ParentProcessGuid", "#text": "{13287959-5A42-5B19-0000-0010275A0000}"}, {"@Name": "ParentProcessId", "#text": "376"}, {"@Name": "ParentImage", "#text": "C:\\Windows\\System32\\wininit.exe"}, {"@Name": "ParentCommandLine", "#text": "wininit.exe"}]}}, {"@xmlns": "http://schemas.microsoft.com/win/2004/08/events/event", "System": {"Provider": {"@Name": "Microsoft-Windows-Sysmon", "@Guid": "{5770385F-C22A-43E0-BF4C-06F5698FFBD9}"}, "EventID": "12", "Version": "2", "Level": "4", "Task": "12", "Opcode": "0", "Keywords": "0x8000000000000000", "TimeCreated": {"@SystemTime": "2018-06-07T16:16:08.429069400Z"}, "EventRecordID": "18", "Correlation": null, "Execution": {"@ProcessID": "1684", "@ThreadID": "792"}, "Channel": "Microsoft-Windows-Sysmon/Operational", "Computer": "cuckoo", "Security": {"@UserID": "S-1-5-18"}}, "EventData": {"Data": [{"@Name": "EventType", "#text": "CreateKey"}, {"@Name": "UtcTime", "#text": "2018-06-07 16:16:02.734"}, {"@Name": "ProcessGuid", "#text": "{13287959-5A42-5B19-0000-001099640000}"}, {"@Name": "ProcessId", "#text": "484"}, {"@Name": "Image", "#text": "C:\\Windows\\system32\\lsass.exe"}, {"@Name": "TargetObject", "#text": "HKLM\\System\\CurrentControlSet\\Control\\Lsa\\SspiCache\\credssp.dll"}]}}, {"@xmlns": "http://schemas.microsoft.com/win/2004/08/events/event", "System": {"Provider": {"@Name": "Microsoft-Windows-Sysmon", "@Guid": "{5770385F-C22A-43E0-BF4C-06F5698FFBD9}"}, "EventID": "13", "Version": "2", "Level": "4", "Task": "13", "Opcode": "0", "Keywords": "0x8000000000000000", "TimeCreated": {"@SystemTime": "2018-06-07T16:16:08.431217800Z"}, "EventRecordID": "19", "Correlation": null, "Execution": {"@ProcessID": "1684", "@ThreadID": "792"}, "Channel": "Microsoft-Windows-Sysmon/Operational", "Computer": "cuckoo", "Security": {"@UserID": "S-1-5-18"}}, "EventData": {"Data": [{"@Name": "EventType", "#text": "SetValue"}, {"@Name": "UtcTime", "#text": "2018-06-07 16:16:02.750"}, {"@Name": "ProcessGuid", "#text": "{13287959-5A42-5B19-0000-001099640000}"}, {"@Name": "ProcessId", "#text": "484"}, {"@Name": "Image", "#text": "C:\\Windows\\system32\\lsass.exe"}, {"@Name": "TargetObject", "#text": "HKLM\\System\\CurrentControlSet\\Control\\Lsa\\ProductType"}, {"@Name": "Details", "#text": "DWORD (0x00000004)"}]}}, {"@xmlns": "http://schemas.microsoft.com/win/2004/08/events/event", "System": {"Provider": {"@Name": "Microsoft-Windows-Sysmon", "@Guid": "{5770385F-C22A-43E0-BF4C-06F5698FFBD9}"}, "EventID": "1", "Version": "5", "Level": "4", "Task": "1", "Opcode": "0", "Keywords": "0x8000000000000000", "TimeCreated": {"@SystemTime": "2018-06-07T16:16:08.463443800Z"}, "EventRecordID": "20", "Correlation": null, "Execution": {"@ProcessID": "1684", "@ThreadID": "792"}, "Channel": "Microsoft-Windows-Sysmon/Operational", "Computer": "cuckoo", "Security": {"@UserID": "S-1-5-18"}}, "EventData": {"Data": [{"@Name": "UtcTime", "#text": "2018-06-07 16:16:02.812"}, {"@Name": "ProcessGuid", "#text": "{13287959-5A42-5B19-0000-00108A7B0000}"}, {"@Name": "ProcessId", "#text": "600"}, {"@Name": "Image", "#text": "C:\\Windows\\System32\\svchost.exe"}, {"@Name": "FileVersion", "#text": "6.1.7600.16385 (win7_rtm.090713-1255)"}, {"@Name": "Description", "#text": "Host Process for Windows Services"}, {"@Name": "Product", "#text": "Microsoft Windows Operating System"}, {"@Name": "Company", "#text": "Microsoft Corporation"}, {"@Name": "CommandLine", "#text": "C:\\Windows\\system32\\svchost.exe -k DcomLaunch"}, {"@Name": "CurrentDirectory", "#text": "C:\\Windows\\system32\\"}, {"@Name": "User", "#text": "NT AUTHORITY\\SYSTEM"}, {"@Name": "LogonGuid", "#text": "{13287959-5A42-5B19-0000-0020E7030000}"}, {"@Name": "LogonId", "#text": "0x3e7"}, {"@Name": "TerminalSessionId", "#text": "0"}, {"@Name": "IntegrityLevel", "#text": "System"}, {"@Name": "Hashes", "#text": "MD5=54A47F6B5E09A77E61649109C6A08866,SHA256=121118A0F5E0E8C933EFD28C9901E54E42792619A8A3A6D11E1F0025A7324BC2"}, {"@Name": "ParentProcessGuid", "#text": "{13287959-5A42-5B19-0000-00104E630000}"}, {"@Name": "ParentProcessId", "#text": "468"}, {"@Name": "ParentImage", "#text": "C:\\Windows\\System32\\services.exe"}, {"@Name": "ParentCommandLine", "#text": "C:\\Windows\\system32\\services.exe"}]}}, {"@xmlns": "http://schemas.microsoft.com/win/2004/08/events/event", "System": {"Provider": {"@Name": "Microsoft-Windows-Sysmon", "@Guid": "{5770385F-C22A-43E0-BF4C-06F5698FFBD9}"}, "EventID": "1", "Version": "5", "Level": "4", "Task": "1", "Opcode": "0", "Keywords": "0x8000000000000000", "TimeCreated": {"@SystemTime": "2018-06-07T16:16:08.523599000Z"}, "EventRecordID": "21", "Correlation": null, "Execution": {"@ProcessID": "1684", "@ThreadID": "792"}, "Channel": "Microsoft-Windows-Sysmon/Operational", "Computer": "cuckoo", "Security": {"@UserID": "S-1-5-18"}}, "EventData": {"Data": [{"@Name": "UtcTime", "#text": "2018-06-07 16:16:02.937"}, {"@Name": "ProcessGuid", "#text": "{13287959-5A42-5B19-0000-00102AC30000}"}, {"@Name": "ProcessId", "#text": "660"}, {"@Name": "Image", "#text": "C:\\Windows\\System32\\VBoxService.exe"}, {"@Name": "FileVersion", "#text": "5.1.34.121010"}, {"@Name": "Description", "#text": "VirtualBox Guest Additions Service"}, {"@Name": "Product", "#text": "Oracle VM VirtualBox Guest Additions"}, {"@Name": "Company", "#text": "Oracle Corporation"}, {"@Name": "CommandLine", "#text": "C:\\Windows\\System32\\VBoxService.exe"}, {"@Name": "CurrentDirectory", "#text": "C:\\Windows\\system32\\"}, {"@Name": "User", "#text": "NT AUTHORITY\\SYSTEM"}, {"@Name": "LogonGuid", "#text": "{13287959-5A42-5B19-0000-0020E7030000}"}, {"@Name": "LogonId", "#text": "0x3e7"}, {"@Name": "TerminalSessionId", "#text": "0"}, {"@Name": "IntegrityLevel", "#text": "System"}, {"@Name": "Hashes", "#text": "MD5=8FEF2C8AC2DC4647DC2AD99AB0805B8B,SHA256=F4CA6D35F1A565B3DFCD63C449EEE5542E9A40C346184E01B3FF228A3EF1093A"}, {"@Name": "ParentProcessGuid", "#text": "{13287959-5A42-5B19-0000-00104E630000}"}, {"@Name": "ParentProcessId", "#text": "468"}, {"@Name": "ParentImage", "#text": "C:\\Windows\\System32\\services.exe"}, {"@Name": "ParentCommandLine", "#text": "C:\\Windows\\system32\\services.exe"}]}}, {"@xmlns": "http://schemas.microsoft.com/win/2004/08/events/event", "System": {"Provider": {"@Name": "Microsoft-Windows-Sysmon", "@Guid": "{5770385F-C22A-43E0-BF4C-06F5698FFBD9}"}, "EventID": "1", "Version": "5", "Level": "4", "Task": "1", "Opcode": "0", "Keywords": "0x8000000000000000", "TimeCreated": {"@SystemTime": "2018-06-07T16:16:08.551528200Z"}, "EventRecordID": "22", "Correlation": null, "Execution": {"@ProcessID": "1684", "@ThreadID": "792"}, "Channel": "Microsoft-Windows-Sysmon/Operational", "Computer": "cuckoo", "Security": {"@UserID": "S-1-5-18"}}, "EventData": {"Data": [{"@Name": "UtcTime", "#text": "2018-06-07 16:16:03.068"}, {"@Name": "ProcessGuid", "#text": "{13287959-5A43-5B19-0000-00105BCA0000}"}, {"@Name": "ProcessId", "#text": "800"}, {"@Name": "Image", "#text": "C:\\Windows\\System32\\LogonUI.exe"}, {"@Name": "FileVersion", "#text": "6.1.7601.17514 (win7sp1_rtm.101119-1850)"}, {"@Name": "Description", "#text": "Windows Logon User Interface Host"}, {"@Name": "Product", "#text": "Microsoft Windows Operating System"}, {"@Name": "Company", "#text": "Microsoft Corporation"}, {"@Name": "CommandLine", "#text": "\"LogonUI.exe\" /flags:0x0"}, {"@Name": "CurrentDirectory", "#text": "C:\\Windows\\system32\\"}, {"@Name": "User", "#text": "NT AUTHORITY\\SYSTEM"}, {"@Name": "LogonGuid", "#text": "{13287959-5A42-5B19-0000-0020E7030000}"}, {"@Name": "LogonId", "#text": "0x3e7"}, {"@Name": "TerminalSessionId", "#text": "1"}, {"@Name": "IntegrityLevel", "#text": "System"}, {"@Name": "Hashes", "#text": "MD5=3EF0D8AB08385AAB5802E773511A2E6A,SHA256=1A7EE4BC646767004372EAEA9BC0A2071790E739101F7D25ECD9C95D3F29AFD6"}, {"@Name": "ParentProcessGuid", "#text": "{13287959-5A42-5B19-0000-0010335C0000}"}, {"@Name": "ParentProcessId", "#text": "412"}, {"@Name": "ParentImage", "#text": "C:\\Windows\\System32\\winlogon.exe"}, {"@Name": "ParentCommandLine", "#text": "winlogon.exe"}]}}, {"@xmlns": "http://schemas.microsoft.com/win/2004/08/events/event", "System": {"Provider": {"@Name": "Microsoft-Windows-Sysmon", "@Guid": "{5770385F-C22A-43E0-BF4C-06F5698FFBD9}"}, "EventID": "1", "Version": "5", "Level": "4", "Task": "1", "Opcode": "0", "Keywords": "0x8000000000000000", "TimeCreated": {"@SystemTime": "2018-06-07T16:16:08.686877400Z"}, "EventRecordID": "23", "Correlation": null, "Execution": {"@ProcessID": "1684", "@ThreadID": "792"}, "Channel": "Microsoft-Windows-Sysmon/Operational", "Computer": "cuckoo", "Security": {"@UserID": "S-1-5-18"}}, "EventData": {"Data": [{"@Name": "UtcTime", "#text": "2018-06-07 16:16:03.464"}, {"@Name": "ProcessGuid", "#text": "{13287959-5A43-5B19-0000-0010EFF40000}"}, {"@Name": "ProcessId", "#text": "1060"}, {"@Name": "Image", "#text": "C:\\Windows\\System32\\svchost.exe"}, {"@Name": "FileVersion", "#text": "6.1.7600.16385 (win7_rtm.090713-1255)"}, {"@Name": "Description", "#text": "Host Process for Windows Services"}, {"@Name": "Product", "#text": "Microsoft Windows Operating System"}, {"@Name": "Company", "#text": "Microsoft Corporation"}, {"@Name": "CommandLine", "#text": "C:\\Windows\\system32\\svchost.exe -k LocalService"}, {"@Name": "CurrentDirectory", "#text": "C:\\Windows\\system32\\"}, {"@Name": "User", "#text": "NT AUTHORITY\\LOCAL SERVICE"}, {"@Name": "LogonGuid", "#text": "{13287959-5A43-5B19-0000-0020E5030000}"}, {"@Name": "LogonId", "#text": "0x3e5"}, {"@Name": "TerminalSessionId", "#text": "0"}, {"@Name": "IntegrityLevel", "#text": "System"}, {"@Name": "Hashes", "#text": "MD5=54A47F6B5E09A77E61649109C6A08866,SHA256=121118A0F5E0E8C933EFD28C9901E54E42792619A8A3A6D11E1F0025A7324BC2"}, {"@Name": "ParentProcessGuid", "#text": "{13287959-5A42-5B19-0000-00104E630000}"}, {"@Name": "ParentProcessId", "#text": "468"}, {"@Name": "ParentImage", "#text": "C:\\Windows\\System32\\services.exe"}, {"@Name": "ParentCommandLine", "#text": "C:\\Windows\\system32\\services.exe"}]}}, {"@xmlns": "http://schemas.microsoft.com/win/2004/08/events/event", "System": {"Provider": {"@Name": "Microsoft-Windows-Sysmon", "@Guid": "{5770385F-C22A-43E0-BF4C-06F5698FFBD9}"}, "EventID": "1", "Version": "5", "Level": "4", "Task": "1", "Opcode": "0", "Keywords": "0x8000000000000000", "TimeCreated": {"@SystemTime": "2018-06-07T16:16:08.791074800Z"}, "EventRecordID": "24", "Correlation": null, "Execution": {"@ProcessID": "1684", "@ThreadID": "792"}, "Channel": "Microsoft-Windows-Sysmon/Operational", "Computer": "cuckoo", "Security": {"@UserID": "S-1-5-18"}}, "EventData": {"Data": [{"@Name": "UtcTime", "#text": "2018-06-07 16:16:03.842"}, {"@Name": "ProcessGuid", "#text": "{13287959-5A43-5B19-0000-001042180100}"}, {"@Name": "ProcessId", "#text": "1312"}, {"@Name": "Image", "#text": "C:\\Windows\\System32\\userinit.exe"}, {"@Name": "FileVersion", "#text": "6.1.7600.16385 (win7_rtm.090713-1255)"}, {"@Name": "Description", "#text": "Userinit Logon Application"}, {"@Name": "Product", "#text": "Microsoft Windows Operating System"}, {"@Name": "Company", "#text": "Microsoft Corporation"}, {"@Name": "CommandLine", "#text": "C:\\Windows\\system32\\userinit.exe"}, {"@Name": "CurrentDirectory", "#text": "C:\\Windows\\system32\\"}, {"@Name": "User", "#text": "cuckoo\\cuckoo"}, {"@Name": "LogonGuid", "#text": "{13287959-5A43-5B19-0000-0020F0FF0000}"}, {"@Name": "LogonId", "#text": "0xfff0"}, {"@Name": "TerminalSessionId", "#text": "1"}, {"@Name": "IntegrityLevel", "#text": "High"}, {"@Name": "Hashes", "#text": "MD5=61AC3EFDFACFDD3F0F11DD4FD4044223,SHA256=538FE1012FEDC72727A8DE0C2C01944B3D35C29812ECEF88E95AAC07235E0B0B"}, {"@Name": "ParentProcessGuid", "#text": "{13287959-5A42-5B19-0000-0010335C0000}"}, {"@Name": "ParentProcessId", "#text": "412"}, {"@Name": "ParentImage", "#text": "C:\\Windows\\System32\\winlogon.exe"}, {"@Name": "ParentCommandLine", "#text": "winlogon.exe"}]}}, {"@xmlns": "http://schemas.microsoft.com/win/2004/08/events/event", "System": {"Provider": {"@Name": "Microsoft-Windows-Sysmon", "@Guid": "{5770385F-C22A-43E0-BF4C-06F5698FFBD9}"}, "EventID": "11", "Version": "2", "Level": "4", "Task": "11", "Opcode": "0", "Keywords": "0x8000000000000000", "TimeCreated": {"@SystemTime": "2018-06-07T16:16:08.799668400Z"}, "EventRecordID": "25", "Correlation": null, "Execution": {"@ProcessID": "1684", "@ThreadID": "792"}, "Channel": "Microsoft-Windows-Sysmon/Operational", "Computer": "cuckoo", "Security": {"@UserID": "S-1-5-18"}}, "EventData": {"Data": [{"@Name": "UtcTime", "#text": "2018-06-07 16:16:03.910"}, {"@Name": "ProcessGuid", "#text": "{13287959-5A43-5B19-0000-0010ECD50000}"}, {"@Name": "ProcessId", "#text": "884"}, {"@Name": "Image", "#text": "C:\\Windows\\system32\\svchost.exe"}, {"@Name": "TargetFilename", "#text": "C:\\Windows\\Tasks\\SA.DAT"}, {"@Name": "CreationUtcTime", "#text": "2009-07-14 04:53:47.031"}]}}, {"@xmlns": "http://schemas.microsoft.com/win/2004/08/events/event", "System": {"Provider": {"@Name": "Microsoft-Windows-Sysmon", "@Guid": "{5770385F-C22A-43E0-BF4C-06F5698FFBD9}"}, "EventID": "1", "Version": "5", "Level": "4", "Task": "1", "Opcode": "0", "Keywords": "0x8000000000000000", "TimeCreated": {"@SystemTime": "2018-06-07T16:16:08.806113600Z"}, "EventRecordID": "26", "Correlation": null, "Execution": {"@ProcessID": "1684", "@ThreadID": "792"}, "Channel": "Microsoft-Windows-Sysmon/Operational", "Computer": "cuckoo", "Security": {"@UserID": "S-1-5-18"}}, "EventData": {"Data": [{"@Name": "UtcTime", "#text": "2018-06-07 16:16:03.962"}, {"@Name": "ProcessGuid", "#text": "{13287959-5A43-5B19-0000-0010F1210100}"}, {"@Name": "ProcessId", "#text": "1392"}, {"@Name": "Image", "#text": "C:\\Windows\\System32\\spoolsv.exe"}, {"@Name": "FileVersion", "#text": "6.1.7600.16385 (win7_rtm.090713-1255)"}, {"@Name": "Description", "#text": "Spooler SubSystem App"}, {"@Name": "Product", "#text": "Microsoft Windows Operating System"}, {"@Name": "Company", "#text": "Microsoft Corporation"}, {"@Name": "CommandLine", "#text": "C:\\Windows\\System32\\spoolsv.exe"}, {"@Name": "CurrentDirectory", "#text": "C:\\Windows\\system32\\"}, {"@Name": "User", "#text": "NT AUTHORITY\\SYSTEM"}, {"@Name": "LogonGuid", "#text": "{13287959-5A42-5B19-0000-0020E7030000}"}, {"@Name": "LogonId", "#text": "0x3e7"}, {"@Name": "TerminalSessionId", "#text": "0"}, {"@Name": "IntegrityLevel", "#text": "System"}, {"@Name": "Hashes", "#text": "MD5=866A43013535DC8587C258E43579C764,SHA256=B2BE846B5167A2ECD1E30C69A81385FCC6EAE6033394D08458A5583D311C4D82"}, {"@Name": "ParentProcessGuid", "#text": "{13287959-5A42-5B19-0000-00104E630000}"}, {"@Name": "ParentProcessId", "#text": "468"}, {"@Name": "ParentImage", "#text": "C:\\Windows\\System32\\services.exe"}, {"@Name": "ParentCommandLine", "#text": "C:\\Windows\\system32\\services.exe"}]}}, {"@xmlns": "http://schemas.microsoft.com/win/2004/08/events/event", "System": {"Provider": {"@Name": "Microsoft-Windows-Sysmon", "@Guid": "{5770385F-C22A-43E0-BF4C-06F5698FFBD9}"}, "EventID": "1", "Version": "5", "Level": "4", "Task": "1", "Opcode": "0", "Keywords": "0x8000000000000000", "TimeCreated": {"@SystemTime": "2018-06-07T16:16:08.816855600Z"}, "EventRecordID": "27", "Correlation": null, "Execution": {"@ProcessID": "1684", "@ThreadID": "792"}, "Channel": "Microsoft-Windows-Sysmon/Operational", "Computer": "cuckoo", "Security": {"@UserID": "S-1-5-18"}}, "EventData": {"Data": [{"@Name": "UtcTime", "#text": "2018-06-07 16:16:03.962"}, {"@Name": "ProcessGuid", "#text": "{13287959-5A43-5B19-0000-0010D0220100}"}, {"@Name": "ProcessId", "#text": "1404"}, {"@Name": "Image", "#text": "C:\\Windows\\System32\\taskhost.exe"}, {"@Name": "FileVersion", "#text": "6.1.7600.16385 (win7_rtm.090713-1255)"}, {"@Name": "Description", "#text": "Host Process for Windows Tasks"}, {"@Name": "Product", "#text": "Microsoft Windows Operating System"}, {"@Name": "Company", "#text": "Microsoft Corporation"}, {"@Name": "CommandLine", "#text": "\"taskhost.exe\""}, {"@Name": "CurrentDirectory", "#text": "C:\\Windows\\system32\\"}, {"@Name": "User", "#text": "cuckoo\\cuckoo"}, {"@Name": "LogonGuid", "#text": "{13287959-5A43-5B19-0000-0020F0FF0000}"}, {"@Name": "LogonId", "#text": "0xfff0"}, {"@Name": "TerminalSessionId", "#text": "1"}, {"@Name": "IntegrityLevel", "#text": "High"}, {"@Name": "Hashes", "#text": "MD5=7FA8BA5A780E4757964AC9D4238302B9,SHA256=65E3D8CE737896647065103FBB4D58E6A34171D0A48662A832CFDAC3CF469701"}, {"@Name": "ParentProcessGuid", "#text": "{13287959-5A42-5B19-0000-00104E630000}"}, {"@Name": "ParentProcessId", "#text": "468"}, {"@Name": "ParentImage", "#text": "C:\\Windows\\System32\\services.exe"}, {"@Name": "ParentCommandLine", "#text": "C:\\Windows\\system32\\services.exe"}]}}, {"@xmlns": "http://schemas.microsoft.com/win/2004/08/events/event", "System": {"Provider": {"@Name": "Microsoft-Windows-Sysmon", "@Guid": "{5770385F-C22A-43E0-BF4C-06F5698FFBD9}"}, "EventID": "1", "Version": "5", "Level": "4", "Task": "1", "Opcode": "0", "Keywords": "0x8000000000000000", "TimeCreated": {"@SystemTime": "2018-06-07T16:16:08.819004000Z"}, "EventRecordID": "28", "Correlation": null, "Execution": {"@ProcessID": "1684", "@ThreadID": "792"}, "Channel": "Microsoft-Windows-Sysmon/Operational", "Computer": "cuckoo", "Security": {"@UserID": "S-1-5-18"}}, "EventData": {"Data": [{"@Name": "UtcTime", "#text": "2018-06-07 16:16:03.910"}, {"@Name": "ProcessGuid", "#text": "{13287959-5A43-5B19-0000-0010661E0100}"}, {"@Name": "ProcessId", "#text": "1360"}, {"@Name": "Image", "#text": "C:\\Windows\\explorer.exe"}, {"@Name": "FileVersion", "#text": "6.1.7600.16385 (win7_rtm.090713-1255)"}, {"@Name": "Description", "#text": "Windows Explorer"}, {"@Name": "Product", "#text": "Microsoft Windows Operating System"}, {"@Name": "Company", "#text": "Microsoft Corporation"}, {"@Name": "CommandLine", "#text": "C:\\Windows\\Explorer.EXE"}, {"@Name": "CurrentDirectory", "#text": "C:\\Windows\\system32\\"}, {"@Name": "User", "#text": "cuckoo\\cuckoo"}, {"@Name": "LogonGuid", "#text": "{13287959-5A43-5B19-0000-0020F0FF0000}"}, {"@Name": "LogonId", "#text": "0xfff0"}, {"@Name": "TerminalSessionId", "#text": "1"}, {"@Name": "IntegrityLevel", "#text": "High"}, {"@Name": "Hashes", "#text": "MD5=40D777B7A95E00593EB1568C68514493,SHA256=0A8CE026714E03E72C619307BD598ADD5F9B639CFD91437CB8D9C847BF9F6894"}, {"@Name": "ParentProcessGuid", "#text": "{13287959-5A43-5B19-0000-001042180100}"}, {"@Name": "ParentProcessId", "#text": "1312"}, {"@Name": "ParentImage", "#text": "C:\\Windows\\System32\\userinit.exe"}, {"@Name": "ParentCommandLine", "#text": "C:\\Windows\\system32\\userinit.exe"}]}}, 