{"@xmlns": "http://schemas.microsoft.com/win/2004/08/events/event", "System": {"Provider": {"@Name": "Microsoft-Windows-Sysmon", "@Guid": "{5770385F-C22A-43E0-BF4C-06F5698FFBD9}"}, "EventID": "1", "Version": "5", "Level": "4", "Task": "1", "Opcode": "0", "Keywords": "0x8000000000000000", "TimeCreated": {"@SystemTime": "2018-06-08T18:14:01.404361500Z"}, "EventRecordID": "59", "Correlation": null, "Execution": {"@ProcessID": "1668", "@ThreadID": "1080"}, "Channel": "Microsoft-Windows-Sysmon/Operational", "Computer": "cuckoo", "Security": {"@UserID": "S-1-5-18"}}, "EventData": {"Data": [{"@Name": "UtcTime", "#text": "2018-06-08 18:13:55.218"}, {"@Name": "ProcessGuid", "#text": "{13287959-C763-5B1A-0000-001083C30000}"}, {"@Name": "ProcessId", "#text": "660"}, {"@Name": "Image", "#text": "C:\\Windows\\System32\\VBoxService.exe"}, {"@Name": "FileVersion", "#text": "5.1.34.121010"}, {"@Name": "Description", "#text": "VirtualBox Guest Additions Service"}, {"@Name": "Product", "#text": "Oracle VM VirtualBox Guest Additions"}, {"@Name": "Company", "#text": "Oracle Corporation"}, {"@Name": "CommandLine", "#text": "C:\\Windows\\System32\\VBoxService.exe"}, {"@Name": "CurrentDirectory", "#text": "C:\\Windows\\system32\\"}, {"@Name": "User", "#text": "NT AUTHORITY\\SYSTEM"}, {"@Name": "LogonGuid", "#text": "{13287959-C762-5B1A-0000-0020E7030000}"}, {"@Name": "LogonId", "#text": "0x3e7"}, {"@Name": "TerminalSessionId", "#text": "0"}, {"@Name": "IntegrityLevel", "#text": "System"}, {"@Name": "Hashes", "#text": "MD5=8FEF2C8AC2DC4647DC2AD99AB0805B8B,SHA256=F4CA6D35F1A565B3DFCD63C449EEE5542E9A40C346184E01B3FF228A3EF1093A"}, {"@Name": "ParentProcessGuid", "#text": "{13287959-C762-5B1A-0000-0010A6630000}"}, {"@Name": "ParentProcessId", "#text": "468"}, {"@Name": "ParentImage", "#text": "C:\\Windows\\System32\\services.exe"}, {"@Name": "ParentCommandLine", "#text": "C:\\Windows\\system32\\services.exe"}]}}, {"@xmlns": "http://schemas.microsoft.com/win/2004/08/events/event", "System": {"Provider": {"@Name": "Microsoft-Windows-Sysmon", "@Guid": "{5770385F-C22A-43E0-BF4C-06F5698FFBD9}"}, "EventID": "1", "Version": "5", "Level": "4", "Task": "1", "Opcode": "0", "Keywords": "0x8000000000000000", "TimeCreated": {"@SystemTime": "2018-06-08T18:14:01.453774700Z"}, "EventRecordID": "60", "Correlation": null, "Execution": {"@ProcessID": "1668", "@ThreadID": "1080"}, "Channel": "Microsoft-Windows-Sysmon/Operational", "Computer": "cuckoo", "Security": {"@UserID": "S-1-5-18"}}, "EventData": {"Data": [{"@Name": "UtcTime", "#text": "2018-06-08 18:13:55.398"}, {"@Name": "ProcessGuid", "#text": "{13287959-C763-5B1A-0000-0010B4CA0000}"}, {"@Name": "ProcessId", "#text": "800"}, {"@Name": "Image", "#text": "C:\\Windows\\System32\\LogonUI.exe"}, {"@Name": "FileVersion", "#text": "6.1.7601.17514 (win7sp1_rtm.101119-1850)"}, {"@Name": "Description", "#text": "Windows Logon User Interface Host"}, {"@Name": "Product", "#text": "Microsoft Windows Operating System"}, {"@Name": "Company", "#text": "Microsoft Corporation"}, {"@Name": "CommandLine", "#text": "\"LogonUI.exe\" /flags:0x0"}, {"@Name": "CurrentDirectory", "#text": "C:\\Windows\\system32\\"}, {"@Name": "User", "#text": "NT AUTHORITY\\SYSTEM"}, {"@Name": "LogonGuid", "#text": "{13287959-C762-5B1A-0000-0020E7030000}"}, {"@Name": "LogonId", "#text": "0x3e7"}, {"@Name": "TerminalSessionId", "#text": "1"}, {"@Name": "IntegrityLevel", "#text": "System"}, {"@Name": "Hashes", "#text": "MD5=3EF0D8AB08385AAB5802E773511A2E6A,SHA256=1A7EE4BC646767004372EAEA9BC0A2071790E739101F7D25ECD9C95D3F29AFD6"}, {"@Name": "ParentProcessGuid", "#text": "{13287959-C762-5B1A-0000-0010855C0000}"}, {"@Name": "ParentProcessId", "#text": "412"}, {"@Name": "ParentImage", "#text": "C:\\Windows\\System32\\winlogon.exe"}, {"@Name": "ParentCommandLine", "#text": "winlogon.exe"}]}}, {"@xmlns": "http://schemas.microsoft.com/win/2004/08/events/event", "System": {"Provider": {"@Name": "Microsoft-Windows-Sysmon", "@Guid": "{5770385F-C22A-43E0-BF4C-06F5698FFBD9}"}, "EventID": "1", "Version": "5", "Level": "4", "Task": "1", "Opcode": "0", "Keywords": "0x8000000000000000", "TimeCreated": {"@SystemTime": "2018-06-08T18:14:01.623498300Z"}, "EventRecordID": "61", "Correlation": null, "Execution": {"@ProcessID": "1668", "@ThreadID": "1080"}, "Channel": "Microsoft-Windows-Sysmon/Operational", "Computer": "cuckoo", "Security": {"@UserID": "S-1-5-18"}}, "EventData": {"Data": [{"@Name": "UtcTime", "#text": "2018-06-08 18:13:55.862"}, {"@Name": "ProcessGuid", "#text": "{13287959-C763-5B1A-0000-0010E7F40000}"}, {"@Name": "ProcessId", "#text": "1060"}, {"@Name": "Image", "#text": "C:\\Windows\\System32\\svchost.exe"}, {"@Name": "FileVersion", "#text": "6.1.7600.16385 (win7_rtm.090713-1255)"}, {"@Name": "Description", "#text": "Host Process for Windows Services"}, {"@Name": "Product", "#text": "Microsoft Windows Operating System"}, {"@Name": "Company", "#text": "Microsoft Corporation"}, {"@Name": "CommandLine", "#text": "C:\\Windows\\system32\\svchost.exe -k LocalService"}, {"@Name": "CurrentDirectory", "#text": "C:\\Windows\\system32\\"}, {"@Name": "User", "#text": "NT AUTHORITY\\LOCAL SERVICE"}, {"@Name": "LogonGuid", "#text": "{13287959-C763-5B1A-0000-0020E5030000}"}, {"@Name": "LogonId", "#text": "0x3e5"}, {"@Name": "TerminalSessionId", "#text": "0"}, {"@Name": "IntegrityLevel", "#text": "System"}, {"@Name": "Hashes", "#text": "MD5=54A47F6B5E09A77E61649109C6A08866,SHA256=121118A0F5E0E8C933EFD28C9901E54E42792619A8A3A6D11E1F0025A7324BC2"}, {"@Name": "ParentProcessGuid", "#text": "{13287959-C762-5B1A-0000-0010A6630000}"}, {"@Name": "ParentProcessId", "#text": "468"}, {"@Name": "ParentImage", "#text": "C:\\Windows\\System32\\services.exe"}, {"@Name": "ParentCommandLine", "#text": "C:\\Windows\\system32\\services.exe"}]}}, {"@xmlns": "http://schemas.microsoft.com/win/2004/08/events/event", "System": {"Provider": {"@Name": "Microsoft-Windows-Sysmon", "@Guid": "{5770385F-C22A-43E0-BF4C-06F5698FFBD9}"}, "EventID": "1", "Version": "5", "Level": "4", "Task": "1", "Opcode": "0", "Keywords": "0x8000000000000000", "TimeCreated": {"@SystemTime": "2018-06-08T18:14:01.806112300Z"}, "EventRecordID": "62", "Correlation": null, "Execution": {"@ProcessID": "1668", "@ThreadID": "1080"}, "Channel": "Microsoft-Windows-Sysmon/Operational", "Computer": "cuckoo", "Security": {"@UserID": "S-1-5-18"}}, "EventData": {"Data": [{"@Name": "UtcTime", "#text": "2018-06-08 18:13:56.309"}, {"@Name": "ProcessGuid", "#text": "{13287959-C764-5B1A-0000-0010141A0100}"}, {"@Name": "ProcessId", "#text": "1324"}, {"@Name": "Image", "#text": "C:\\Windows\\System32\\userinit.exe"}, {"@Name": "FileVersion", "#text": "6.1.7600.16385 (win7_rtm.090713-1255)"}, {"@Name": "Description", "#text": "Userinit Logon Application"}, {"@Name": "Product", "#text": "Microsoft Windows Operating System"}, {"@Name": "Company", "#text": "Microsoft Corporation"}, {"@Name": "CommandLine", "#text": "C:\\Windows\\system32\\userinit.exe"}, {"@Name": "CurrentDirectory", "#text": "C:\\Windows\\system32\\"}, {"@Name": "User", "#text": "cuckoo\\cuckoo"}, {"@Name": "LogonGuid", "#text": "{13287959-C764-5B1A-0000-0020B4030100}"}, {"@Name": "LogonId", "#text": "0x103b4"}, {"@Name": "TerminalSessionId", "#text": "1"}, {"@Name": "IntegrityLevel", "#text": "High"}, {"@Name": "Hashes", "#text": "MD5=61AC3EFDFACFDD3F0F11DD4FD4044223,SHA256=538FE1012FEDC72727A8DE0C2C01944B3D35C29812ECEF88E95AAC07235E0B0B"}, {"@Name": "ParentProcessGuid", "#text": "{13287959-C762-5B1A-0000-0010855C0000}"}, {"@Name": "ParentProcessId", "#text": "412"}, {"@Name": "ParentImage", "#text": "C:\\Windows\\System32\\winlogon.exe"}, {"@Name": "ParentCommandLine", "#text": "winlogon.exe"}]}}, {"@xmlns": "http://schemas.microsoft.com/win/2004/08/events/event", "System": {"Provider": {"@Name": "Microsoft-Windows-Sysmon", "@Guid": "{5770385F-C22A-43E0-BF4C-06F5698FFBD9}"}, "EventID": "11", "Version": "2", "Level": "4", "Task": "11", "Opcode": "0", "Keywords": "0x8000000000000000", "TimeCreated": {"@SystemTime": "2018-06-08T18:14:01.806112300Z"}, "EventRecordID": "63", "Correlation": null, "Execution": {"@ProcessID": "1668", "@ThreadID": "1080"}, "Channel": "Microsoft-Windows-Sysmon/Operational", "Computer": "cuckoo", "Security": {"@UserID": "S-1-5-18"}}, "EventData": {"Data": [{"@Name": "UtcTime", "#text": "2018-06-08 18:13:56.343"}, {"@Name": "ProcessGuid", "#text": "{13287959-C763-5B1A-0000-001097D60000}"}, {"@Name": "ProcessId", "#text": "884"}, {"@Name": "Image", "#text": "C:\\Windows\\system32\\svchost.exe"}, {"@Name": "TargetFilename", "#text": "C:\\Windows\\Tasks\\SA.DAT"}, {"@Name": "CreationUtcTime", "#text": "2009-07-14 04:53:47.031"}]}}, {"@xmlns": "http://schemas.microsoft.com/win/2004/08/events/event", "System": {"Provider": {"@Name": "Microsoft-Windows-Sysmon", "@Guid": "{5770385F-C22A-43E0-BF4C-06F5698FFBD9}"}, "EventID": "1", "Version": "5", "Level": "4", "Task": "1", "Opcode": "0", "Keywords": "0x8000000000000000", "TimeCreated": {"@SystemTime": "2018-06-08T18:14:01.814705900Z"}, "EventRecordID": "64", "Correlation": null, "Execution": {"@ProcessID": "1668", "@ThreadID": "1080"}, "Channel": "Microsoft-Windows-Sysmon/Operational", "Computer": "cuckoo", "Security": {"@UserID": "S-1-5-18"}}, "EventData": {"Data": [{"@Name": "UtcTime", "#text": "2018-06-08 18:13:56.395"}, {"@Name": "ProcessGuid", "#text": "{13287959-C764-5B1A-0000-001040210100}"}, {"@Name": "ProcessId", "#text": "1392"}, {"@Name": "Image", "#text": "C:\\Windows\\System32\\spoolsv.exe"}, {"@Name": "FileVersion", "#text": "6.1.7600.16385 (win7_rtm.090713-1255)"}, {"@Name": "Description", "#text": "Spooler SubSystem App"}, {"@Name": "Product", "#text": "Microsoft Windows Operating System"}, {"@Name": "Company", "#text": "Microsoft Corporation"}, {"@Name": "CommandLine", "#text": "C:\\Windows\\System32\\spoolsv.exe"}, {"@Name": "CurrentDirectory", "#text": "C:\\Windows\\system32\\"}, {"@Name": "User", "#text": "NT AUTHORITY\\SYSTEM"}, {"@Name": "LogonGuid", "#text": "{13287959-C762-5B1A-0000-0020E7030000}"}, {"@Name": "LogonId", "#text": "0x3e7"}, {"@Name": "TerminalSessionId", "#text": "0"}, {"@Name": "IntegrityLevel", "#text": "System"}, {"@Name": "Hashes", "#text": "MD5=866A43013535DC8587C258E43579C764,SHA256=B2BE846B5167A2ECD1E30C69A81385FCC6EAE6033394D08458A5583D311C4D82"}, {"@Name": "ParentProcessGuid", "#text": "{13287959-C762-5B1A-0000-0010A6630000}"}, {"@Name": "ParentProcessId", "#text": "468"}, {"@Name": "ParentImage", "#text": "C:\\Windows\\System32\\services.exe"}, {"@Name": "ParentCommandLine", "#text": "C:\\Windows\\system32\\services.exe"}]}}, {"@xmlns": "http://schemas.microsoft.com/win/2004/08/events/event", "System": {"Provider": {"@Name": "Microsoft-Windows-Sysmon", "@Guid": "{5770385F-C22A-43E0-BF4C-06F5698FFBD9}"}, "EventID": "1", "Version": "5", "Level": "4", "Task": "1", "Opcode": "0", "Keywords": "0x8000000000000000", "TimeCreated": {"@SystemTime": "2018-06-08T18:14:01.817928500Z"}, "EventRecordID": "65", "Correlation": null, "Execution": {"@ProcessID": "1668", "@ThreadID": "1080"}, "Channel": "Microsoft-Windows-Sysmon/Operational", "Computer": "cuckoo", "Security": {"@UserID": "S-1-5-18"}}, "EventData": {"Data": [{"@Name": "UtcTime", "#text": "2018-06-08 18:13:56.429"}, {"@Name": "ProcessGuid", "#text": "{13287959-C764-5B1A-0000-001017230100}"}, {"@Name": "ProcessId", "#text": "1404"}, {"@Name": "Image", "#text": "C:\\Windows\\System32\\taskhost.exe"}, {"@Name": "FileVersion", "#text": "6.1.7600.16385 (win7_rtm.090713-1255)"}, {"@Name": "Description", "#text": "Host Process for Windows Tasks"}, {"@Name": "Product", "#text": "Microsoft Windows Operating System"}, {"@Name": "Company", "#text": "Microsoft Corporation"}, {"@Name": "CommandLine", "#text": "\"taskhost.exe\""}, {"@Name": "CurrentDirectory", "#text": "C:\\Windows\\system32\\"}, {"@Name": "User", "#text": "cuckoo\\cuckoo"}, {"@Name": "LogonGuid", "#text": "{13287959-C764-5B1A-0000-0020B4030100}"}, {"@Name": "LogonId", "#text": "0x103b4"}, {"@Name": "TerminalSessionId", "#text": "1"}, {"@Name": "IntegrityLevel", "#text": "High"}, {"@Name": "Hashes", "#text": "MD5=7FA8BA5A780E4757964AC9D4238302B9,SHA256=65E3D8CE737896647065103FBB4D58E6A34171D0A48662A832CFDAC3CF469701"}, {"@Name": "ParentProcessGuid", "#text": "{13287959-C762-5B1A-0000-0010A6630000}"}, {"@Name": "ParentProcessId", "#text": "468"}, {"@Name": "ParentImage", "#text": "C:\\Windows\\System32\\services.exe"}, {"@Name": "ParentCommandLine", "#text": "C:\\Windows\\system32\\services.exe"}]}}, {"@xmlns": "http://schemas.microsoft.com/win/2004/08/events/event", "System": {"Provider": {"@Name": "Microsoft-Windows-Sysmon", "@Guid": "{5770385F-C22A-43E0-BF4C-06F5698FFBD9}"}, "EventID": "1", "Version": "5", "Level": "4", "Task": "1", "Opcode": "0", "Keywords": "0x8000000000000000", "TimeCreated": {"@SystemTime": "2018-06-08T18:14:01.821151100Z"}, "EventRecordID": "66", "Correlation": null, "Execution": {"@ProcessID": "1668", "@ThreadID": "1080"}, "Channel": "Microsoft-Windows-Sysmon/Operational", "Computer": "cuckoo", "Security": {"@UserID": "S-1-5-18"}}, "EventData": {"Data": [{"@Name": "UtcTime", "#text": "2018-06-08 18:13:56.395"}, {"@Name": "ProcessGuid", "#text": "{13287959-C764-5B1A-0000-0010E8200100}"}, {"@Name": "ProcessId", "#text": "1384"}, {"@Name": "Image", "#text": "C:\\Windows\\explorer.exe"}, {"@Name": "FileVersion", "#text": "6.1.7600.16385 (win7_rtm.090713-1255)"}, {"@Name": "Description", "#text": "Windows Explorer"}, {"@Name": "Product", "#text": "Microsoft Windows Operating System"}, {"@Name": "Company", "#text": "Microsoft Corporation"}, {"@Name": "CommandLine", "#text": "C:\\Windows\\Explorer.EXE"}, {"@Name": "CurrentDirectory", "#text": "C:\\Windows\\system32\\"}, {"@Name": "User", "#text": "cuckoo\\cuckoo"}, {"@Name": "LogonGuid", "#text": "{13287959-C764-5B1A-0000-0020B4030100}"}, {"@Name": "LogonId", "#text": "0x103b4"}, {"@Name": "TerminalSessionId", "#text": "1"}, {"@Name": "IntegrityLevel", "#text": "High"}, {"@Name": "Hashes", "#text": "MD5=40D777B7A95E00593EB1568C68514493,SHA256=0A8CE026714E03E72C619307BD598ADD5F9B639CFD91437CB8D9C847BF9F6894"}, {"@Name": "ParentProcessGuid", "#text": "{13287959-C764-5B1A-0000-0010141A0100}"}, {"@Name": "ParentProcessId", "#text": "1324"}, {"@Name": "ParentImage", "#text": "C:\\Windows\\System32\\userinit.exe"}, {"@Name": "ParentCommandLine", "#text": "C:\\Windows\\system32\\userinit.exe"}]}}, {"@xmlns": "http://schemas.microsoft.com/win/2004/08/events/event", "System": {"Provider": {"@Name": "Microsoft-Windows-Sysmon", "@Guid": "{5770385F-C22A-43E0-BF4C-06F5698FFBD9}"}, "EventID": "1", "Version": "5", "Level": "4", "Task": "1", "Opcode": "0", "Keywords": "0x8000000000000000", "TimeCreated": {"@SystemTime": "2018-06-08T18:14:01.906012900Z"}, "EventRecordID": "67", "Correlation": null, "Execution": {"@ProcessID": "1668", "@ThreadID": "1080"}, "Channel": "Microsoft-Windows-Sysmon/Operational", "Computer": "cuckoo", "Security": {"@UserID": "S-1-5-18"}}, "EventData": {"Data": [{"@Name": "UtcTime", "#text": "2018-06-08 18:13:56.807"}, {"@Name": "ProcessGuid", "#text": "{13287959-C764-5B1A-0000-00104B510100}"}, {"@Name": "ProcessId", "#text": "1668"}, {"@Name": "Image", "#text": "C:\\Windows\\Sysmon.exe"}, {"@Name": "FileVersion", "#text": "7.03"}, {"@Name": "Description", "#text": "System activity monitor"}, {"@Name": "Product", "#text": "Sysinternals Sysmon"}, {"@Name": "Company", "#text": "Sysinternals - www.sysinternals.com"}, {"@Name": "CommandLine", "#text": "C:\\Windows\\Sysmon.exe"}, {"@Name": "CurrentDirectory", "#text": "C:\\Windows\\system32\\"}, {"@Name": "User", "#text": "NT AUTHORITY\\SYSTEM"}, {"@Name": "LogonGuid", "#text": "{13287959-C762-5B1A-0000-0020E7030000}"}, {"@Name": "LogonId", "#text": "0x3e7"}, {"@Name": "TerminalSessionId", "#text": "0"}, {"@Name": "IntegrityLevel", "#text": "System"}, {"@Name": "Hashes", "#text": "MD5=28A7E71FA953C64B96C099BE0AAD9AC9,SHA256=F89085ED3079ADF8364F5B7E08C705389469F94699942B0A684BBDD590FDBB69"}, {"@Name": "ParentProcessGuid", "#text": "{13287959-C762-5B1A-0000-0010A6630000}"}, {"@Name": "ParentProcessId", "#text": "468"}, {"@Name": "ParentImage", "#text": "C:\\Windows\\System32\\services.exe"}, {"@Name": "ParentCommandLine", "#text": "C:\\Windows\\system32\\services.exe"}]}}, {"@xmlns": "http://schemas.microsoft.com/win/2004/08/events/event", "System": {"Provider": {"@Name": "Microsoft-Windows-Sysmon", "@Guid": "{5770385F-C22A-43E0-BF4C-06F5698FFBD9}"}, "EventID": "1", "Version": "5", "Level": "4", "Task": "1", "Opcode": "0", "Keywords": "0x8000000000000000", "TimeCreated": {"@SystemTime": "2018-06-08T18:14:02.031694300Z"}, "EventRecordID": "68", "Correlation": null, "Execution": {"@ProcessID": "1668", "@ThreadID": "1080"}, "Channel": "Microsoft-Windows-Sysmon/Operational", "Computer": "cuckoo", "Security": {"@UserID": "S-1-5-18"}}, "EventData": {"Data": [{"@Name": "UtcTime", "#text": "2018-06-08 18:13:57.134"}, {"@Name": "ProcessGuid", "#text": "{13287959-C765-5B1A-0000-0010EE7C0100}"}, {"@Name": "ProcessId", "#text": "1788"}, {"@Name": "Image", "#text": "C:\\Windows\\System32\\VBoxTray.exe"}, {"@Name": "FileVersion", "#text": "5.1.34.121010"}, {"@Name": "Description", "#text": "VirtualBox Guest Additions Tray Application"}, {"@Name": "Product", "#text": "Oracle VM VirtualBox Guest Additions"}, {"@Name": "Company", "#text": "Oracle Corporation"}, {"@Name": "CommandLine", "#text": "\"C:\\Windows\\System32\\VBoxTray.exe\""}, {"@Name": "CurrentDirectory", "#text": "C:\\Windows\\system32\\"}, {"@Name": "User", "#text": "cuckoo\\cuckoo"}, {"@Name": "LogonGuid", "#text": "{13287959-C764-5B1A-0000-0020B4030100}"}, {"@Name": "LogonId", "#text": "0x103b4"}, {"@Name": "TerminalSessionId", "#text": "1"}, {"@Name": "IntegrityLevel", "#text": "High"}, {"@Name": "Hashes", "#text": "MD5=6FFCE6774A42240D2A2F4CE670B49E72,SHA256=9A5DD6A951DBB28AA8DEB1DC664984D2E599E8AF795B2EE7FDB02C9A7EDF9919"}, {"@Name": "ParentProcessGuid", "#text": "{13287959-C764-5B1A-0000-0010E8200100}"}, {"@Name": "ParentProcessId", "#text": "1384"}, {"@Name": "ParentImage", "#text": "C:\\Windows\\explorer.exe"}, {"@Name": "ParentCommandLine", "#text": "C:\\Windows\\Explorer.EXE"}]}}, {"@xmlns": "http://schemas.microsoft.com/win/2004/08/events/event", "System": {"Provider": {"@Name": "Microsoft-Windows-Sysmon", "@Guid": "{5770385F-C22A-43E0-BF4C-06F5698FFBD9}"}, "EventID": "1", "Version": "5", "Level": "4", "Task": "1", "Opcode": "0", "Keywords": "0x8000000000000000", "TimeCreated": {"@SystemTime": "2018-06-08T18:14:02.038139500Z"}, "EventRecordID": "69", "Correlation": null, "Execution": {"@ProcessID": "1668", "@ThreadID": "1080"}, "Channel": "Microsoft-Windows-Sysmon/Operational", "Computer": "cuckoo", "Security": {"@UserID": "S-1-5-18"}}, "EventData": {"Data": [{"@Name": "UtcTime", "#text": "2018-06-08 18:13:57.289"}, {"@Name": "ProcessGuid", "#text": "{13287959-C765-5B1A-0000-00108F920100}"}, {"@Name": "ProcessId", "#text": "1816"}, {"@Name": "Image", "#text": "C:\\Python27\\python.exe"}, {"@Name": "FileVersion", "#text": "?"}, {"@Name": "Description", "#text": "?"}, {"@Name": "Product", "#text": "?"}, {"@Name": "Company", "#text": "?"}, {"@Name": "CommandLine", "#text": "\"C:\\Python27\\python.exe\" \"C:\\Users\\cuckoo\\AppData\\Roaming\\Microsoft\\Windows\\Start Menu\\Programs\\Startup\\agent.py\""}, {"@Name": "CurrentDirectory", "#text": "C:\\Windows\\system32\\"}, {"@Name": "User", "#text": "cuckoo\\cuckoo"}, {"@Name": "LogonGuid", "#text": "{13287959-C764-5B1A-0000-0020B4030100}"}, {"@Name": "LogonId", "#text": "0x103b4"}, {"@Name": "TerminalSessionId", "#text": "1"}, {"@Name": "IntegrityLevel", "#text": "High"}, {"@Name": "Hashes", "#text": "MD5=116D1368A7FC6AB6B09BDE40E921A44E,SHA256=27FD603BFBFEBEB1074AC6335C6E030D086F5BFF685B03F377640150A1C90FC0"}, {"@Name": "ParentProcessGuid", "#text": "{13287959-C764-5B1A-0000-0010E8200100}"}, {"@Name": "ParentProcessId", "#text": "1384"}, {"@Name": "ParentImage", "#text": "C:\\Windows\\explorer.exe"}, {"@Name": "ParentCommandLine", "#text": "C:\\Windows\\Explorer.EXE"}]}}, {"@xmlns": "http://schemas.microsoft.com/win/2004/08/events/event", "System": {"Provider": {"@Name": "Microsoft-Windows-Sysmon", "@Guid": "{5770385F-C22A-43E0-BF4C-06F5698FFBD9}"}, "EventID": "1", "Version": "5", "Level": "4", "Task": "1", "Opcode": "0", "Keywords": "0x8000000000000000", "TimeCreated": {"@SystemTime": "2018-06-08T18:14:02.088626900Z"}, "EventRecordID": "70", "Correlation": null, "Execution": {"@ProcessID": "1668", "@ThreadID": "1080"}, "Channel": "Microsoft-Windows-Sysmon/Operational", "Computer": "cuckoo", "Security": {"@UserID": "S-1-5-18"}}, "EventData": {"Data": [{"@Name": "UtcTime", "#text": "2018-06-08 18:13:59.006"}, {"@Name": "ProcessGuid", "#text": "{13287959-C767-5B1A-0000-001097EB0100}"}, {"@Name": "ProcessId", "#text": "488"}, {"@Name": "Image", "#text": "C:\\Windows\\System32\\wbem\\unsecapp.exe"}, {"@Name": "FileVersion", "#text": "6.1.7600.16385 (win7_rtm.090713-1255)"}, {"@Name": "Description", "#text": "Sink to receive asynchronous callbacks for WMI client application"}, {"@Name": "Product", "#text": "Microsoft Windows Operating System"}, {"@Name": "Company", "#text": "Microsoft Corporation"}, {"@Name": "CommandLine", "#text": "C:\\Windows\\system32\\wbem\\unsecapp.exe -Embedding"}, {"@Name": "CurrentDirectory", "#text": "C:\\Windows\\system32\\"}, {"@Name": "User", "#text": "NT AUTHORITY\\SYSTEM"}, {"@Name": "LogonGuid", "#text": "{13287959-C762-5B1A-0000-0020E7030000}"}, {"@Name": "LogonId", "#text": "0x3e7"}, {"@Name": "TerminalSessionId", "#text": "0"}, {"@Name": "IntegrityLevel", "#text": "System"}, {"@Name": "Hashes", "#text": "MD5=B042D6B383FEC85D73D09DB92F807713,SHA256=861E3DD5FBD6CCCCD0E3EA6187D13F3E4BC42FAA171043238B46717FD24165A6"}, {"@Name": "ParentProcessGuid", "#text": "{13287959-C763-5B1A-0000-0010E07B0000}"}, {"@Name": "ParentProcessId", "#text": "600"}, {"@Name": "ParentImage", "#text": "C:\\Windows\\System32\\svchost.exe"}, {"@Name": "ParentCommandLine", "#text": "C:\\Windows\\system32\\svchost.exe -k DcomLaunch"}]}}, {"@xmlns": "http://schemas.microsoft.com/win/2004/08/events/event", "System": {"Provider": {"@Name": "Microsoft-Windows-Sysmon", "@Guid": "{5770385F-C22A-43E0-BF4C-06F5698FFBD9}"}, "EventID": "6", "Version": "3", "Level": "4", "Task": "6", "Opcode": "0", "Keywords": "0x8000000000000000", "TimeCreated": {"@SystemTime": "2018-06-08T18:14:02.154153100Z"}, "EventRecordID": "71", "Correlation": null, "Execution": {"@ProcessID": "1668", "@ThreadID": "1136"}, "Channel": "Microsoft-Windows-Sysmon/Operational", "Computer": "cuckoo", "Security": {"@UserID": "S-1-5-18"}}, "EventData": {"Data": [{"@Name": "UtcTime", "#text": "2018-06-08 18:13:53.296"}, {"@Name": "ImageLoaded", "#text": "C:\\Windows\\System32\\drivers\\VBoxSF.sys"}, {"@Name": "Hashes", "#text": "MD5=F16B0FFA82725987F27F59B3C56B605B,SHA256=6132D77F8B819691B7E3CC37A4233D06D30A39B4F3DF58FAA98EAF2C66E30B00"}, {"@Name": "Signed", "#text": "true"}, {"@Name": "Signature", "#text": "Oracle Corporation"}, {"@Name": "SignatureStatus", "#text": "Valid"}]}}, {"@xmlns": "http://schemas.microsoft.com/win/2004/08/events/event", "System": {"Provider": {"@Name": "Microsoft-Windows-Sysmon", "@Guid": "{5770385F-C22A-43E0-BF4C-06F5698FFBD9}"}, "EventID": "13", "Version": "2", "Level": "4", "Task": "13", "Opcode": "0", "Keywords": "0x8000000000000000", "TimeCreated": {"@SystemTime": "2018-06-08T18:14:02.411961100Z"}, "EventRecordID": "72", "Correlation": null, "Execution": {"@ProcessID": "1668", "@ThreadID": "1080"}, "Channel": "Microsoft-Windows-Sysmon/Operational", "Computer": "cuckoo", "Security": {"@UserID": "S-1-5-18"}}, "EventData": {"Data": [{"@Name": "EventType", "#text": "SetValue"}, {"@Name": "UtcTime", "#text": "2018-06-08 18:14:01.410"}, {"@Name": "ProcessGuid", "#text": "{13287959-C763-5B1A-0000-0010E7F40000}"}, {"@Name": "ProcessId", "#text": "1060"}, {"@Name": "Image", "#text": "C:\\Windows\\system32\\svchost.exe"}, {"@Name": "TargetObject", "#text": "HKLM\\SOFTWARE\\Microsoft\\Windows NT\\CurrentVersion\\NetworkList\\Profiles\\{1DB787A3-999E-44BF-97E6-163034CB21E2}\\DateLastConnected"}, {"@Name": "Details", "#text": "Binary Data"}]}}, {"@xmlns": "http://schemas.microsoft.com/win/2004/08/events/event", "System": {"Provider": {"@Name": "Microsoft-Windows-Sysmon", "@Guid": "{5770385F-C22A-43E0-BF4C-06F5698FFBD9}"}, "EventID": "13", "Version": "2", "Level": "4", "Task": "13", "Opcode": "0", "Keywords": "0x8000000000000000", "TimeCreated": {"@SystemTime": "2018-06-08T18:14:02.434519300Z"}, "EventRecordID": "73", "Correlation": null, "Execution": {"@ProcessID": "1668", "@ThreadID": "1080"}, "Channel": "Microsoft-Windows-Sysmon/Operational", "Computer": "cuckoo", "Security": {"@UserID": "S-1-5-18"}}, "EventData": {"Data": [{"@Name": "EventType", "#text": "SetValue"}, {"@Name": "UtcTime", "#text": "2018-06-08 18:14:01.622"}, {"@Name": "ProcessGuid", "#text": "{13287959-C763-5B1A-0000-0010E7F40000}"}, {"@Name": "ProcessId", "#text": "1060"}, {"@Name": "Image", "#text": "C:\\Windows\\system32\\svchost.exe"}, {"@Name": "TargetObject", "#text": "HKLM\\SOFTWARE\\Microsoft\\Windows NT\\CurrentVersion\\NetworkList\\Profiles\\{0EAF8633-7318-401A-9DAE-2C8761202F6D}\\DateLastConnected"}, {"@Name": "Details", "#text": "Binary Data"}]}}, {"@xmlns": "http://schemas.microsoft.com/win/2004/08/events/event", "System": {"Provider": {"@Name": "Microsoft-Windows-Sysmon", "@Guid": "{5770385F-C22A-43E0-BF4C-06F5698FFBD9}"}, "EventID": "6", "Version": "3", "Level": "4", "Task": "6", "Opcode": "0", "Keywords": "0x8000000000000000", "TimeCreated": {"@SystemTime": "2018-06-08T18:14:02.706291900Z"}, "EventRecordID": "74", "Correlation": null, "Execution": {"@ProcessID": "1668", "@ThreadID": "1136"}, "Channel": "Microsoft-Windows-Sysmon/Operational", "Computer": "cuckoo", "Security": {"@UserID": "S-1-5-18"}}, "EventData": {"Data": [{"@Name": "UtcTime", "#text": "2018-06-08 18:13:53.593"}, {"@Name": "ImageLoaded", "#text": "C:\\Windows\\System32\\drivers\\VBoxMouse.sys"}, {"@Name": "Hashes", "#text": "MD5=36FA9DCF40B5D66A8726D32EB4BBF700,SHA256=D30812F89709EAEFED9F1C18F00FB1613EAD346004F3F893BD89F3F82873AD80"}, {"@Name": "Signed", "#text": "true"}, {"@Name": "Signature", "#text": "Oracle Corporation"}, {"@Name": "SignatureStatus", "#text": "Valid"}]}}, {"@xmlns": "http://schemas.microsoft.com/win/2004/08/events/event", "System": {"Provider": {"@Name": "Microsoft-Windows-Sysmon", "@Guid": "{5770385F-C22A-43E0-BF4C-06F5698FFBD9}"}, "EventID": "6", "Version": "3", "Level": "4", "Task": "6", "Opcode": "0", "Keywords": "0x8000000000000000", "TimeCreated": {"@SystemTime": "2018-06-08T18:14:02.711662900Z"}, "EventRecordID": "75", "Correlation": null, "Execution": {"@ProcessID": "1668", "@ThreadID": "1136"}, "Channel": "Microsoft-Windows-Sysmon/Operational", "Computer": "cuckoo", "Security": {"@UserID": "S-1-5-18"}}, "EventData": {"Data": [{"@Name": "UtcTime", "#text": "2018-06-08 18:13:53.609"}, {"@Name": "ImageLoaded", "#text": "C:\\Windows\\System32\\drivers\\VBoxVideo.sys"}, {"@Name": "Hashes", "#text": "MD5=CBBB95AFF3937D484E440EF77B9820B9,SHA256=40C6FFF1E755A63B789830626B87540DF8198B600A3F5D87A5D52CB19E0FAF15"}, {"@Name": "Signed", "#text": "true"}, {"@Name": "Signature", "#text": "Oracle Corporation"}, {"@Name": "SignatureStatus", "#text": "Valid"}]}}, {"@xmlns": "http://schemas.microsoft.com/win/2004/08/events/event", "System": {"Provider": {"@Name": "Microsoft-Windows-Sysmon", "@Guid": "{5770385F-C22A-43E0-BF4C-06F5698FFBD9}"}, "EventID": "6", "Version": "3", "Level": "4", "Task": "6", "Opcode": "0", "Keywords": "0x8000000000000000", "TimeCreated": {"@SystemTime": "2018-06-08T18:14:03.344366700Z"}, "EventRecordID": "76", "Correlation": null, "Execution": {"@ProcessID": "1668", "@ThreadID": "1136"}, "Channel": "Microsoft-Windows-Sysmon/Operational", "Computer": "cuckoo", "Security": {"@UserID": "S-1-5-18"}}, "EventData": {"Data": [{"@Name": "UtcTime", "#text": "2018-06-08 18:13:54.531"}, {"@Name": "ImageLoaded", "#text": "C:\\Windows\\System32\\VBoxDisp.dll"}, {"@Name": "Hashes", "#text": "MD5=80B3D9FC8E6430FE65EA1714871704D3,SHA256=411B97591C39A8914EC1229010B3552662BACEA3AC1F53FE01A71E1413FE35CE"}, {"@Name": "Signed", "#text": "true"}, {"@Name": "Signature", "#text": "Oracle Corporation"}, {"@Name": "SignatureStatus", "#text": "Valid"}]}}, {"@xmlns": "http://schemas.microsoft.com/win/2004/08/events/event", "System": {"Provider": {"@Name": "Microsoft-Windows-Sysmon", "@Guid": "{5770385F-C22A-43E0-BF4C-06F5698FFBD9}"}, "EventID": "6", "Version": "3", "Level": "4", "Task": "6", "Opcode": "0", "Keywords": "0x8000000000000000", "TimeCreated": {"@SystemTime": "2018-06-08T18:14:03.345440900Z"}, "EventRecordID": "77", "Correlation": null, "Execution": {"@ProcessID": "1668", "@ThreadID": "1136"}, "Channel": "Microsoft-Windows-Sysmon/Operational", "Computer": "cuckoo", "Security": {"@UserID": "S-1-5-18"}}, "EventData": {"Data": [{"@Name": "UtcTime", "#text": "2018-06-08 18:13:54.515"}, {"@Name": "ImageLoaded", "#text": "C:\\Windows\\System32\\VBoxDisp.dll"}, {"@Name": "Hashes", "#text": "MD5=80B3D9FC8E6430FE65EA1714871704D3,SHA256=411B97591C39A8914EC1229010B3552662BACEA3AC1F53FE01A71E1413FE35CE"}, {"@Name": "Signed", "#text": "true"}, {"@Name": "Signature", "#text": "Oracle Corporation"}, {"@Name": "SignatureStatus", "#text": "Valid"}]}}, {"@xmlns": "http://schemas.microsoft.com/win/2004/08/events/event", "System": {"Provider": {"@Name": "Microsoft-Windows-Sysmon", "@Guid": "{5770385F-C22A-43E0-BF4C-06F5698FFBD9}"}, "EventID": "1", "Version": "5", "Level": "4", "Task": "1", "Opcode": "0", "Keywords": "0x8000000000000000", "TimeCreated": {"@SystemTime": "2018-06-08T18:14:04.594755600Z"}, "EventRecordID": "78", "Correlation": null, "Execution": {"@ProcessID": "1668", "@ThreadID": "1080"}, "Channel": "Microsoft-Windows-Sysmon/Operational", "Computer": "cuckoo", "Security": {"@UserID": "S-1-5-18"}}, "EventData": {"Data": [{"@Name": "UtcTime", "#text": "2018-06-08 18:14:04.543"}, {"@Name": "ProcessGuid", "#text": "{13287959-C76C-5B1A-0000-00101A020300}"}, {"@Name": "ProcessId", "#text": "2400"}, {"@Name": "Image", "#text": "C:\\Program Files\\Windows Media Player\\wmpnetwk.exe"}, {"@Name": "FileVersion", "#text": "12.0.7600.16385 (win7_rtm.090713-1255)"}, {"@Name": "Description", "#text": "Windows Media Player Network Sharing Service"}, {"@Name": "Product", "#text": "Microsoft Windows Operating System"}, {"@Name": "Company", "#text": "Microsoft Corporation"}, {"@Name": "CommandLine", "#text": "\"C:\\Program Files\\Windows Media Player\\wmpnetwk.exe\""}, {"@Name": "CurrentDirectory", "#text": "C:\\Windows\\system32\\"}, {"@Name": "User", "#text": "NT AUTHORITY\\NETWORK SERVICE"}, {"@Name": "LogonGuid", "#text": "{13287959-C763-5B1A-0000-0020E4030000}"}, {"@Name": "LogonId", "#text": "0x3e4"}, {"@Name": "TerminalSessionId", "#text": "0"}, {"@Name": "IntegrityLevel", "#text": "System"}, {"@Name": "Hashes", "#text": "MD5=3B40D3A61AA8C21B88AE57C58AB3122E,SHA256=6C67DCB007C3CDF2EB0BBF5FD89C32CD7800C20F7166872F8C387BE262C5CD21"}, {"@Name": "ParentProcessGuid", "#text": "{13287959-C762-5B1A-0000-0010A6630000}"}, {"@Name": "ParentProcessId", "#text": "468"}, {"@Name": "ParentImage", "#text": "C:\\Windows\\System32\\services.exe"}, {"@Name": "ParentCommandLine", "#text": "C:\\Windows\\system32\\services.exe"}]}}, {"@xmlns": "http://schemas.microsoft.com/win/2004/08/events/event", "System": {"Provider": {"@Name": "Microsoft-Windows-Sysmon", "@Guid": "{5770385F-C22A-43E0-BF4C-06F5698FFBD9}"}, "EventID": "1", "Version": "5", "Level": "4", "Task": "1", "Opcode": "0", "Keywords": "0x8000000000000000", "TimeCreated": {"@SystemTime": "2018-06-08T18:14:05.608818100Z"}, "EventRecordID": "79", "Correlation": null, "Execution": {"@ProcessID": "1668", "@ThreadID": "1080"}, "Channel": "Microsoft-Windows-Sysmon/Operational", "Computer": "cuckoo", "Security": {"@UserID": "S-1-5-18"}}, "EventData": {"Data": [{"@Name": "UtcTime", "#text": "2018-06-08 18:14:05.557"}, {"@Name": "ProcessGuid", "#text": "{13287959-C76D-5B1A-0000-00107D310300}"}, {"@Name": "ProcessId", "#text": "2764"}, {"@Name": "Image", "#text": "C:\\Windows\\System32\\svchost.exe"}, {"@Name": "FileVersion", "#text": "6.1.7600.16385 (win7_rtm.090713-1255)"}, {"@Name": "Description", "#text": "Host Process for Windows Services"}, {"@Name": "Product", "#text": "Microsoft Windows Operating System"}, {"@Name": "Company", "#text": "Microsoft Corporation"}, {"@Name": "CommandLine", "#text": "C:\\Windows\\System32\\svchost.exe -k LocalServicePeerNet"}, {"@Name": "CurrentDirectory", "#text": "C:\\Windows\\system32\\"}, {"@Name": "User", "#text": "NT AUTHORITY\\LOCAL SERVICE"}, {"@Name": "LogonGuid", "#text": "{13287959-C763-5B1A-0000-0020E5030000}"}, {"@Name": "LogonId", "#text": "0x3e5"}, {"@Name": "TerminalSessionId", "#text": "0"}, {"@Name": "IntegrityLevel", "#text": "System"}, {"@Name": "Hashes", "#text": "MD5=54A47F6B5E09A77E61649109C6A08866,SHA256=121118A0F5E0E8C933EFD28C9901E54E42792619A8A3A6D11E1F0025A7324BC2"}, {"@Name": "ParentProcessGuid", "#text": "{13287959-C762-5B1A-0000-0010A6630000}"}, {"@Name": "ParentProcessId", "#text": "468"}, {"@Name": "ParentImage", "#text": "C:\\Windows\\System32\\services.exe"}, {"@Name": "ParentCommandLine", "#text": "C:\\Windows\\system32\\services.exe"}]}}, {"@xmlns": "http://schemas.microsoft.com/win/2004/08/events/event", "System": {"Provider": {"@Name": "Microsoft-Windows-Sysmon", "@Guid": "{5770385F-C22A-43E0-BF4C-06F5698FFBD9}"}, "EventID": "1", "Version": "5", "Level": "4", "Task": "1", "Opcode": "0", "Keywords": "0x8000000000000000", "TimeCreated": {"@SystemTime": "2018-06-08T18:14:08.714593000Z"}, "EventRecordID": "80", "Correlation": null, "Execution": {"@ProcessID": "1668", "@ThreadID": "1080"}, "Channel": "Microsoft-Windows-Sysmon/Operational", "Computer": "cuckoo", "Security": {"@UserID": "S-1-5-18"}}, "EventData": {"Data": [{"@Name": "UtcTime", "#text": "2018-06-08 18:14:08.714"}, {"@Name": "ProcessGuid", "#text": "{13287959-C770-5B1A-0000-0010A4740300}"}, {"@Name": "ProcessId", "#text": "2976"}, {"@Name": "Image", "#text": "C:\\Windows\\System32\\taskhost.exe"}, {"@Name": "FileVersion", "#text": "6.1.7600.16385 (win7_rtm.090713-1255)"}, {"@Name": "Description", "#text": "Host Process for Windows Tasks"}, {"@Name": "Product", "#text": "Microsoft Windows Operating System"}, {"@Name": "Company", "#text": "Microsoft Corporation"}, {"@Name": "CommandLine", "#text": "taskhost.exe SYSTEM"}, {"@Name": "CurrentDirectory", "#text": "C:\\Windows\\system32\\"}, {"@Name": "User", "#text": "NT AUTHORITY\\SYSTEM"}, {"@Name": "LogonGuid", "#text": "{13287959-C762-5B1A-0000-0020E7030000}"}, {"@Name": "LogonId", "#text": "0x3e7"}, {"@Name": "TerminalSessionId", "#text": "0"}, {"@Name": "IntegrityLevel", "#text": "System"}, {"@Name": "Hashes", "#text": "MD5=7FA8BA5A780E4757964AC9D4238302B9,SHA256=65E3D8CE737896647065103FBB4D58E6A34171D0A48662A832CFDAC3CF469701"}, {"@Name": "ParentProcessGuid", "#text": "{13287959-C762-5B1A-0000-0010A6630000}"}, {"@Name": "ParentProcessId", "#text": "468"}, {"@Name": "ParentImage", "#text": "C:\\Windows\\System32\\services.exe"}, {"@Name": "ParentCommandLine", "#text": "C:\\Windows\\system32\\services.exe"}]}}, {"@xmlns": "http://schemas.microsoft.com/win/2004/08/events/event", "System": {"Provider": {"@Name": "Microsoft-Windows-Sysmon", "@Guid": "{5770385F-C22A-43E0-BF4C-06F5698FFBD9}"}, "EventID": "13", "Version": "2", "Level": "4", "Task": "13", "Opcode": "0", "Keywords": "0x8000000000000000", "TimeCreated": {"@SystemTime": "2018-06-08T18:14:08.998186000Z"}, "EventRecordID": "81", "Correlation": null, "Execution": {"@ProcessID": "1668", "@ThreadID": "1080"}, "Channel": "Microsoft-Windows-Sysmon/Operational", "Computer": "cuckoo", "Security": {"@UserID": "S-1-5-18"}}, "EventData": {"Data": [{"@Name": "EventType", "#text": "SetValue"}, {"@Name": "UtcTime", "#text": "2018-06-08 18:14:08.979"}, {"@Name": "ProcessGuid", "#text": "{13287959-C76C-5B1A-0000-00101A020300}"}, {"@Name": "ProcessId", "#text": "2400"}, {"@Name": "Image", "#text": "C:\\Program Files\\Windows Media Player\\wmpnetwk.exe"}, {"@Name": "TargetObject", "#text": "HKLM\\SOFTWARE\\Microsoft\\Windows Media Player NSS\\3.0\\Servers\\C9B64A61-7F3D-4E6D-B565-C1C11A376BA8\\FriendlyName"}, {"@Name": "Details", "#text": "CUCKOO: cuckoo:"}]}}, {"@xmlns": "http://schemas.microsoft.com/win/2004/08/events/event", "System": {"Provider": {"@Name": "Microsoft-Windows-Sysmon", "@Guid": "{5770385F-C22A-43E0-BF4C-06F5698FFBD9}"}, "EventID": "1", "Version": "5", "Level": "4", "Task": "1", "Opcode": "0", "Keywords": "0x8000000000000000", "TimeCreated": {"@SystemTime": "2018-06-08T18:14:58.579624700Z"}, "EventRecordID": "82", "Correlation": null, "Execution": {"@ProcessID": "1668", "@ThreadID": "1080"}, "Channel": "Microsoft-Windows-Sysmon/Operational", "Computer": "cuckoo", "Security": {"@UserID": "S-1-5-18"}}, "EventData": {"Data": [{"@Name": "UtcTime", "#text": "2018-06-08 18:14:58.565"}, {"@Name": "ProcessGuid", "#text": "{13287959-C7A2-5B1A-0000-0010FDEB0300}"}, {"@Name": "ProcessId", "#text": "3432"}, {"@Name": "Image", "#text": "C:\\Windows\\explorer.exe"}, {"@Name": "FileVersion", "#text": "6.1.7600.16385 (win7_rtm.090713-1255)"}, {"@Name": "Description", "#text": "Windows Explorer"}, {"@Name": "Product", "#text": "Microsoft Windows Operating System"}, {"@Name": "Company", "#text": "Microsoft Corporation"}, {"@Name": "CommandLine", "#text": "\"C:\\Windows\\explorer.exe\""}, {"@Name": "CurrentDirectory", "#text": "C:\\Windows\\system32\\"}, {"@Name": "User", "#text": "cuckoo\\cuckoo"}, {"@Name": "LogonGuid", "#text": "{13287959-C764-5B1A-0000-0020B4030100}"}, {"@Name": "LogonId", "#text": "0x103b4"}, {"@Name": "TerminalSessionId", "#text": "1"}, {"@Name": "IntegrityLevel", "#text": "High"}, {"@Name": "Hashes", "#text": "MD5=40D777B7A95E00593EB1568C68514493,SHA256=0A8CE026714E03E72C619307BD598ADD5F9B639CFD91437CB8D9C847BF9F6894"}, {"@Name": "ParentProcessGuid", "#text": "{13287959-C764-5B1A-0000-0010E8200100}"}, {"@Name": "ParentProcessId", "#text": "1384"}, {"@Name": "ParentImage", "#text": "C:\\Windows\\explorer.exe"}, {"@Name": "ParentCommandLine", "#text": "C:\\Windows\\Explorer.EXE"}]}}, {"@xmlns": "http://schemas.microsoft.com/win/2004/08/events/event", "System": {"Provider": {"@Name": "Microsoft-Windows-Sysmon", "@Guid": "{5770385F-C22A-43E0-BF4C-06F5698FFBD9}"}, "EventID": "1", "Version": "5", "Level": "4", "Task": "1", "Opcode": "0", "Keywords": "0x8000000000000000", "TimeCreated": {"@SystemTime": "2018-06-08T18:15:11.863233400Z"}, "EventRecordID": "83", "Correlation": null, "Execution": {"@ProcessID": "1668", "@ThreadID": "1080"}, "Channel": "Microsoft-Windows-Sysmon/Operational", "Computer": "cuckoo", "Security": {"@UserID": "S-1-5-18"}}, "EventData": {"Data": [{"@Name": "UtcTime", "#text": "2018-06-08 18:15:11.848"}, {"@Name": "ProcessGuid", "#text": "{13287959-C7AF-5B1A-0000-0010EF730400}"}, {"@Name": "ProcessId", "#text": "3704"}, {"@Name": "Image", "#text": "C:\\Windows\\System32\\control.exe"}, {"@Name": "FileVersion", "#text": "6.1.7600.16385 (win7_rtm.090713-1255)"}, {"@Name": "Description", "#text": "Windows Control Panel"}, {"@Name": "Product", "#text": "Microsoft Windows Operating System"}, {"@Name": "Company", "#text": "Microsoft Corporation"}, {"@Name": "CommandLine", "#text": "\"C:\\Windows\\System32\\control.exe\" SYSTEM"}, {"@Name": "CurrentDirectory", "#text": "C:\\Windows\\system32\\"}, {"@Name": "User", "#text": "cuckoo\\cuckoo"}, {"@Name": "LogonGuid", "#text": "{13287959-C764-5B1A-0000-0020B4030100}"}, {"@Name": "LogonId", "#text": "0x103b4"}, {"@Name": "TerminalSessionId", "#text": "1"}, {"@Name": "IntegrityLevel", "#text": "High"}, {"@Name": "Hashes", "#text": "MD5=9130377F87A2153FEAB900A00EA1EBFF,SHA256=9678F973DDB06F3F77CDDFE8C9F3152BEB87AEF5EF048B36966A2BE787F5AD70"}, {"@Name": "ParentProcessGuid", "#text": "{13287959-C764-5B1A-0000-0010E8200100}"}, {"@Name": "ParentProcessId", "#text": "1384"}, {"@Name": "ParentImage", "#text": "C:\\Windows\\explorer.exe"}, {"@Name": "ParentCommandLine", "#text": "C:\\Windows\\Explorer.EXE"}]}}, {"@xmlns": "http://schemas.microsoft.com/win/2004/08/events/event", "System": {"Provider": {"@Name": "Microsoft-Windows-Sysmon", "@Guid": "{5770385F-C22A-43E0-BF4C-06F5698FFBD9}"}, "EventID": "1", "Version": "5", "Level": "4", "Task": "1", "Opcode": "0", "Keywords": "0x8000000000000000", "TimeCreated": {"@SystemTime": "2018-06-08T18:15:14.402806600Z"}, "EventRecordID": "84", "Correlation": null, "Execution": {"@ProcessID": "1668", "@ThreadID": "1080"}, "Channel": "Microsoft-Windows-Sysmon/Operational", "Computer": "cuckoo", "Security": {"@UserID": "S-1-5-18"}}, "EventData": {"Data": [{"@Name": "UtcTime", "#text": "2018-06-08 18:15:14.369"}, {"@Name": "ProcessGuid", "#text": "{13287959-C7B2-5B1A-0000-001082BB0400}"}, {"@Name": "ProcessId", "#text": "3880"}, {"@Name": "Image", "#text": "C:\\Windows\\System32\\SystemPropertiesAdvanced.exe"}, {"@Name": "FileVersion", "#text": "6.1.7600.16385 (win7_rtm.090713-1255)"}, {"@Name": "Description", "#text": "Advanced System Settings"}, {"@Name": "Product", "#text": "Microsoft Windows Operating System"}, {"@Name": "Company", "#text": "Microsoft Corporation"}, {"@Name": "CommandLine", "#text": "\"C:\\Windows\\system32\\systempropertiesadvanced.exe\""}, {"@Name": "CurrentDirectory", "#text": "C:\\Windows\\system32\\"}, {"@Name": "User", "#text": "cuckoo\\cuckoo"}, {"@Name": "LogonGuid", "#text": "{13287959-C764-5B1A-0000-0020B4030100}"}, {"@Name": "LogonId", "#text": "0x103b4"}, {"@Name": "TerminalSessionId", "#text": "1"}, {"@Name": "IntegrityLevel", "#text": "High"}, {"@Name": "Hashes", "#text": "MD5=976D873B005E11C5F61CAE5EFCB955A1,SHA256=86015375077C41F108315BC645E18AAB8385156E48963ACFE37DD667BFDAB6DC"}, {"@Name": "ParentProcessGuid", "#text": "{13287959-C764-5B1A-0000-0010E8200100}"}, {"@Name": "ParentProcessId", "#text": "1384"}, {"@Name": "ParentImage", "#text": "C:\\Windows\\explorer.exe"}, {"@Name": "ParentCommandLine", "#text": "C:\\Windows\\Explorer.EXE"}]}}, {"@xmlns": "http://schemas.microsoft.com/win/2004/08/events/event", "System": {"Provider": {"@Name": "Microsoft-Windows-Sysmon", "@Guid": "{5770385F-C22A-43E0-BF4C-06F5698FFBD9}"}, "EventID": "1", "Version": "5", "Level": "4", "Task": "1", "Opcode": "0", "Keywords": "0x8000000000000000", "TimeCreated": {"@SystemTime": "2018-06-08T18:16:20.979831300Z"}, "EventRecordID": "85", "Correlation": null, "Execution": {"@ProcessID": "1668", "@ThreadID": "1080"}, "Channel": "Microsoft-Windows-Sysmon/Operational", "Computer": "cuckoo", "Security": {"@UserID": "S-1-5-18"}}, "EventData": {"Data": [{"@Name": "UtcTime", "#text": "2018-06-08 18:16:20.979"}, {"@Name": "ProcessGuid", "#text": "{13287959-C7F4-5B1A-0000-0010B4580500}"}, {"@Name": "ProcessId", "#text": "2424"}, {"@Name": "Image", "#text": "C:\\Windows\\System32\\cmd.exe"}, {"@Name": "FileVersion", "#text": "6.1.7601.17514 (win7sp1_rtm.101119-1850)"}, {"@Name": "Description", "#text": "Windows Command Processor"}, {"@Name": "Product", "#text": "Microsoft Windows Operating System"}, {"@Name": "Company", "#text": "Microsoft Corporation"}, {"@Name": "CommandLine", "#text": "\"C:\\Windows\\system32\\cmd.exe\""}, {"@Name": "CurrentDirectory", "#text": "C:\\Users\\cuckoo\\"}, {"@Name": "User", "#text": "cuckoo\\cuckoo"}, {"@Name": "LogonGuid", "#text": "{13287959-C764-5B1A-0000-0020B4030100}"}, {"@Name": "LogonId", "#text": "0x103b4"}, {"@Name": "TerminalSessionId", "#text": "1"}, {"@Name": "IntegrityLevel", "#text": "High"}, {"@Name": "Hashes", "#text": "MD5=AD7B9C14083B52BC532FBA5948342B98,SHA256=17F746D82695FA9B35493B41859D39D786D32B23A9D2E00F4011DEC7A02402AE"}, {"@Name": "ParentProcessGuid", "#text": "{13287959-C764-5B1A-0000-0010E8200100}"}, {"@Name": "ParentProcessId", "#text": "1384"}, {"@Name": "ParentImage", "#text": "C:\\Windows\\explorer.exe"}, {"@Name": "ParentCommandLine", "#text": "C:\\Windows\\Explorer.EXE"}]}}, {"@xmlns": "http://schemas.microsoft.com/win/2004/08/events/event", "System": {"Provider": {"@Name": "Microsoft-Windows-Sysmon", "@Guid": "{5770385F-C22A-43E0-BF4C-06F5698FFBD9}"}, "EventID": "1", "Version": "5", "Level": "4", "Task": "1", "Opcode": "0", "Keywords": "0x8000000000000000", "TimeCreated": {"@SystemTime": "2018-06-08T18:16:25.187274600Z"}, "EventRecordID": "86", "Correlation": null, "Execution": {"@ProcessID": "1668", "@ThreadID": "1080"}, "Channel": "Microsoft-Windows-Sysmon/Operational", "Computer": "cuckoo", "Security": {"@UserID": "S-1-5-18"}}, "EventData": {"Data": [{"@Name": "UtcTime", "#text": "2018-06-08 18:16:25.147"}, {"@Name": "ProcessGuid", "#text": "{13287959-C7F9-5B1A-0000-0010405D0500}"}, {"@Name": "ProcessId", "#text": "2348"}, {"@Name": "Image", "#text": "C:\\Python27\\python.exe"}, {"@Name": "FileVersion", "#text": "?"}, {"@Name": "Description", "#text": "?"}, {"@Name": "Product", "#text": "?"}, {"@Name": "Company", "#text": "?"}, {"@Name": "CommandLine", "#text": "python  agent.py"}, {"@Name": "CurrentDirectory", "#text": "C:\\Users\\cuckoo\\"}, {"@Name": "User", "#text": "cuckoo\\cuckoo"}, {"@Name": "LogonGuid", "#text": "{13287959-C764-5B1A-0000-0020B4030100}"}, {"@Name": "LogonId", "#text": "0x103b4"}, {"@Name": "TerminalSessionId", "#text": "1"}, {"@Name": "IntegrityLevel", "#text": "High"}, {"@Name": "Hashes", "#text": "MD5=116D1368A7FC6AB6B09BDE40E921A44E,SHA256=27FD603BFBFEBEB1074AC6335C6E030D086F5BFF685B03F377640150A1C90FC0"}, {"@Name": "ParentProcessGuid", "#text": "{13287959-C7F4-5B1A-0000-0010B4580500}"}, {"@Name": "ParentProcessId", "#text": "2424"}, {"@Name": "ParentImage", "#text": "C:\\Windows\\System32\\cmd.exe"}, {"@Name": "ParentCommandLine", "#text": "\"C:\\Windows\\system32\\cmd.exe\""}]}}, {"@xmlns": "http://schemas.microsoft.com/win/2004/08/events/event", "System": {"Provider": {"@Name": "Microsoft-Windows-Sysmon", "@Guid": "{5770385F-C22A-43E0-BF4C-06F5698FFBD9}"}, "EventID": "1", "Version": "5", "Level": "4", "Task": "1", "Opcode": "0", "Keywords": "0x8000000000000000", "TimeCreated": {"@SystemTime": "2018-06-08T18:17:03.885466800Z"}, "EventRecordID": "87", "Correlation": null, "Execution": {"@ProcessID": "1668", "@ThreadID": "1080"}, "Channel": "Microsoft-Windows-Sysmon/Operational", "Computer": "cuckoo", "Security": {"@UserID": "S-1-5-18"}}, "EventData": {"Data": [{"@Name": "UtcTime", "#text": "2018-06-08 18:17:03.885"}, {"@Name": "ProcessGuid", "#text": "{13287959-C81F-5B1A-0000-00108FB50E00}"}, {"@Name": "ProcessId", "#text": "3576"}, {"@Name": "Image", "#text": "C:\\Python27\\python.exe"}, {"@Name": "FileVersion", "#text": "?"}, {"@Name": "Description", "#text": "?"}, {"@Name": "Product", "#text": "?"}, {"@Name": "Company", "#text": "?"}, {"@Name": "CommandLine", "#text": "\"C:\\Python27\\python.exe\" \"C:\\Users\\cuckoo\\AppData\\Roaming\\Microsoft\\Windows\\Start Menu\\Programs\\Startup\\agent.py\""}, {"@Name": "CurrentDirectory", "#text": "C:\\Windows\\system32\\"}, {"@Name": "User", "#text": "cuckoo\\cuckoo"}, {"@Name": "LogonGuid", "#text": "{13287959-C764-5B1A-0000-0020B4030100}"}, {"@Name": "LogonId", "#text": "0x103b4"}, {"@Name": "TerminalSessionId", "#text": "1"}, {"@Name": "IntegrityLevel", "#text": "High"}, {"@Name": "Hashes", "#text": "MD5=116D1368A7FC6AB6B09BDE40E921A44E,SHA256=27FD603BFBFEBEB1074AC6335C6E030D086F5BFF685B03F377640150A1C90FC0"}, {"@Name": "ParentProcessGuid", "#text": "{13287959-C764-5B1A-0000-0010E8200100}"}, {"@Name": "ParentProcessId", "#text": "1384"}, {"@Name": "ParentImage", "#text": "C:\\Windows\\explorer.exe"}, {"@Name": "ParentCommandLine", "#text": "C:\\Windows\\Explorer.EXE"}]}}, {"@xmlns": "http://schemas.microsoft.com/win/2004/08/events/event", "System": {"Provider": {"@Name": "Microsoft-Windows-Sysmon", "@Guid": "{5770385F-C22A-43E0-BF4C-06F5698FFBD9}"}, "EventID": "13", "Version": "2", "Level": "4", "Task": "13", "Opcode": "0", "Keywords": "0x8000000000000000", "TimeCreated": {"@SystemTime": "2018-06-08T18:17:03.902738000Z"}, "EventRecordID": "88", "Correlation": null, "Execution": {"@ProcessID": "1668", "@ThreadID": "1080"}, "Channel": "Microsoft-Windows-Sysmon/Operational", "Computer": "cuckoo", "Security": {"@UserID": "S-1-5-18"}}, "EventData": {"Data": [{"@Name": "EventType", "#text": "SetValue"}, {"@Name": "UtcTime", "#text": "2018-06-08 18:17:03.885"}, {"@Name": "ProcessGuid", "#text": "{13287959-C764-5B1A-0000-0010E8200100}"}, {"@Name": "ProcessId", "#text": "1384"}, {"@Name": "Image", "#text": "C:\\Windows\\Explorer.EXE"}, {"@Name": "TargetObject", "#text": "HKU\\S-1-5-21-1295059519-2062926601-2140688579-1001\\Software\\Microsoft\\Windows\\CurrentVersion\\Explorer\\FileExts\\.py\\OpenWithList\\a"}, {"@Name": "Details", "#text": "python.exe"}]}}, 